TN:
SF:hsm0-executor/src/lib.rs
FN:203,<hsm0_executor::Executor<hsm0_executor::test::test_3s_one_cycle::StateMachine, hsm0_executor::test::test_3s_one_cycle::NoMessages>>::initialize_states_children
FN:97,<hsm0_executor::Executor<hsm0_executor::test::test_sm_2s_no_enter_no_exit::StateMachine, hsm0_executor::test::test_sm_2s_no_enter_no_exit::Message>>::initialize
FN:97,<hsm0_executor::Executor<hsm0_executor::test::test_leaf_transitions_between_trees::StateMachine, hsm0_executor::test::test_leaf_transitions_between_trees::NoMessages>>::initialize
FN:230,<hsm0_executor::Executor<hsm0_executor::test::test_sm_1s_enter_no_exit::StateMachine, hsm0_executor::test::test_sm_1s_enter_no_exit::Message>>::get_state_process_cnt
FN:238,<hsm0_executor::Executor<hsm0_executor::test::test_sm_2s_invalid_transition::StateMachine, hsm0_executor::test::test_sm_2s_invalid_transition::NoMessages>>::setup_exit_enter_fns_idxs
FN:223,<hsm0_executor::Executor<hsm0_executor::test::test_sm_out_of_bounds_invalid_transition::StateMachine, hsm0_executor::test::test_sm_out_of_bounds_invalid_transition::NoMessages>>::get_sm
FN:196,<hsm0_executor::Executor<hsm0_executor::test::test_sm_1s_no_enter_no_exit::StateMachine, hsm0_executor::test::test_sm_1s_no_enter_no_exit::NoMessages>>::initialize_children
FN:203,<hsm0_executor::Executor<hsm0_executor::test::test_sm_invalid_initial_state::StateMachine, hsm0_executor::test::test_sm_invalid_initial_state::NoMessages>>::initialize_states_children
FN:196,<hsm0_executor::Executor<hsm0_executor::test::test_sm_1h_2s_not_handled_no_enter_no_exit::StateMachine, hsm0_executor::test::test_sm_1h_2s_not_handled_no_enter_no_exit::Message>>::initialize_children
FN:223,<hsm0_executor::Executor<hsm0_executor::test::test_leaf_transitions_in_a_tree::StateMachine, hsm0_executor::test::test_leaf_transitions_in_a_tree::NoMessages>>::get_sm
FN:203,<hsm0_executor::Executor<hsm0_executor::test::test_leaf_transitions_between_trees::StateMachine, hsm0_executor::test::test_leaf_transitions_between_trees::NoMessages>>::initialize_states_children
FN:88,<hsm0_executor::Executor<hsm0_executor::test::test_sm_1s_get_names::StateMachine, hsm0_executor::test::test_sm_1s_get_names::NoMessages>>::state
FN:1,hsm0_executor::main
FN:196,<hsm0_executor::Executor<hsm0_executor::test::test_sm_invalid_initial_state::StateMachine, hsm0_executor::test::test_sm_invalid_initial_state::NoMessages>>::initialize_children
FN:73,<hsm0_executor::Executor<hsm0_executor::test::test_sm_invalid_initial_state::StateMachine, hsm0_executor::test::test_sm_invalid_initial_state::NoMessages>>::new
FN:227,<hsm0_executor::Executor<hsm0_executor::test::test_sm_2s_no_enter_no_exit::StateMachine, hsm0_executor::test::test_sm_2s_no_enter_no_exit::Message>>::get_state_enter_cnt
FN:97,<hsm0_executor::Executor<hsm0_executor::test::test_sm_2s_get_names::StateMachine, hsm0_executor::test::test_sm_2s_get_names::NoMessages>>::initialize
FN:219,<hsm0_executor::Executor<hsm0_executor::test::test_sm_1s_get_names::StateMachine, hsm0_executor::test::test_sm_1s_get_names::NoMessages>>::get_current_state_name
FN:203,<hsm0_executor::Executor<hsm0_executor::test::test_sm_1h_2s_not_handled_no_enter_no_exit::StateMachine, hsm0_executor::test::test_sm_1h_2s_not_handled_no_enter_no_exit::Message>>::initialize_states_children
FN:234,<hsm0_executor::Executor<hsm0_executor::test::test_leaf_transitions_between_trees::StateMachine, hsm0_executor::test::test_leaf_transitions_between_trees::NoMessages>>::get_state_exit_cnt
FN:73,<hsm0_executor::Executor<hsm0_executor::test::test_2s_cycle::StateMachine, hsm0_executor::test::test_2s_cycle::NoMessages>>::new
FN:223,<hsm0_executor::Executor<hsm0_executor::test::test_sm_2s_get_names::StateMachine, hsm0_executor::test::test_sm_2s_get_names::NoMessages>>::get_sm
FN:88,<hsm0_executor::Executor<hsm0_executor::test::test_sm_2s_no_enter_no_exit::StateMachine, hsm0_executor::test::test_sm_2s_no_enter_no_exit::Message>>::state
FN:196,<hsm0_executor::Executor<hsm0_executor::test::test_sm_2s_no_enter_no_exit::StateMachine, hsm0_executor::test::test_sm_2s_no_enter_no_exit::Message>>::initialize_children
FN:154,<hsm0_executor::Executor<hsm0_executor::test::test_sm_1h_2s_not_handled_no_enter_no_exit::StateMachine, hsm0_executor::test::test_sm_1h_2s_not_handled_no_enter_no_exit::Message>>::cycle_detector
FN:203,<hsm0_executor::Executor<hsm0_executor::test::test_1s_cycle::StateMachine, hsm0_executor::test::test_1s_cycle::NoMessages>>::initialize_states_children
FN:196,<hsm0_executor::Executor<hsm0_executor::test::test_sm_1s_get_names::StateMachine, hsm0_executor::test::test_sm_1s_get_names::NoMessages>>::initialize_children
FN:474,hsm0_executor::test::test_sm_2s_get_names::{closure#0}
FN:234,<hsm0_executor::Executor<hsm0_executor::test::test_sm_1s_no_enter_no_exit::StateMachine, hsm0_executor::test::test_sm_1s_no_enter_no_exit::NoMessages>>::get_state_exit_cnt
FN:97,<hsm0_executor::Executor<hsm0_executor::test::test_sm_2s_invalid_transition::StateMachine, hsm0_executor::test::test_sm_2s_invalid_transition::NoMessages>>::initialize
FN:234,<hsm0_executor::Executor<hsm0_executor::test::test_sm_2s_no_enter_no_exit::StateMachine, hsm0_executor::test::test_sm_2s_no_enter_no_exit::Message>>::get_state_exit_cnt
FN:1316,hsm0_executor::test::test_1s_cycle::{closure#0}
FN:196,<hsm0_executor::Executor<hsm0_executor::test::test_1s_cycle::StateMachine, hsm0_executor::test::test_1s_cycle::NoMessages>>::initialize_children
FN:223,<hsm0_executor::Executor<hsm0_executor::test::test_leaf_transitions_between_trees::StateMachine, hsm0_executor::test::test_leaf_transitions_between_trees::NoMessages>>::get_sm
FN:354,<hsm0_executor::Executor<hsm0_executor::test::test_sm_2s_no_enter_no_exit::StateMachine, hsm0_executor::test::test_sm_2s_no_enter_no_exit::Message>>::dispatch
FN:154,<hsm0_executor::Executor<hsm0_executor::test::test_2s_cycle::StateMachine, hsm0_executor::test::test_2s_cycle::NoMessages>>::cycle_detector
FN:30,<hsm0_executor::StateInfo<hsm0_executor::test::test_sm_out_of_bounds_invalid_transition::StateMachine, hsm0_executor::test::test_sm_out_of_bounds_invalid_transition::NoMessages>>::new
FN:97,<hsm0_executor::Executor<hsm0_executor::test::test_2s_one_self_cycle::StateMachine, hsm0_executor::test::test_2s_one_self_cycle::NoMessages>>::initialize
FN:234,<hsm0_executor::Executor<hsm0_executor::test::test_sm_1s_enter_no_exit::StateMachine, hsm0_executor::test::test_sm_1s_enter_no_exit::Message>>::get_state_exit_cnt
FN:354,<hsm0_executor::Executor<hsm0_executor::test::test_sm_1s_enter_no_exit::StateMachine, hsm0_executor::test::test_sm_1s_enter_no_exit::Message>>::dispatch
FN:30,<hsm0_executor::StateInfo<hsm0_executor::test::test_3s_one_cycle::StateMachine, hsm0_executor::test::test_3s_one_cycle::NoMessages>>::new
FN:203,<hsm0_executor::Executor<hsm0_executor::test::test_sm_1s_no_enter_no_exit::StateMachine, hsm0_executor::test::test_sm_1s_no_enter_no_exit::NoMessages>>::initialize_states_children
FN:578,hsm0_executor::test::test_sm_invalid_initial_state::{closure#0}
FN:234,<hsm0_executor::Executor<hsm0_executor::test::test_sm_out_of_bounds_initial_transition::StateMachine, hsm0_executor::test::test_sm_out_of_bounds_initial_transition::NoMessages>>::get_state_exit_cnt
FN:203,<hsm0_executor::Executor<hsm0_executor::test::test_sm_out_of_bounds_initial_transition::StateMachine, hsm0_executor::test::test_sm_out_of_bounds_initial_transition::NoMessages>>::initialize_states_children
FN:30,<hsm0_executor::StateInfo<hsm0_executor::test::test_sm_2s_get_names::StateMachine, hsm0_executor::test::test_sm_2s_get_names::NoMessages>>::new
FN:238,<hsm0_executor::Executor<hsm0_executor::test::test_sm_2s_no_enter_no_exit::StateMachine, hsm0_executor::test::test_sm_2s_no_enter_no_exit::Message>>::setup_exit_enter_fns_idxs
FN:227,<hsm0_executor::Executor<hsm0_executor::test::test_sm_1h_2s_not_handled_no_enter_no_exit::StateMachine, hsm0_executor::test::test_sm_1h_2s_not_handled_no_enter_no_exit::Message>>::get_state_enter_cnt
FN:73,<hsm0_executor::Executor<hsm0_executor::test::test_sm_2s_invalid_transition::StateMachine, hsm0_executor::test::test_sm_2s_invalid_transition::NoMessages>>::new
FN:73,<hsm0_executor::Executor<hsm0_executor::test::test_5s_long_cycle::StateMachine, hsm0_executor::test::test_5s_long_cycle::NoMessages>>::new
FN:97,<hsm0_executor::Executor<hsm0_executor::test::test_sm_1s_no_enter_no_exit::StateMachine, hsm0_executor::test::test_sm_1s_no_enter_no_exit::NoMessages>>::initialize
FN:878,hsm0_executor::test::test_sm_1h_2s_not_handled_no_enter_no_exit::{closure#0}
FN:238,<hsm0_executor::Executor<hsm0_executor::test::test_leaf_transitions_between_trees::StateMachine, hsm0_executor::test::test_leaf_transitions_between_trees::NoMessages>>::setup_exit_enter_fns_idxs
FN:1556,hsm0_executor::test::test_5s_long_cycle::{closure#0}
FN:154,<hsm0_executor::Executor<hsm0_executor::test::test_sm_invalid_initial_state::StateMachine, hsm0_executor::test::test_sm_invalid_initial_state::NoMessages>>::cycle_detector
FN:354,<hsm0_executor::Executor<hsm0_executor::test::test_leaf_transitions_in_a_tree::StateMachine, hsm0_executor::test::test_leaf_transitions_in_a_tree::NoMessages>>::dispatch
FN:30,<hsm0_executor::StateInfo<hsm0_executor::test::test_sm_1h_2s_not_handled_no_enter_no_exit::StateMachine, hsm0_executor::test::test_sm_1h_2s_not_handled_no_enter_no_exit::Message>>::new
FN:234,<hsm0_executor::Executor<hsm0_executor::test::test_leaf_transitions_in_a_tree::StateMachine, hsm0_executor::test::test_leaf_transitions_in_a_tree::NoMessages>>::get_state_exit_cnt
FN:73,<hsm0_executor::Executor<hsm0_executor::test::test_2s_one_self_cycle::StateMachine, hsm0_executor::test::test_2s_one_self_cycle::NoMessages>>::new
FN:88,<hsm0_executor::Executor<hsm0_executor::test::test_leaf_transitions_in_a_tree::StateMachine, hsm0_executor::test::test_leaf_transitions_in_a_tree::NoMessages>>::state
FN:196,<hsm0_executor::Executor<hsm0_executor::test::test_leaf_transitions_in_a_tree::StateMachine, hsm0_executor::test::test_leaf_transitions_in_a_tree::NoMessages>>::initialize_children
FN:73,<hsm0_executor::Executor<hsm0_executor::test::test_sm_1s_no_enter_no_exit::StateMachine, hsm0_executor::test::test_sm_1s_no_enter_no_exit::NoMessages>>::new
FN:30,<hsm0_executor::StateInfo<hsm0_executor::test::test_sm_invalid_initial_state::StateMachine, hsm0_executor::test::test_sm_invalid_initial_state::NoMessages>>::new
FN:288,<hsm0_executor::Executor<hsm0_executor::test::test_sm_out_of_bounds_initial_transition::StateMachine, hsm0_executor::test::test_sm_out_of_bounds_initial_transition::NoMessages>>::dispatch_idx
FN:223,<hsm0_executor::Executor<hsm0_executor::test::test_sm_2s_invalid_transition::StateMachine, hsm0_executor::test::test_sm_2s_invalid_transition::NoMessages>>::get_sm
FN:230,<hsm0_executor::Executor<hsm0_executor::test::test_sm_out_of_bounds_invalid_transition::StateMachine, hsm0_executor::test::test_sm_out_of_bounds_invalid_transition::NoMessages>>::get_state_process_cnt
FN:223,<hsm0_executor::Executor<hsm0_executor::test::test_sm_1s_enter_no_exit::StateMachine, hsm0_executor::test::test_sm_1s_enter_no_exit::Message>>::get_sm
FN:960,hsm0_executor::test::test_leaf_transitions_in_a_tree::{closure#0}
FN:288,<hsm0_executor::Executor<hsm0_executor::test::test_sm_out_of_bounds_invalid_transition::StateMachine, hsm0_executor::test::test_sm_out_of_bounds_invalid_transition::NoMessages>>::dispatch_idx
FN:203,<hsm0_executor::Executor<hsm0_executor::test::test_sm_2s_invalid_transition::StateMachine, hsm0_executor::test::test_sm_2s_invalid_transition::NoMessages>>::initialize_states_children
FN:196,<hsm0_executor::Executor<hsm0_executor::test::test_leaf_transitions_between_trees::StateMachine, hsm0_executor::test::test_leaf_transitions_between_trees::NoMessages>>::initialize_children
FN:73,<hsm0_executor::Executor<hsm0_executor::test::test_leaf_transitions_between_trees::StateMachine, hsm0_executor::test::test_leaf_transitions_between_trees::NoMessages>>::new
FN:223,<hsm0_executor::Executor<hsm0_executor::test::test_sm_2s_no_enter_no_exit::StateMachine, hsm0_executor::test::test_sm_2s_no_enter_no_exit::Message>>::get_sm
FN:30,<hsm0_executor::StateInfo<hsm0_executor::test::test_2s_one_self_cycle::StateMachine, hsm0_executor::test::test_2s_one_self_cycle::NoMessages>>::new
FN:223,<hsm0_executor::Executor<hsm0_executor::test::test_sm_1s_get_names::StateMachine, hsm0_executor::test::test_sm_1s_get_names::NoMessages>>::get_sm
FN:154,<hsm0_executor::Executor<hsm0_executor::test::test_leaf_transitions_between_trees::StateMachine, hsm0_executor::test::test_leaf_transitions_between_trees::NoMessages>>::cycle_detector
FN:88,<hsm0_executor::Executor<hsm0_executor::test::test_5s_long_cycle::StateMachine, hsm0_executor::test::test_5s_long_cycle::NoMessages>>::state
FN:1366,hsm0_executor::test::test_2s_one_self_cycle::{closure#0}
FN:88,<hsm0_executor::Executor<hsm0_executor::test::test_sm_1h_2s_not_handled_no_enter_no_exit::StateMachine, hsm0_executor::test::test_sm_1h_2s_not_handled_no_enter_no_exit::Message>>::state
FN:215,<hsm0_executor::Executor<hsm0_executor::test::test_sm_2s_get_names::StateMachine, hsm0_executor::test::test_sm_2s_get_names::NoMessages>>::get_state_name
FN:88,<hsm0_executor::Executor<hsm0_executor::test::test_1s_cycle::StateMachine, hsm0_executor::test::test_1s_cycle::NoMessages>>::state
FN:227,<hsm0_executor::Executor<hsm0_executor::test::test_leaf_transitions_in_a_tree::StateMachine, hsm0_executor::test::test_leaf_transitions_in_a_tree::NoMessages>>::get_state_enter_cnt
FN:238,<hsm0_executor::Executor<hsm0_executor::test::test_sm_2s_get_names::StateMachine, hsm0_executor::test::test_sm_2s_get_names::NoMessages>>::setup_exit_enter_fns_idxs
FN:234,<hsm0_executor::Executor<hsm0_executor::test::test_sm_out_of_bounds_invalid_transition::StateMachine, hsm0_executor::test::test_sm_out_of_bounds_invalid_transition::NoMessages>>::get_state_exit_cnt
FN:73,<hsm0_executor::Executor<hsm0_executor::test::test_sm_1s_enter_no_exit::StateMachine, hsm0_executor::test::test_sm_1s_enter_no_exit::Message>>::new
FN:223,<hsm0_executor::Executor<hsm0_executor::test::test_sm_out_of_bounds_initial_transition::StateMachine, hsm0_executor::test::test_sm_out_of_bounds_initial_transition::NoMessages>>::get_sm
FN:30,<hsm0_executor::StateInfo<hsm0_executor::test::test_leaf_transitions_between_trees::StateMachine, hsm0_executor::test::test_leaf_transitions_between_trees::NoMessages>>::new
FN:288,<hsm0_executor::Executor<hsm0_executor::test::test_sm_2s_no_enter_no_exit::StateMachine, hsm0_executor::test::test_sm_2s_no_enter_no_exit::Message>>::dispatch_idx
FN:230,<hsm0_executor::Executor<hsm0_executor::test::test_leaf_transitions_in_a_tree::StateMachine, hsm0_executor::test::test_leaf_transitions_in_a_tree::NoMessages>>::get_state_process_cnt
FN:1015,<hsm0_executor::test::test_leaf_transitions_in_a_tree::StateMachine>::base_enter
FN:230,<hsm0_executor::Executor<hsm0_executor::test::test_sm_2s_invalid_transition::StateMachine, hsm0_executor::test::test_sm_2s_invalid_transition::NoMessages>>::get_state_process_cnt
FN:288,<hsm0_executor::Executor<hsm0_executor::test::test_leaf_transitions_between_trees::StateMachine, hsm0_executor::test::test_leaf_transitions_between_trees::NoMessages>>::dispatch_idx
FN:288,<hsm0_executor::Executor<hsm0_executor::test::test_sm_2s_get_names::StateMachine, hsm0_executor::test::test_sm_2s_get_names::NoMessages>>::dispatch_idx
FN:30,<hsm0_executor::StateInfo<hsm0_executor::test::test_sm_1s_no_enter_no_exit::StateMachine, hsm0_executor::test::test_sm_1s_no_enter_no_exit::NoMessages>>::new
FN:227,<hsm0_executor::Executor<hsm0_executor::test::test_sm_2s_invalid_transition::StateMachine, hsm0_executor::test::test_sm_2s_invalid_transition::NoMessages>>::get_state_enter_cnt
FN:88,<hsm0_executor::Executor<hsm0_executor::test::test_sm_2s_invalid_transition::StateMachine, hsm0_executor::test::test_sm_2s_invalid_transition::NoMessages>>::state
FN:354,<hsm0_executor::Executor<hsm0_executor::test::test_sm_out_of_bounds_invalid_transition::StateMachine, hsm0_executor::test::test_sm_out_of_bounds_invalid_transition::NoMessages>>::dispatch
FN:154,<hsm0_executor::Executor<hsm0_executor::test::test_sm_1s_get_names::StateMachine, hsm0_executor::test::test_sm_1s_get_names::NoMessages>>::cycle_detector
FN:88,<hsm0_executor::Executor<hsm0_executor::test::test_3s_one_cycle::StateMachine, hsm0_executor::test::test_3s_one_cycle::NoMessages>>::state
FN:97,<hsm0_executor::Executor<hsm0_executor::test::test_sm_1h_2s_not_handled_no_enter_no_exit::StateMachine, hsm0_executor::test::test_sm_1h_2s_not_handled_no_enter_no_exit::Message>>::initialize
FN:203,<hsm0_executor::Executor<hsm0_executor::test::test_2s_one_self_cycle::StateMachine, hsm0_executor::test::test_2s_one_self_cycle::NoMessages>>::initialize_states_children
FN:154,<hsm0_executor::Executor<hsm0_executor::test::test_5s_long_cycle::StateMachine, hsm0_executor::test::test_5s_long_cycle::NoMessages>>::cycle_detector
FN:422,hsm0_executor::test::test_sm_1s_get_names::{closure#0}
FN:97,<hsm0_executor::Executor<hsm0_executor::test::test_leaf_transitions_in_a_tree::StateMachine, hsm0_executor::test::test_leaf_transitions_in_a_tree::NoMessages>>::initialize
FN:73,<hsm0_executor::Executor<hsm0_executor::test::test_sm_out_of_bounds_initial_transition::StateMachine, hsm0_executor::test::test_sm_out_of_bounds_initial_transition::NoMessages>>::new
FN:203,<hsm0_executor::Executor<hsm0_executor::test::test_2s_cycle::StateMachine, hsm0_executor::test::test_2s_cycle::NoMessages>>::initialize_states_children
FN:354,<hsm0_executor::Executor<hsm0_executor::test::test_sm_2s_get_names::StateMachine, hsm0_executor::test::test_sm_2s_get_names::NoMessages>>::dispatch
FN:800,hsm0_executor::test::test_sm_2s_no_enter_no_exit::{closure#0}
FN:354,<hsm0_executor::Executor<hsm0_executor::test::test_sm_2s_invalid_transition::StateMachine, hsm0_executor::test::test_sm_2s_invalid_transition::NoMessages>>::dispatch
FN:230,<hsm0_executor::Executor<hsm0_executor::test::test_sm_1s_no_enter_no_exit::StateMachine, hsm0_executor::test::test_sm_1s_no_enter_no_exit::NoMessages>>::get_state_process_cnt
FN:30,<hsm0_executor::StateInfo<hsm0_executor::test::test_5s_long_cycle::StateMachine, hsm0_executor::test::test_5s_long_cycle::NoMessages>>::new
FN:203,<hsm0_executor::Executor<hsm0_executor::test::test_sm_1s_get_names::StateMachine, hsm0_executor::test::test_sm_1s_get_names::NoMessages>>::initialize_states_children
FN:203,<hsm0_executor::Executor<hsm0_executor::test::test_sm_2s_no_enter_no_exit::StateMachine, hsm0_executor::test::test_sm_2s_no_enter_no_exit::Message>>::initialize_states_children
FN:288,<hsm0_executor::Executor<hsm0_executor::test::test_sm_1s_get_names::StateMachine, hsm0_executor::test::test_sm_1s_get_names::NoMessages>>::dispatch_idx
FN:196,<hsm0_executor::Executor<hsm0_executor::test::test_sm_2s_invalid_transition::StateMachine, hsm0_executor::test::test_sm_2s_invalid_transition::NoMessages>>::initialize_children
FN:219,<hsm0_executor::Executor<hsm0_executor::test::test_sm_2s_get_names::StateMachine, hsm0_executor::test::test_sm_2s_get_names::NoMessages>>::get_current_state_name
FN:30,<hsm0_executor::StateInfo<hsm0_executor::test::test_sm_1s_get_names::StateMachine, hsm0_executor::test::test_sm_1s_get_names::NoMessages>>::new
FN:288,<hsm0_executor::Executor<hsm0_executor::test::test_sm_1s_no_enter_no_exit::StateMachine, hsm0_executor::test::test_sm_1s_no_enter_no_exit::NoMessages>>::dispatch_idx
FN:288,<hsm0_executor::Executor<hsm0_executor::test::test_sm_1s_enter_no_exit::StateMachine, hsm0_executor::test::test_sm_1s_enter_no_exit::Message>>::dispatch_idx
FN:230,<hsm0_executor::Executor<hsm0_executor::test::test_leaf_transitions_between_trees::StateMachine, hsm0_executor::test::test_leaf_transitions_between_trees::NoMessages>>::get_state_process_cnt
FN:30,<hsm0_executor::StateInfo<hsm0_executor::test::test_sm_2s_invalid_transition::StateMachine, hsm0_executor::test::test_sm_2s_invalid_transition::NoMessages>>::new
FN:154,<hsm0_executor::Executor<hsm0_executor::test::test_sm_2s_get_names::StateMachine, hsm0_executor::test::test_sm_2s_get_names::NoMessages>>::cycle_detector
FN:227,<hsm0_executor::Executor<hsm0_executor::test::test_leaf_transitions_between_trees::StateMachine, hsm0_executor::test::test_leaf_transitions_between_trees::NoMessages>>::get_state_enter_cnt
FN:154,<hsm0_executor::Executor<hsm0_executor::test::test_sm_1s_no_enter_no_exit::StateMachine, hsm0_executor::test::test_sm_1s_no_enter_no_exit::NoMessages>>::cycle_detector
FN:88,<hsm0_executor::Executor<hsm0_executor::test::test_2s_cycle::StateMachine, hsm0_executor::test::test_2s_cycle::NoMessages>>::state
FN:203,<hsm0_executor::Executor<hsm0_executor::test::test_leaf_transitions_in_a_tree::StateMachine, hsm0_executor::test::test_leaf_transitions_in_a_tree::NoMessages>>::initialize_states_children
FN:215,<hsm0_executor::Executor<hsm0_executor::test::test_sm_1s_get_names::StateMachine, hsm0_executor::test::test_sm_1s_get_names::NoMessages>>::get_state_name
FN:154,<hsm0_executor::Executor<hsm0_executor::test::test_sm_2s_no_enter_no_exit::StateMachine, hsm0_executor::test::test_sm_2s_no_enter_no_exit::Message>>::cycle_detector
FN:627,hsm0_executor::test::test_sm_2s_invalid_transition::{closure#0}
FN:227,<hsm0_executor::Executor<hsm0_executor::test::test_sm_out_of_bounds_invalid_transition::StateMachine, hsm0_executor::test::test_sm_out_of_bounds_invalid_transition::NoMessages>>::get_state_enter_cnt
FN:203,<hsm0_executor::Executor<hsm0_executor::test::test_sm_1s_enter_no_exit::StateMachine, hsm0_executor::test::test_sm_1s_enter_no_exit::Message>>::initialize_states_children
FN:88,<hsm0_executor::Executor<hsm0_executor::test::test_2s_one_self_cycle::StateMachine, hsm0_executor::test::test_2s_one_self_cycle::NoMessages>>::state
FN:97,<hsm0_executor::Executor<hsm0_executor::test::test_sm_1s_get_names::StateMachine, hsm0_executor::test::test_sm_1s_get_names::NoMessages>>::initialize
FN:97,<hsm0_executor::Executor<hsm0_executor::test::test_2s_cycle::StateMachine, hsm0_executor::test::test_2s_cycle::NoMessages>>::initialize
FN:230,<hsm0_executor::Executor<hsm0_executor::test::test_sm_2s_no_enter_no_exit::StateMachine, hsm0_executor::test::test_sm_2s_no_enter_no_exit::Message>>::get_state_process_cnt
FN:154,<hsm0_executor::Executor<hsm0_executor::test::test_3s_one_cycle::StateMachine, hsm0_executor::test::test_3s_one_cycle::NoMessages>>::cycle_detector
FN:97,<hsm0_executor::Executor<hsm0_executor::test::test_sm_out_of_bounds_initial_transition::StateMachine, hsm0_executor::test::test_sm_out_of_bounds_initial_transition::NoMessages>>::initialize
FN:1117,hsm0_executor::test::test_leaf_transitions_between_trees::{closure#0}
FN:238,<hsm0_executor::Executor<hsm0_executor::test::test_leaf_transitions_in_a_tree::StateMachine, hsm0_executor::test::test_leaf_transitions_in_a_tree::NoMessages>>::setup_exit_enter_fns_idxs
FN:97,<hsm0_executor::Executor<hsm0_executor::test::test_sm_invalid_initial_state::StateMachine, hsm0_executor::test::test_sm_invalid_initial_state::NoMessages>>::initialize
FN:73,<hsm0_executor::Executor<hsm0_executor::test::test_sm_out_of_bounds_invalid_transition::StateMachine, hsm0_executor::test::test_sm_out_of_bounds_invalid_transition::NoMessages>>::new
FN:366,hsm0_executor::test::test_sm_1s_no_enter_no_exit::{closure#0}
FN:97,<hsm0_executor::Executor<hsm0_executor::test::test_5s_long_cycle::StateMachine, hsm0_executor::test::test_5s_long_cycle::NoMessages>>::initialize
FN:73,<hsm0_executor::Executor<hsm0_executor::test::test_sm_1s_get_names::StateMachine, hsm0_executor::test::test_sm_1s_get_names::NoMessages>>::new
FN:73,<hsm0_executor::Executor<hsm0_executor::test::test_sm_1h_2s_not_handled_no_enter_no_exit::StateMachine, hsm0_executor::test::test_sm_1h_2s_not_handled_no_enter_no_exit::Message>>::new
FN:203,<hsm0_executor::Executor<hsm0_executor::test::test_sm_out_of_bounds_invalid_transition::StateMachine, hsm0_executor::test::test_sm_out_of_bounds_invalid_transition::NoMessages>>::initialize_states_children
FN:88,<hsm0_executor::Executor<hsm0_executor::test::test_sm_invalid_initial_state::StateMachine, hsm0_executor::test::test_sm_invalid_initial_state::NoMessages>>::state
FN:203,<hsm0_executor::Executor<hsm0_executor::test::test_sm_2s_get_names::StateMachine, hsm0_executor::test::test_sm_2s_get_names::NoMessages>>::initialize_states_children
FN:88,<hsm0_executor::Executor<hsm0_executor::test::test_sm_out_of_bounds_invalid_transition::StateMachine, hsm0_executor::test::test_sm_out_of_bounds_invalid_transition::NoMessages>>::state
FN:288,<hsm0_executor::Executor<hsm0_executor::test::test_leaf_transitions_in_a_tree::StateMachine, hsm0_executor::test::test_leaf_transitions_in_a_tree::NoMessages>>::dispatch_idx
FN:238,<hsm0_executor::Executor<hsm0_executor::test::test_sm_1h_2s_not_handled_no_enter_no_exit::StateMachine, hsm0_executor::test::test_sm_1h_2s_not_handled_no_enter_no_exit::Message>>::setup_exit_enter_fns_idxs
FN:203,<hsm0_executor::Executor<hsm0_executor::test::test_5s_long_cycle::StateMachine, hsm0_executor::test::test_5s_long_cycle::NoMessages>>::initialize_states_children
FN:154,<hsm0_executor::Executor<hsm0_executor::test::test_sm_out_of_bounds_invalid_transition::StateMachine, hsm0_executor::test::test_sm_out_of_bounds_invalid_transition::NoMessages>>::cycle_detector
FN:238,<hsm0_executor::Executor<hsm0_executor::test::test_sm_1s_enter_no_exit::StateMachine, hsm0_executor::test::test_sm_1s_enter_no_exit::Message>>::setup_exit_enter_fns_idxs
FN:227,<hsm0_executor::Executor<hsm0_executor::test::test_sm_out_of_bounds_initial_transition::StateMachine, hsm0_executor::test::test_sm_out_of_bounds_initial_transition::NoMessages>>::get_state_enter_cnt
FN:238,<hsm0_executor::Executor<hsm0_executor::test::test_sm_1s_get_names::StateMachine, hsm0_executor::test::test_sm_1s_get_names::NoMessages>>::setup_exit_enter_fns_idxs
FN:227,<hsm0_executor::Executor<hsm0_executor::test::test_sm_1s_enter_no_exit::StateMachine, hsm0_executor::test::test_sm_1s_enter_no_exit::Message>>::get_state_enter_cnt
FN:88,<hsm0_executor::Executor<hsm0_executor::test::test_leaf_transitions_between_trees::StateMachine, hsm0_executor::test::test_leaf_transitions_between_trees::NoMessages>>::state
FN:196,<hsm0_executor::Executor<hsm0_executor::test::test_3s_one_cycle::StateMachine, hsm0_executor::test::test_3s_one_cycle::NoMessages>>::initialize_children
FN:73,<hsm0_executor::Executor<hsm0_executor::test::test_sm_2s_no_enter_no_exit::StateMachine, hsm0_executor::test::test_sm_2s_no_enter_no_exit::Message>>::new
FN:238,<hsm0_executor::Executor<hsm0_executor::test::test_sm_out_of_bounds_invalid_transition::StateMachine, hsm0_executor::test::test_sm_out_of_bounds_invalid_transition::NoMessages>>::setup_exit_enter_fns_idxs
FN:97,<hsm0_executor::Executor<hsm0_executor::test::test_sm_out_of_bounds_invalid_transition::StateMachine, hsm0_executor::test::test_sm_out_of_bounds_invalid_transition::NoMessages>>::initialize
FN:196,<hsm0_executor::Executor<hsm0_executor::test::test_sm_2s_get_names::StateMachine, hsm0_executor::test::test_sm_2s_get_names::NoMessages>>::initialize_children
FN:154,<hsm0_executor::Executor<hsm0_executor::test::test_1s_cycle::StateMachine, hsm0_executor::test::test_1s_cycle::NoMessages>>::cycle_detector
FN:196,<hsm0_executor::Executor<hsm0_executor::test::test_sm_out_of_bounds_initial_transition::StateMachine, hsm0_executor::test::test_sm_out_of_bounds_initial_transition::NoMessages>>::initialize_children
FN:223,<hsm0_executor::Executor<hsm0_executor::test::test_sm_1s_no_enter_no_exit::StateMachine, hsm0_executor::test::test_sm_1s_no_enter_no_exit::NoMessages>>::get_sm
FN:223,<hsm0_executor::Executor<hsm0_executor::test::test_sm_1h_2s_not_handled_no_enter_no_exit::StateMachine, hsm0_executor::test::test_sm_1h_2s_not_handled_no_enter_no_exit::Message>>::get_sm
FN:1487,hsm0_executor::test::test_3s_one_cycle::{closure#0}
FN:154,<hsm0_executor::Executor<hsm0_executor::test::test_leaf_transitions_in_a_tree::StateMachine, hsm0_executor::test::test_leaf_transitions_in_a_tree::NoMessages>>::cycle_detector
FN:30,<hsm0_executor::StateInfo<hsm0_executor::test::test_sm_1s_enter_no_exit::StateMachine, hsm0_executor::test::test_sm_1s_enter_no_exit::Message>>::new
FN:234,<hsm0_executor::Executor<hsm0_executor::test::test_sm_2s_invalid_transition::StateMachine, hsm0_executor::test::test_sm_2s_invalid_transition::NoMessages>>::get_state_exit_cnt
FN:73,<hsm0_executor::Executor<hsm0_executor::test::test_3s_one_cycle::StateMachine, hsm0_executor::test::test_3s_one_cycle::NoMessages>>::new
FN:30,<hsm0_executor::StateInfo<hsm0_executor::test::test_leaf_transitions_in_a_tree::StateMachine, hsm0_executor::test::test_leaf_transitions_in_a_tree::NoMessages>>::new
FN:227,<hsm0_executor::Executor<hsm0_executor::test::test_sm_1s_no_enter_no_exit::StateMachine, hsm0_executor::test::test_sm_1s_no_enter_no_exit::NoMessages>>::get_state_enter_cnt
FN:88,<hsm0_executor::Executor<hsm0_executor::test::test_sm_1s_no_enter_no_exit::StateMachine, hsm0_executor::test::test_sm_1s_no_enter_no_exit::NoMessages>>::state
FN:238,<hsm0_executor::Executor<hsm0_executor::test::test_sm_out_of_bounds_initial_transition::StateMachine, hsm0_executor::test::test_sm_out_of_bounds_initial_transition::NoMessages>>::setup_exit_enter_fns_idxs
FN:354,<hsm0_executor::Executor<hsm0_executor::test::test_sm_1h_2s_not_handled_no_enter_no_exit::StateMachine, hsm0_executor::test::test_sm_1h_2s_not_handled_no_enter_no_exit::Message>>::dispatch
FN:88,<hsm0_executor::Executor<hsm0_executor::test::test_sm_1s_enter_no_exit::StateMachine, hsm0_executor::test::test_sm_1s_enter_no_exit::Message>>::state
FN:196,<hsm0_executor::Executor<hsm0_executor::test::test_sm_1s_enter_no_exit::StateMachine, hsm0_executor::test::test_sm_1s_enter_no_exit::Message>>::initialize_children
FN:73,<hsm0_executor::Executor<hsm0_executor::test::test_leaf_transitions_in_a_tree::StateMachine, hsm0_executor::test::test_leaf_transitions_in_a_tree::NoMessages>>::new
FN:234,<hsm0_executor::Executor<hsm0_executor::test::test_sm_1h_2s_not_handled_no_enter_no_exit::StateMachine, hsm0_executor::test::test_sm_1h_2s_not_handled_no_enter_no_exit::Message>>::get_state_exit_cnt
FN:230,<hsm0_executor::Executor<hsm0_executor::test::test_sm_1h_2s_not_handled_no_enter_no_exit::StateMachine, hsm0_executor::test::test_sm_1h_2s_not_handled_no_enter_no_exit::Message>>::get_state_process_cnt
FN:1423,hsm0_executor::test::test_2s_cycle::{closure#0}
FN:73,<hsm0_executor::Executor<hsm0_executor::test::test_1s_cycle::StateMachine, hsm0_executor::test::test_1s_cycle::NoMessages>>::new
FN:88,<hsm0_executor::Executor<hsm0_executor::test::test_sm_2s_get_names::StateMachine, hsm0_executor::test::test_sm_2s_get_names::NoMessages>>::state
FN:73,<hsm0_executor::Executor<hsm0_executor::test::test_sm_2s_get_names::StateMachine, hsm0_executor::test::test_sm_2s_get_names::NoMessages>>::new
FN:196,<hsm0_executor::Executor<hsm0_executor::test::test_sm_out_of_bounds_invalid_transition::StateMachine, hsm0_executor::test::test_sm_out_of_bounds_invalid_transition::NoMessages>>::initialize_children
FN:30,<hsm0_executor::StateInfo<hsm0_executor::test::test_2s_cycle::StateMachine, hsm0_executor::test::test_2s_cycle::NoMessages>>::new
FN:154,<hsm0_executor::Executor<hsm0_executor::test::test_2s_one_self_cycle::StateMachine, hsm0_executor::test::test_2s_one_self_cycle::NoMessages>>::cycle_detector
FN:30,<hsm0_executor::StateInfo<hsm0_executor::test::test_1s_cycle::StateMachine, hsm0_executor::test::test_1s_cycle::NoMessages>>::new
FN:354,<hsm0_executor::Executor<hsm0_executor::test::test_sm_1s_no_enter_no_exit::StateMachine, hsm0_executor::test::test_sm_1s_no_enter_no_exit::NoMessages>>::dispatch
FN:88,<hsm0_executor::Executor<hsm0_executor::test::test_sm_out_of_bounds_initial_transition::StateMachine, hsm0_executor::test::test_sm_out_of_bounds_initial_transition::NoMessages>>::state
FN:238,<hsm0_executor::Executor<hsm0_executor::test::test_sm_1s_no_enter_no_exit::StateMachine, hsm0_executor::test::test_sm_1s_no_enter_no_exit::NoMessages>>::setup_exit_enter_fns_idxs
FN:154,<hsm0_executor::Executor<hsm0_executor::test::test_sm_2s_invalid_transition::StateMachine, hsm0_executor::test::test_sm_2s_invalid_transition::NoMessages>>::cycle_detector
FN:230,<hsm0_executor::Executor<hsm0_executor::test::test_sm_out_of_bounds_initial_transition::StateMachine, hsm0_executor::test::test_sm_out_of_bounds_initial_transition::NoMessages>>::get_state_process_cnt
FN:684,hsm0_executor::test::test_sm_out_of_bounds_invalid_transition::{closure#0}
FN:196,<hsm0_executor::Executor<hsm0_executor::test::test_5s_long_cycle::StateMachine, hsm0_executor::test::test_5s_long_cycle::NoMessages>>::initialize_children
FN:154,<hsm0_executor::Executor<hsm0_executor::test::test_sm_out_of_bounds_initial_transition::StateMachine, hsm0_executor::test::test_sm_out_of_bounds_initial_transition::NoMessages>>::cycle_detector
FN:97,<hsm0_executor::Executor<hsm0_executor::test::test_sm_1s_enter_no_exit::StateMachine, hsm0_executor::test::test_sm_1s_enter_no_exit::Message>>::initialize
FN:354,<hsm0_executor::Executor<hsm0_executor::test::test_sm_out_of_bounds_initial_transition::StateMachine, hsm0_executor::test::test_sm_out_of_bounds_initial_transition::NoMessages>>::dispatch
FN:354,<hsm0_executor::Executor<hsm0_executor::test::test_leaf_transitions_between_trees::StateMachine, hsm0_executor::test::test_leaf_transitions_between_trees::NoMessages>>::dispatch
FN:196,<hsm0_executor::Executor<hsm0_executor::test::test_2s_cycle::StateMachine, hsm0_executor::test::test_2s_cycle::NoMessages>>::initialize_children
FN:288,<hsm0_executor::Executor<hsm0_executor::test::test_sm_1h_2s_not_handled_no_enter_no_exit::StateMachine, hsm0_executor::test::test_sm_1h_2s_not_handled_no_enter_no_exit::Message>>::dispatch_idx
FN:97,<hsm0_executor::Executor<hsm0_executor::test::test_3s_one_cycle::StateMachine, hsm0_executor::test::test_3s_one_cycle::NoMessages>>::initialize
FN:354,<hsm0_executor::Executor<hsm0_executor::test::test_sm_1s_get_names::StateMachine, hsm0_executor::test::test_sm_1s_get_names::NoMessages>>::dispatch
FN:534,hsm0_executor::test::test_sm_out_of_bounds_initial_transition::{closure#0}
FN:196,<hsm0_executor::Executor<hsm0_executor::test::test_2s_one_self_cycle::StateMachine, hsm0_executor::test::test_2s_one_self_cycle::NoMessages>>::initialize_children
FN:728,hsm0_executor::test::test_sm_1s_enter_no_exit::{closure#0}
FN:30,<hsm0_executor::StateInfo<hsm0_executor::test::test_sm_2s_no_enter_no_exit::StateMachine, hsm0_executor::test::test_sm_2s_no_enter_no_exit::Message>>::new
FN:288,<hsm0_executor::Executor<hsm0_executor::test::test_sm_2s_invalid_transition::StateMachine, hsm0_executor::test::test_sm_2s_invalid_transition::NoMessages>>::dispatch_idx
FN:97,<hsm0_executor::Executor<hsm0_executor::test::test_1s_cycle::StateMachine, hsm0_executor::test::test_1s_cycle::NoMessages>>::initialize
FN:30,<hsm0_executor::StateInfo<hsm0_executor::test::test_sm_out_of_bounds_initial_transition::StateMachine, hsm0_executor::test::test_sm_out_of_bounds_initial_transition::NoMessages>>::new
FN:154,<hsm0_executor::Executor<hsm0_executor::test::test_sm_1s_enter_no_exit::StateMachine, hsm0_executor::test::test_sm_1s_enter_no_exit::Message>>::cycle_detector
FNDA:1,<hsm0_executor::Executor<hsm0_executor::test::test_3s_one_cycle::StateMachine, hsm0_executor::test::test_3s_one_cycle::NoMessages>>::initialize_states_children
FNDA:1,<hsm0_executor::Executor<hsm0_executor::test::test_sm_2s_no_enter_no_exit::StateMachine, hsm0_executor::test::test_sm_2s_no_enter_no_exit::Message>>::initialize
FNDA:1,<hsm0_executor::Executor<hsm0_executor::test::test_leaf_transitions_between_trees::StateMachine, hsm0_executor::test::test_leaf_transitions_between_trees::NoMessages>>::initialize
FNDA:1,<hsm0_executor::Executor<hsm0_executor::test::test_sm_1s_enter_no_exit::StateMachine, hsm0_executor::test::test_sm_1s_enter_no_exit::Message>>::get_state_process_cnt
FNDA:0,<hsm0_executor::Executor<hsm0_executor::test::test_sm_2s_invalid_transition::StateMachine, hsm0_executor::test::test_sm_2s_invalid_transition::NoMessages>>::setup_exit_enter_fns_idxs
FNDA:1,<hsm0_executor::Executor<hsm0_executor::test::test_sm_out_of_bounds_invalid_transition::StateMachine, hsm0_executor::test::test_sm_out_of_bounds_invalid_transition::NoMessages>>::get_sm
FNDA:1,<hsm0_executor::Executor<hsm0_executor::test::test_sm_1s_no_enter_no_exit::StateMachine, hsm0_executor::test::test_sm_1s_no_enter_no_exit::NoMessages>>::initialize_children
FNDA:1,<hsm0_executor::Executor<hsm0_executor::test::test_sm_invalid_initial_state::StateMachine, hsm0_executor::test::test_sm_invalid_initial_state::NoMessages>>::initialize_states_children
FNDA:1,<hsm0_executor::Executor<hsm0_executor::test::test_sm_1h_2s_not_handled_no_enter_no_exit::StateMachine, hsm0_executor::test::test_sm_1h_2s_not_handled_no_enter_no_exit::Message>>::initialize_children
FNDA:1,<hsm0_executor::Executor<hsm0_executor::test::test_leaf_transitions_in_a_tree::StateMachine, hsm0_executor::test::test_leaf_transitions_in_a_tree::NoMessages>>::get_sm
FNDA:1,<hsm0_executor::Executor<hsm0_executor::test::test_leaf_transitions_between_trees::StateMachine, hsm0_executor::test::test_leaf_transitions_between_trees::NoMessages>>::initialize_states_children
FNDA:1,<hsm0_executor::Executor<hsm0_executor::test::test_sm_1s_get_names::StateMachine, hsm0_executor::test::test_sm_1s_get_names::NoMessages>>::state
FNDA:1,hsm0_executor::main
FNDA:1,<hsm0_executor::Executor<hsm0_executor::test::test_sm_invalid_initial_state::StateMachine, hsm0_executor::test::test_sm_invalid_initial_state::NoMessages>>::initialize_children
FNDA:1,<hsm0_executor::Executor<hsm0_executor::test::test_sm_invalid_initial_state::StateMachine, hsm0_executor::test::test_sm_invalid_initial_state::NoMessages>>::new
FNDA:1,<hsm0_executor::Executor<hsm0_executor::test::test_sm_2s_no_enter_no_exit::StateMachine, hsm0_executor::test::test_sm_2s_no_enter_no_exit::Message>>::get_state_enter_cnt
FNDA:1,<hsm0_executor::Executor<hsm0_executor::test::test_sm_2s_get_names::StateMachine, hsm0_executor::test::test_sm_2s_get_names::NoMessages>>::initialize
FNDA:1,<hsm0_executor::Executor<hsm0_executor::test::test_sm_1s_get_names::StateMachine, hsm0_executor::test::test_sm_1s_get_names::NoMessages>>::get_current_state_name
FNDA:1,<hsm0_executor::Executor<hsm0_executor::test::test_sm_1h_2s_not_handled_no_enter_no_exit::StateMachine, hsm0_executor::test::test_sm_1h_2s_not_handled_no_enter_no_exit::Message>>::initialize_states_children
FNDA:1,<hsm0_executor::Executor<hsm0_executor::test::test_leaf_transitions_between_trees::StateMachine, hsm0_executor::test::test_leaf_transitions_between_trees::NoMessages>>::get_state_exit_cnt
FNDA:1,<hsm0_executor::Executor<hsm0_executor::test::test_2s_cycle::StateMachine, hsm0_executor::test::test_2s_cycle::NoMessages>>::new
FNDA:1,<hsm0_executor::Executor<hsm0_executor::test::test_sm_2s_get_names::StateMachine, hsm0_executor::test::test_sm_2s_get_names::NoMessages>>::get_sm
FNDA:1,<hsm0_executor::Executor<hsm0_executor::test::test_sm_2s_no_enter_no_exit::StateMachine, hsm0_executor::test::test_sm_2s_no_enter_no_exit::Message>>::state
FNDA:1,<hsm0_executor::Executor<hsm0_executor::test::test_sm_2s_no_enter_no_exit::StateMachine, hsm0_executor::test::test_sm_2s_no_enter_no_exit::Message>>::initialize_children
FNDA:1,<hsm0_executor::Executor<hsm0_executor::test::test_sm_1h_2s_not_handled_no_enter_no_exit::StateMachine, hsm0_executor::test::test_sm_1h_2s_not_handled_no_enter_no_exit::Message>>::cycle_detector
FNDA:1,<hsm0_executor::Executor<hsm0_executor::test::test_1s_cycle::StateMachine, hsm0_executor::test::test_1s_cycle::NoMessages>>::initialize_states_children
FNDA:1,<hsm0_executor::Executor<hsm0_executor::test::test_sm_1s_get_names::StateMachine, hsm0_executor::test::test_sm_1s_get_names::NoMessages>>::initialize_children
FNDA:1,hsm0_executor::test::test_sm_2s_get_names::{closure#0}
FNDA:1,<hsm0_executor::Executor<hsm0_executor::test::test_sm_1s_no_enter_no_exit::StateMachine, hsm0_executor::test::test_sm_1s_no_enter_no_exit::NoMessages>>::get_state_exit_cnt
FNDA:1,<hsm0_executor::Executor<hsm0_executor::test::test_sm_2s_invalid_transition::StateMachine, hsm0_executor::test::test_sm_2s_invalid_transition::NoMessages>>::initialize
FNDA:1,<hsm0_executor::Executor<hsm0_executor::test::test_sm_2s_no_enter_no_exit::StateMachine, hsm0_executor::test::test_sm_2s_no_enter_no_exit::Message>>::get_state_exit_cnt
FNDA:1,hsm0_executor::test::test_1s_cycle::{closure#0}
FNDA:1,<hsm0_executor::Executor<hsm0_executor::test::test_1s_cycle::StateMachine, hsm0_executor::test::test_1s_cycle::NoMessages>>::initialize_children
FNDA:1,<hsm0_executor::Executor<hsm0_executor::test::test_leaf_transitions_between_trees::StateMachine, hsm0_executor::test::test_leaf_transitions_between_trees::NoMessages>>::get_sm
FNDA:1,<hsm0_executor::Executor<hsm0_executor::test::test_sm_2s_no_enter_no_exit::StateMachine, hsm0_executor::test::test_sm_2s_no_enter_no_exit::Message>>::dispatch
FNDA:1,<hsm0_executor::Executor<hsm0_executor::test::test_2s_cycle::StateMachine, hsm0_executor::test::test_2s_cycle::NoMessages>>::cycle_detector
FNDA:1,<hsm0_executor::StateInfo<hsm0_executor::test::test_sm_out_of_bounds_invalid_transition::StateMachine, hsm0_executor::test::test_sm_out_of_bounds_invalid_transition::NoMessages>>::new
FNDA:1,<hsm0_executor::Executor<hsm0_executor::test::test_2s_one_self_cycle::StateMachine, hsm0_executor::test::test_2s_one_self_cycle::NoMessages>>::initialize
FNDA:1,<hsm0_executor::Executor<hsm0_executor::test::test_sm_1s_enter_no_exit::StateMachine, hsm0_executor::test::test_sm_1s_enter_no_exit::Message>>::get_state_exit_cnt
FNDA:1,<hsm0_executor::Executor<hsm0_executor::test::test_sm_1s_enter_no_exit::StateMachine, hsm0_executor::test::test_sm_1s_enter_no_exit::Message>>::dispatch
FNDA:1,<hsm0_executor::StateInfo<hsm0_executor::test::test_3s_one_cycle::StateMachine, hsm0_executor::test::test_3s_one_cycle::NoMessages>>::new
FNDA:1,<hsm0_executor::Executor<hsm0_executor::test::test_sm_1s_no_enter_no_exit::StateMachine, hsm0_executor::test::test_sm_1s_no_enter_no_exit::NoMessages>>::initialize_states_children
FNDA:1,hsm0_executor::test::test_sm_invalid_initial_state::{closure#0}
FNDA:0,<hsm0_executor::Executor<hsm0_executor::test::test_sm_out_of_bounds_initial_transition::StateMachine, hsm0_executor::test::test_sm_out_of_bounds_initial_transition::NoMessages>>::get_state_exit_cnt
FNDA:1,<hsm0_executor::Executor<hsm0_executor::test::test_sm_out_of_bounds_initial_transition::StateMachine, hsm0_executor::test::test_sm_out_of_bounds_initial_transition::NoMessages>>::initialize_states_children
FNDA:1,<hsm0_executor::StateInfo<hsm0_executor::test::test_sm_2s_get_names::StateMachine, hsm0_executor::test::test_sm_2s_get_names::NoMessages>>::new
FNDA:1,<hsm0_executor::Executor<hsm0_executor::test::test_sm_2s_no_enter_no_exit::StateMachine, hsm0_executor::test::test_sm_2s_no_enter_no_exit::Message>>::setup_exit_enter_fns_idxs
FNDA:1,<hsm0_executor::Executor<hsm0_executor::test::test_sm_1h_2s_not_handled_no_enter_no_exit::StateMachine, hsm0_executor::test::test_sm_1h_2s_not_handled_no_enter_no_exit::Message>>::get_state_enter_cnt
FNDA:1,<hsm0_executor::Executor<hsm0_executor::test::test_sm_2s_invalid_transition::StateMachine, hsm0_executor::test::test_sm_2s_invalid_transition::NoMessages>>::new
FNDA:1,<hsm0_executor::Executor<hsm0_executor::test::test_5s_long_cycle::StateMachine, hsm0_executor::test::test_5s_long_cycle::NoMessages>>::new
FNDA:1,<hsm0_executor::Executor<hsm0_executor::test::test_sm_1s_no_enter_no_exit::StateMachine, hsm0_executor::test::test_sm_1s_no_enter_no_exit::NoMessages>>::initialize
FNDA:1,hsm0_executor::test::test_sm_1h_2s_not_handled_no_enter_no_exit::{closure#0}
FNDA:1,<hsm0_executor::Executor<hsm0_executor::test::test_leaf_transitions_between_trees::StateMachine, hsm0_executor::test::test_leaf_transitions_between_trees::NoMessages>>::setup_exit_enter_fns_idxs
FNDA:1,hsm0_executor::test::test_5s_long_cycle::{closure#0}
FNDA:1,<hsm0_executor::Executor<hsm0_executor::test::test_sm_invalid_initial_state::StateMachine, hsm0_executor::test::test_sm_invalid_initial_state::NoMessages>>::cycle_detector
FNDA:1,<hsm0_executor::Executor<hsm0_executor::test::test_leaf_transitions_in_a_tree::StateMachine, hsm0_executor::test::test_leaf_transitions_in_a_tree::NoMessages>>::dispatch
FNDA:1,<hsm0_executor::StateInfo<hsm0_executor::test::test_sm_1h_2s_not_handled_no_enter_no_exit::StateMachine, hsm0_executor::test::test_sm_1h_2s_not_handled_no_enter_no_exit::Message>>::new
FNDA:1,<hsm0_executor::Executor<hsm0_executor::test::test_leaf_transitions_in_a_tree::StateMachine, hsm0_executor::test::test_leaf_transitions_in_a_tree::NoMessages>>::get_state_exit_cnt
FNDA:1,<hsm0_executor::Executor<hsm0_executor::test::test_2s_one_self_cycle::StateMachine, hsm0_executor::test::test_2s_one_self_cycle::NoMessages>>::new
FNDA:1,<hsm0_executor::Executor<hsm0_executor::test::test_leaf_transitions_in_a_tree::StateMachine, hsm0_executor::test::test_leaf_transitions_in_a_tree::NoMessages>>::state
FNDA:1,<hsm0_executor::Executor<hsm0_executor::test::test_leaf_transitions_in_a_tree::StateMachine, hsm0_executor::test::test_leaf_transitions_in_a_tree::NoMessages>>::initialize_children
FNDA:1,<hsm0_executor::Executor<hsm0_executor::test::test_sm_1s_no_enter_no_exit::StateMachine, hsm0_executor::test::test_sm_1s_no_enter_no_exit::NoMessages>>::new
FNDA:1,<hsm0_executor::StateInfo<hsm0_executor::test::test_sm_invalid_initial_state::StateMachine, hsm0_executor::test::test_sm_invalid_initial_state::NoMessages>>::new
FNDA:0,<hsm0_executor::Executor<hsm0_executor::test::test_sm_out_of_bounds_initial_transition::StateMachine, hsm0_executor::test::test_sm_out_of_bounds_initial_transition::NoMessages>>::dispatch_idx
FNDA:1,<hsm0_executor::Executor<hsm0_executor::test::test_sm_2s_invalid_transition::StateMachine, hsm0_executor::test::test_sm_2s_invalid_transition::NoMessages>>::get_sm
FNDA:0,<hsm0_executor::Executor<hsm0_executor::test::test_sm_out_of_bounds_invalid_transition::StateMachine, hsm0_executor::test::test_sm_out_of_bounds_invalid_transition::NoMessages>>::get_state_process_cnt
FNDA:1,<hsm0_executor::Executor<hsm0_executor::test::test_sm_1s_enter_no_exit::StateMachine, hsm0_executor::test::test_sm_1s_enter_no_exit::Message>>::get_sm
FNDA:1,hsm0_executor::test::test_leaf_transitions_in_a_tree::{closure#0}
FNDA:0,<hsm0_executor::Executor<hsm0_executor::test::test_sm_out_of_bounds_invalid_transition::StateMachine, hsm0_executor::test::test_sm_out_of_bounds_invalid_transition::NoMessages>>::dispatch_idx
FNDA:1,<hsm0_executor::Executor<hsm0_executor::test::test_sm_2s_invalid_transition::StateMachine, hsm0_executor::test::test_sm_2s_invalid_transition::NoMessages>>::initialize_states_children
FNDA:1,<hsm0_executor::Executor<hsm0_executor::test::test_leaf_transitions_between_trees::StateMachine, hsm0_executor::test::test_leaf_transitions_between_trees::NoMessages>>::initialize_children
FNDA:1,<hsm0_executor::Executor<hsm0_executor::test::test_leaf_transitions_between_trees::StateMachine, hsm0_executor::test::test_leaf_transitions_between_trees::NoMessages>>::new
FNDA:1,<hsm0_executor::Executor<hsm0_executor::test::test_sm_2s_no_enter_no_exit::StateMachine, hsm0_executor::test::test_sm_2s_no_enter_no_exit::Message>>::get_sm
FNDA:1,<hsm0_executor::StateInfo<hsm0_executor::test::test_2s_one_self_cycle::StateMachine, hsm0_executor::test::test_2s_one_self_cycle::NoMessages>>::new
FNDA:1,<hsm0_executor::Executor<hsm0_executor::test::test_sm_1s_get_names::StateMachine, hsm0_executor::test::test_sm_1s_get_names::NoMessages>>::get_sm
FNDA:1,<hsm0_executor::Executor<hsm0_executor::test::test_leaf_transitions_between_trees::StateMachine, hsm0_executor::test::test_leaf_transitions_between_trees::NoMessages>>::cycle_detector
FNDA:1,<hsm0_executor::Executor<hsm0_executor::test::test_5s_long_cycle::StateMachine, hsm0_executor::test::test_5s_long_cycle::NoMessages>>::state
FNDA:1,hsm0_executor::test::test_2s_one_self_cycle::{closure#0}
FNDA:1,<hsm0_executor::Executor<hsm0_executor::test::test_sm_1h_2s_not_handled_no_enter_no_exit::StateMachine, hsm0_executor::test::test_sm_1h_2s_not_handled_no_enter_no_exit::Message>>::state
FNDA:1,<hsm0_executor::Executor<hsm0_executor::test::test_sm_2s_get_names::StateMachine, hsm0_executor::test::test_sm_2s_get_names::NoMessages>>::get_state_name
FNDA:1,<hsm0_executor::Executor<hsm0_executor::test::test_1s_cycle::StateMachine, hsm0_executor::test::test_1s_cycle::NoMessages>>::state
FNDA:1,<hsm0_executor::Executor<hsm0_executor::test::test_leaf_transitions_in_a_tree::StateMachine, hsm0_executor::test::test_leaf_transitions_in_a_tree::NoMessages>>::get_state_enter_cnt
FNDA:1,<hsm0_executor::Executor<hsm0_executor::test::test_sm_2s_get_names::StateMachine, hsm0_executor::test::test_sm_2s_get_names::NoMessages>>::setup_exit_enter_fns_idxs
FNDA:0,<hsm0_executor::Executor<hsm0_executor::test::test_sm_out_of_bounds_invalid_transition::StateMachine, hsm0_executor::test::test_sm_out_of_bounds_invalid_transition::NoMessages>>::get_state_exit_cnt
FNDA:1,<hsm0_executor::Executor<hsm0_executor::test::test_sm_1s_enter_no_exit::StateMachine, hsm0_executor::test::test_sm_1s_enter_no_exit::Message>>::new
FNDA:0,<hsm0_executor::Executor<hsm0_executor::test::test_sm_out_of_bounds_initial_transition::StateMachine, hsm0_executor::test::test_sm_out_of_bounds_initial_transition::NoMessages>>::get_sm
FNDA:1,<hsm0_executor::StateInfo<hsm0_executor::test::test_leaf_transitions_between_trees::StateMachine, hsm0_executor::test::test_leaf_transitions_between_trees::NoMessages>>::new
FNDA:1,<hsm0_executor::Executor<hsm0_executor::test::test_sm_2s_no_enter_no_exit::StateMachine, hsm0_executor::test::test_sm_2s_no_enter_no_exit::Message>>::dispatch_idx
FNDA:1,<hsm0_executor::Executor<hsm0_executor::test::test_leaf_transitions_in_a_tree::StateMachine, hsm0_executor::test::test_leaf_transitions_in_a_tree::NoMessages>>::get_state_process_cnt
FNDA:1,<hsm0_executor::test::test_leaf_transitions_in_a_tree::StateMachine>::base_enter
FNDA:1,<hsm0_executor::Executor<hsm0_executor::test::test_sm_2s_invalid_transition::StateMachine, hsm0_executor::test::test_sm_2s_invalid_transition::NoMessages>>::get_state_process_cnt
FNDA:1,<hsm0_executor::Executor<hsm0_executor::test::test_leaf_transitions_between_trees::StateMachine, hsm0_executor::test::test_leaf_transitions_between_trees::NoMessages>>::dispatch_idx
FNDA:1,<hsm0_executor::Executor<hsm0_executor::test::test_sm_2s_get_names::StateMachine, hsm0_executor::test::test_sm_2s_get_names::NoMessages>>::dispatch_idx
FNDA:1,<hsm0_executor::StateInfo<hsm0_executor::test::test_sm_1s_no_enter_no_exit::StateMachine, hsm0_executor::test::test_sm_1s_no_enter_no_exit::NoMessages>>::new
FNDA:1,<hsm0_executor::Executor<hsm0_executor::test::test_sm_2s_invalid_transition::StateMachine, hsm0_executor::test::test_sm_2s_invalid_transition::NoMessages>>::get_state_enter_cnt
FNDA:1,<hsm0_executor::Executor<hsm0_executor::test::test_sm_2s_invalid_transition::StateMachine, hsm0_executor::test::test_sm_2s_invalid_transition::NoMessages>>::state
FNDA:0,<hsm0_executor::Executor<hsm0_executor::test::test_sm_out_of_bounds_invalid_transition::StateMachine, hsm0_executor::test::test_sm_out_of_bounds_invalid_transition::NoMessages>>::dispatch
FNDA:1,<hsm0_executor::Executor<hsm0_executor::test::test_sm_1s_get_names::StateMachine, hsm0_executor::test::test_sm_1s_get_names::NoMessages>>::cycle_detector
FNDA:1,<hsm0_executor::Executor<hsm0_executor::test::test_3s_one_cycle::StateMachine, hsm0_executor::test::test_3s_one_cycle::NoMessages>>::state
FNDA:1,<hsm0_executor::Executor<hsm0_executor::test::test_sm_1h_2s_not_handled_no_enter_no_exit::StateMachine, hsm0_executor::test::test_sm_1h_2s_not_handled_no_enter_no_exit::Message>>::initialize
FNDA:1,<hsm0_executor::Executor<hsm0_executor::test::test_2s_one_self_cycle::StateMachine, hsm0_executor::test::test_2s_one_self_cycle::NoMessages>>::initialize_states_children
FNDA:1,<hsm0_executor::Executor<hsm0_executor::test::test_5s_long_cycle::StateMachine, hsm0_executor::test::test_5s_long_cycle::NoMessages>>::cycle_detector
FNDA:1,hsm0_executor::test::test_sm_1s_get_names::{closure#0}
FNDA:1,<hsm0_executor::Executor<hsm0_executor::test::test_leaf_transitions_in_a_tree::StateMachine, hsm0_executor::test::test_leaf_transitions_in_a_tree::NoMessages>>::initialize
FNDA:1,<hsm0_executor::Executor<hsm0_executor::test::test_sm_out_of_bounds_initial_transition::StateMachine, hsm0_executor::test::test_sm_out_of_bounds_initial_transition::NoMessages>>::new
FNDA:1,<hsm0_executor::Executor<hsm0_executor::test::test_2s_cycle::StateMachine, hsm0_executor::test::test_2s_cycle::NoMessages>>::initialize_states_children
FNDA:1,<hsm0_executor::Executor<hsm0_executor::test::test_sm_2s_get_names::StateMachine, hsm0_executor::test::test_sm_2s_get_names::NoMessages>>::dispatch
FNDA:1,hsm0_executor::test::test_sm_2s_no_enter_no_exit::{closure#0}
FNDA:1,<hsm0_executor::Executor<hsm0_executor::test::test_sm_2s_invalid_transition::StateMachine, hsm0_executor::test::test_sm_2s_invalid_transition::NoMessages>>::dispatch
FNDA:1,<hsm0_executor::Executor<hsm0_executor::test::test_sm_1s_no_enter_no_exit::StateMachine, hsm0_executor::test::test_sm_1s_no_enter_no_exit::NoMessages>>::get_state_process_cnt
FNDA:1,<hsm0_executor::StateInfo<hsm0_executor::test::test_5s_long_cycle::StateMachine, hsm0_executor::test::test_5s_long_cycle::NoMessages>>::new
FNDA:1,<hsm0_executor::Executor<hsm0_executor::test::test_sm_1s_get_names::StateMachine, hsm0_executor::test::test_sm_1s_get_names::NoMessages>>::initialize_states_children
FNDA:1,<hsm0_executor::Executor<hsm0_executor::test::test_sm_2s_no_enter_no_exit::StateMachine, hsm0_executor::test::test_sm_2s_no_enter_no_exit::Message>>::initialize_states_children
FNDA:1,<hsm0_executor::Executor<hsm0_executor::test::test_sm_1s_get_names::StateMachine, hsm0_executor::test::test_sm_1s_get_names::NoMessages>>::dispatch_idx
FNDA:1,<hsm0_executor::Executor<hsm0_executor::test::test_sm_2s_invalid_transition::StateMachine, hsm0_executor::test::test_sm_2s_invalid_transition::NoMessages>>::initialize_children
FNDA:1,<hsm0_executor::Executor<hsm0_executor::test::test_sm_2s_get_names::StateMachine, hsm0_executor::test::test_sm_2s_get_names::NoMessages>>::get_current_state_name
FNDA:1,<hsm0_executor::StateInfo<hsm0_executor::test::test_sm_1s_get_names::StateMachine, hsm0_executor::test::test_sm_1s_get_names::NoMessages>>::new
FNDA:1,<hsm0_executor::Executor<hsm0_executor::test::test_sm_1s_no_enter_no_exit::StateMachine, hsm0_executor::test::test_sm_1s_no_enter_no_exit::NoMessages>>::dispatch_idx
FNDA:1,<hsm0_executor::Executor<hsm0_executor::test::test_sm_1s_enter_no_exit::StateMachine, hsm0_executor::test::test_sm_1s_enter_no_exit::Message>>::dispatch_idx
FNDA:1,<hsm0_executor::Executor<hsm0_executor::test::test_leaf_transitions_between_trees::StateMachine, hsm0_executor::test::test_leaf_transitions_between_trees::NoMessages>>::get_state_process_cnt
FNDA:1,<hsm0_executor::StateInfo<hsm0_executor::test::test_sm_2s_invalid_transition::StateMachine, hsm0_executor::test::test_sm_2s_invalid_transition::NoMessages>>::new
FNDA:1,<hsm0_executor::Executor<hsm0_executor::test::test_sm_2s_get_names::StateMachine, hsm0_executor::test::test_sm_2s_get_names::NoMessages>>::cycle_detector
FNDA:1,<hsm0_executor::Executor<hsm0_executor::test::test_leaf_transitions_between_trees::StateMachine, hsm0_executor::test::test_leaf_transitions_between_trees::NoMessages>>::get_state_enter_cnt
FNDA:1,<hsm0_executor::Executor<hsm0_executor::test::test_sm_1s_no_enter_no_exit::StateMachine, hsm0_executor::test::test_sm_1s_no_enter_no_exit::NoMessages>>::cycle_detector
FNDA:1,<hsm0_executor::Executor<hsm0_executor::test::test_2s_cycle::StateMachine, hsm0_executor::test::test_2s_cycle::NoMessages>>::state
FNDA:1,<hsm0_executor::Executor<hsm0_executor::test::test_leaf_transitions_in_a_tree::StateMachine, hsm0_executor::test::test_leaf_transitions_in_a_tree::NoMessages>>::initialize_states_children
FNDA:1,<hsm0_executor::Executor<hsm0_executor::test::test_sm_1s_get_names::StateMachine, hsm0_executor::test::test_sm_1s_get_names::NoMessages>>::get_state_name
FNDA:1,<hsm0_executor::Executor<hsm0_executor::test::test_sm_2s_no_enter_no_exit::StateMachine, hsm0_executor::test::test_sm_2s_no_enter_no_exit::Message>>::cycle_detector
FNDA:1,hsm0_executor::test::test_sm_2s_invalid_transition::{closure#0}
FNDA:0,<hsm0_executor::Executor<hsm0_executor::test::test_sm_out_of_bounds_invalid_transition::StateMachine, hsm0_executor::test::test_sm_out_of_bounds_invalid_transition::NoMessages>>::get_state_enter_cnt
FNDA:1,<hsm0_executor::Executor<hsm0_executor::test::test_sm_1s_enter_no_exit::StateMachine, hsm0_executor::test::test_sm_1s_enter_no_exit::Message>>::initialize_states_children
FNDA:1,<hsm0_executor::Executor<hsm0_executor::test::test_2s_one_self_cycle::StateMachine, hsm0_executor::test::test_2s_one_self_cycle::NoMessages>>::state
FNDA:1,<hsm0_executor::Executor<hsm0_executor::test::test_sm_1s_get_names::StateMachine, hsm0_executor::test::test_sm_1s_get_names::NoMessages>>::initialize
FNDA:1,<hsm0_executor::Executor<hsm0_executor::test::test_2s_cycle::StateMachine, hsm0_executor::test::test_2s_cycle::NoMessages>>::initialize
FNDA:1,<hsm0_executor::Executor<hsm0_executor::test::test_sm_2s_no_enter_no_exit::StateMachine, hsm0_executor::test::test_sm_2s_no_enter_no_exit::Message>>::get_state_process_cnt
FNDA:1,<hsm0_executor::Executor<hsm0_executor::test::test_3s_one_cycle::StateMachine, hsm0_executor::test::test_3s_one_cycle::NoMessages>>::cycle_detector
FNDA:1,<hsm0_executor::Executor<hsm0_executor::test::test_sm_out_of_bounds_initial_transition::StateMachine, hsm0_executor::test::test_sm_out_of_bounds_initial_transition::NoMessages>>::initialize
FNDA:1,hsm0_executor::test::test_leaf_transitions_between_trees::{closure#0}
FNDA:1,<hsm0_executor::Executor<hsm0_executor::test::test_leaf_transitions_in_a_tree::StateMachine, hsm0_executor::test::test_leaf_transitions_in_a_tree::NoMessages>>::setup_exit_enter_fns_idxs
FNDA:1,<hsm0_executor::Executor<hsm0_executor::test::test_sm_invalid_initial_state::StateMachine, hsm0_executor::test::test_sm_invalid_initial_state::NoMessages>>::initialize
FNDA:1,<hsm0_executor::Executor<hsm0_executor::test::test_sm_out_of_bounds_invalid_transition::StateMachine, hsm0_executor::test::test_sm_out_of_bounds_invalid_transition::NoMessages>>::new
FNDA:1,hsm0_executor::test::test_sm_1s_no_enter_no_exit::{closure#0}
FNDA:1,<hsm0_executor::Executor<hsm0_executor::test::test_5s_long_cycle::StateMachine, hsm0_executor::test::test_5s_long_cycle::NoMessages>>::initialize
FNDA:1,<hsm0_executor::Executor<hsm0_executor::test::test_sm_1s_get_names::StateMachine, hsm0_executor::test::test_sm_1s_get_names::NoMessages>>::new
FNDA:1,<hsm0_executor::Executor<hsm0_executor::test::test_sm_1h_2s_not_handled_no_enter_no_exit::StateMachine, hsm0_executor::test::test_sm_1h_2s_not_handled_no_enter_no_exit::Message>>::new
FNDA:1,<hsm0_executor::Executor<hsm0_executor::test::test_sm_out_of_bounds_invalid_transition::StateMachine, hsm0_executor::test::test_sm_out_of_bounds_invalid_transition::NoMessages>>::initialize_states_children
FNDA:1,<hsm0_executor::Executor<hsm0_executor::test::test_sm_invalid_initial_state::StateMachine, hsm0_executor::test::test_sm_invalid_initial_state::NoMessages>>::state
FNDA:1,<hsm0_executor::Executor<hsm0_executor::test::test_sm_2s_get_names::StateMachine, hsm0_executor::test::test_sm_2s_get_names::NoMessages>>::initialize_states_children
FNDA:1,<hsm0_executor::Executor<hsm0_executor::test::test_sm_out_of_bounds_invalid_transition::StateMachine, hsm0_executor::test::test_sm_out_of_bounds_invalid_transition::NoMessages>>::state
FNDA:1,<hsm0_executor::Executor<hsm0_executor::test::test_leaf_transitions_in_a_tree::StateMachine, hsm0_executor::test::test_leaf_transitions_in_a_tree::NoMessages>>::dispatch_idx
FNDA:0,<hsm0_executor::Executor<hsm0_executor::test::test_sm_1h_2s_not_handled_no_enter_no_exit::StateMachine, hsm0_executor::test::test_sm_1h_2s_not_handled_no_enter_no_exit::Message>>::setup_exit_enter_fns_idxs
FNDA:1,<hsm0_executor::Executor<hsm0_executor::test::test_5s_long_cycle::StateMachine, hsm0_executor::test::test_5s_long_cycle::NoMessages>>::initialize_states_children
FNDA:1,<hsm0_executor::Executor<hsm0_executor::test::test_sm_out_of_bounds_invalid_transition::StateMachine, hsm0_executor::test::test_sm_out_of_bounds_invalid_transition::NoMessages>>::cycle_detector
FNDA:0,<hsm0_executor::Executor<hsm0_executor::test::test_sm_1s_enter_no_exit::StateMachine, hsm0_executor::test::test_sm_1s_enter_no_exit::Message>>::setup_exit_enter_fns_idxs
FNDA:0,<hsm0_executor::Executor<hsm0_executor::test::test_sm_out_of_bounds_initial_transition::StateMachine, hsm0_executor::test::test_sm_out_of_bounds_initial_transition::NoMessages>>::get_state_enter_cnt
FNDA:0,<hsm0_executor::Executor<hsm0_executor::test::test_sm_1s_get_names::StateMachine, hsm0_executor::test::test_sm_1s_get_names::NoMessages>>::setup_exit_enter_fns_idxs
FNDA:1,<hsm0_executor::Executor<hsm0_executor::test::test_sm_1s_enter_no_exit::StateMachine, hsm0_executor::test::test_sm_1s_enter_no_exit::Message>>::get_state_enter_cnt
FNDA:1,<hsm0_executor::Executor<hsm0_executor::test::test_leaf_transitions_between_trees::StateMachine, hsm0_executor::test::test_leaf_transitions_between_trees::NoMessages>>::state
FNDA:1,<hsm0_executor::Executor<hsm0_executor::test::test_3s_one_cycle::StateMachine, hsm0_executor::test::test_3s_one_cycle::NoMessages>>::initialize_children
FNDA:1,<hsm0_executor::Executor<hsm0_executor::test::test_sm_2s_no_enter_no_exit::StateMachine, hsm0_executor::test::test_sm_2s_no_enter_no_exit::Message>>::new
FNDA:0,<hsm0_executor::Executor<hsm0_executor::test::test_sm_out_of_bounds_invalid_transition::StateMachine, hsm0_executor::test::test_sm_out_of_bounds_invalid_transition::NoMessages>>::setup_exit_enter_fns_idxs
FNDA:1,<hsm0_executor::Executor<hsm0_executor::test::test_sm_out_of_bounds_invalid_transition::StateMachine, hsm0_executor::test::test_sm_out_of_bounds_invalid_transition::NoMessages>>::initialize
FNDA:1,<hsm0_executor::Executor<hsm0_executor::test::test_sm_2s_get_names::StateMachine, hsm0_executor::test::test_sm_2s_get_names::NoMessages>>::initialize_children
FNDA:1,<hsm0_executor::Executor<hsm0_executor::test::test_1s_cycle::StateMachine, hsm0_executor::test::test_1s_cycle::NoMessages>>::cycle_detector
FNDA:1,<hsm0_executor::Executor<hsm0_executor::test::test_sm_out_of_bounds_initial_transition::StateMachine, hsm0_executor::test::test_sm_out_of_bounds_initial_transition::NoMessages>>::initialize_children
FNDA:1,<hsm0_executor::Executor<hsm0_executor::test::test_sm_1s_no_enter_no_exit::StateMachine, hsm0_executor::test::test_sm_1s_no_enter_no_exit::NoMessages>>::get_sm
FNDA:1,<hsm0_executor::Executor<hsm0_executor::test::test_sm_1h_2s_not_handled_no_enter_no_exit::StateMachine, hsm0_executor::test::test_sm_1h_2s_not_handled_no_enter_no_exit::Message>>::get_sm
FNDA:1,hsm0_executor::test::test_3s_one_cycle::{closure#0}
FNDA:1,<hsm0_executor::Executor<hsm0_executor::test::test_leaf_transitions_in_a_tree::StateMachine, hsm0_executor::test::test_leaf_transitions_in_a_tree::NoMessages>>::cycle_detector
FNDA:1,<hsm0_executor::StateInfo<hsm0_executor::test::test_sm_1s_enter_no_exit::StateMachine, hsm0_executor::test::test_sm_1s_enter_no_exit::Message>>::new
FNDA:1,<hsm0_executor::Executor<hsm0_executor::test::test_sm_2s_invalid_transition::StateMachine, hsm0_executor::test::test_sm_2s_invalid_transition::NoMessages>>::get_state_exit_cnt
FNDA:1,<hsm0_executor::Executor<hsm0_executor::test::test_3s_one_cycle::StateMachine, hsm0_executor::test::test_3s_one_cycle::NoMessages>>::new
FNDA:1,<hsm0_executor::StateInfo<hsm0_executor::test::test_leaf_transitions_in_a_tree::StateMachine, hsm0_executor::test::test_leaf_transitions_in_a_tree::NoMessages>>::new
FNDA:1,<hsm0_executor::Executor<hsm0_executor::test::test_sm_1s_no_enter_no_exit::StateMachine, hsm0_executor::test::test_sm_1s_no_enter_no_exit::NoMessages>>::get_state_enter_cnt
FNDA:1,<hsm0_executor::Executor<hsm0_executor::test::test_sm_1s_no_enter_no_exit::StateMachine, hsm0_executor::test::test_sm_1s_no_enter_no_exit::NoMessages>>::state
FNDA:0,<hsm0_executor::Executor<hsm0_executor::test::test_sm_out_of_bounds_initial_transition::StateMachine, hsm0_executor::test::test_sm_out_of_bounds_initial_transition::NoMessages>>::setup_exit_enter_fns_idxs
FNDA:1,<hsm0_executor::Executor<hsm0_executor::test::test_sm_1h_2s_not_handled_no_enter_no_exit::StateMachine, hsm0_executor::test::test_sm_1h_2s_not_handled_no_enter_no_exit::Message>>::dispatch
FNDA:1,<hsm0_executor::Executor<hsm0_executor::test::test_sm_1s_enter_no_exit::StateMachine, hsm0_executor::test::test_sm_1s_enter_no_exit::Message>>::state
FNDA:1,<hsm0_executor::Executor<hsm0_executor::test::test_sm_1s_enter_no_exit::StateMachine, hsm0_executor::test::test_sm_1s_enter_no_exit::Message>>::initialize_children
FNDA:1,<hsm0_executor::Executor<hsm0_executor::test::test_leaf_transitions_in_a_tree::StateMachine, hsm0_executor::test::test_leaf_transitions_in_a_tree::NoMessages>>::new
FNDA:1,<hsm0_executor::Executor<hsm0_executor::test::test_sm_1h_2s_not_handled_no_enter_no_exit::StateMachine, hsm0_executor::test::test_sm_1h_2s_not_handled_no_enter_no_exit::Message>>::get_state_exit_cnt
FNDA:1,<hsm0_executor::Executor<hsm0_executor::test::test_sm_1h_2s_not_handled_no_enter_no_exit::StateMachine, hsm0_executor::test::test_sm_1h_2s_not_handled_no_enter_no_exit::Message>>::get_state_process_cnt
FNDA:1,hsm0_executor::test::test_2s_cycle::{closure#0}
FNDA:1,<hsm0_executor::Executor<hsm0_executor::test::test_1s_cycle::StateMachine, hsm0_executor::test::test_1s_cycle::NoMessages>>::new
FNDA:1,<hsm0_executor::Executor<hsm0_executor::test::test_sm_2s_get_names::StateMachine, hsm0_executor::test::test_sm_2s_get_names::NoMessages>>::state
FNDA:1,<hsm0_executor::Executor<hsm0_executor::test::test_sm_2s_get_names::StateMachine, hsm0_executor::test::test_sm_2s_get_names::NoMessages>>::new
FNDA:1,<hsm0_executor::Executor<hsm0_executor::test::test_sm_out_of_bounds_invalid_transition::StateMachine, hsm0_executor::test::test_sm_out_of_bounds_invalid_transition::NoMessages>>::initialize_children
FNDA:1,<hsm0_executor::StateInfo<hsm0_executor::test::test_2s_cycle::StateMachine, hsm0_executor::test::test_2s_cycle::NoMessages>>::new
FNDA:1,<hsm0_executor::Executor<hsm0_executor::test::test_2s_one_self_cycle::StateMachine, hsm0_executor::test::test_2s_one_self_cycle::NoMessages>>::cycle_detector
FNDA:1,<hsm0_executor::StateInfo<hsm0_executor::test::test_1s_cycle::StateMachine, hsm0_executor::test::test_1s_cycle::NoMessages>>::new
FNDA:1,<hsm0_executor::Executor<hsm0_executor::test::test_sm_1s_no_enter_no_exit::StateMachine, hsm0_executor::test::test_sm_1s_no_enter_no_exit::NoMessages>>::dispatch
FNDA:1,<hsm0_executor::Executor<hsm0_executor::test::test_sm_out_of_bounds_initial_transition::StateMachine, hsm0_executor::test::test_sm_out_of_bounds_initial_transition::NoMessages>>::state
FNDA:0,<hsm0_executor::Executor<hsm0_executor::test::test_sm_1s_no_enter_no_exit::StateMachine, hsm0_executor::test::test_sm_1s_no_enter_no_exit::NoMessages>>::setup_exit_enter_fns_idxs
FNDA:1,<hsm0_executor::Executor<hsm0_executor::test::test_sm_2s_invalid_transition::StateMachine, hsm0_executor::test::test_sm_2s_invalid_transition::NoMessages>>::cycle_detector
FNDA:0,<hsm0_executor::Executor<hsm0_executor::test::test_sm_out_of_bounds_initial_transition::StateMachine, hsm0_executor::test::test_sm_out_of_bounds_initial_transition::NoMessages>>::get_state_process_cnt
FNDA:1,hsm0_executor::test::test_sm_out_of_bounds_invalid_transition::{closure#0}
FNDA:1,<hsm0_executor::Executor<hsm0_executor::test::test_5s_long_cycle::StateMachine, hsm0_executor::test::test_5s_long_cycle::NoMessages>>::initialize_children
FNDA:1,<hsm0_executor::Executor<hsm0_executor::test::test_sm_out_of_bounds_initial_transition::StateMachine, hsm0_executor::test::test_sm_out_of_bounds_initial_transition::NoMessages>>::cycle_detector
FNDA:1,<hsm0_executor::Executor<hsm0_executor::test::test_sm_1s_enter_no_exit::StateMachine, hsm0_executor::test::test_sm_1s_enter_no_exit::Message>>::initialize
FNDA:0,<hsm0_executor::Executor<hsm0_executor::test::test_sm_out_of_bounds_initial_transition::StateMachine, hsm0_executor::test::test_sm_out_of_bounds_initial_transition::NoMessages>>::dispatch
FNDA:1,<hsm0_executor::Executor<hsm0_executor::test::test_leaf_transitions_between_trees::StateMachine, hsm0_executor::test::test_leaf_transitions_between_trees::NoMessages>>::dispatch
FNDA:1,<hsm0_executor::Executor<hsm0_executor::test::test_2s_cycle::StateMachine, hsm0_executor::test::test_2s_cycle::NoMessages>>::initialize_children
FNDA:1,<hsm0_executor::Executor<hsm0_executor::test::test_sm_1h_2s_not_handled_no_enter_no_exit::StateMachine, hsm0_executor::test::test_sm_1h_2s_not_handled_no_enter_no_exit::Message>>::dispatch_idx
FNDA:1,<hsm0_executor::Executor<hsm0_executor::test::test_3s_one_cycle::StateMachine, hsm0_executor::test::test_3s_one_cycle::NoMessages>>::initialize
FNDA:1,<hsm0_executor::Executor<hsm0_executor::test::test_sm_1s_get_names::StateMachine, hsm0_executor::test::test_sm_1s_get_names::NoMessages>>::dispatch
FNDA:1,hsm0_executor::test::test_sm_out_of_bounds_initial_transition::{closure#0}
FNDA:1,<hsm0_executor::Executor<hsm0_executor::test::test_2s_one_self_cycle::StateMachine, hsm0_executor::test::test_2s_one_self_cycle::NoMessages>>::initialize_children
FNDA:1,hsm0_executor::test::test_sm_1s_enter_no_exit::{closure#0}
FNDA:1,<hsm0_executor::StateInfo<hsm0_executor::test::test_sm_2s_no_enter_no_exit::StateMachine, hsm0_executor::test::test_sm_2s_no_enter_no_exit::Message>>::new
FNDA:1,<hsm0_executor::Executor<hsm0_executor::test::test_sm_2s_invalid_transition::StateMachine, hsm0_executor::test::test_sm_2s_invalid_transition::NoMessages>>::dispatch_idx
FNDA:1,<hsm0_executor::Executor<hsm0_executor::test::test_1s_cycle::StateMachine, hsm0_executor::test::test_1s_cycle::NoMessages>>::initialize
FNDA:1,<hsm0_executor::StateInfo<hsm0_executor::test::test_sm_out_of_bounds_initial_transition::StateMachine, hsm0_executor::test::test_sm_out_of_bounds_initial_transition::NoMessages>>::new
FNDA:1,<hsm0_executor::Executor<hsm0_executor::test::test_sm_1s_enter_no_exit::StateMachine, hsm0_executor::test::test_sm_1s_enter_no_exit::Message>>::cycle_detector
FNF:213
FNH:195
BRF:0
BRH:0
DA:1,18
DA:30,35
DA:31,35
DA:32,35
DA:33,35
DA:34,35
DA:35,35
DA:36,35
DA:37,35
DA:38,35
DA:39,35
DA:40,35
DA:41,35
DA:42,35
DA:43,35
DA:44,35
DA:45,35
DA:46,35
DA:47,35
DA:48,35
DA:49,35
DA:73,17
DA:74,17
DA:75,17
DA:76,17
DA:77,17
DA:78,17
DA:79,17
DA:80,17
DA:81,17
DA:82,17
DA:83,17
DA:84,17
DA:85,17
DA:88,35
DA:89,35
DA:90,35
DA:91,35
DA:92,35
DA:97,17
DA:98,17
DA:99,17
DA:100,17
DA:101,17
DA:102,35
DA:103,35
DA:104,35
DA:107,35
DA:108,35
DA:109,35
DA:110,35
DA:111,20
DA:112,20
DA:113,20
DA:118,17
DA:119,5
DA:120,12
DA:121,12
DA:122,12
DA:123,12
DA:125,2
DA:126,2
DA:127,2
DA:128,2
DA:129,10
DA:130,10
DA:131,10
DA:132,10
DA:133,10
DA:134,10
DA:135,10
DA:136,10
DA:137,10
DA:138,10
DA:139,10
DA:142,14
DA:143,4
DA:144,4
DA:145,4
DA:146,4
DA:147,4
DA:149,10
DA:150,15
DA:154,17
DA:155,17
DA:156,17
DA:157,17
DA:158,17
DA:159,43
DA:160,26
DA:164,26
DA:166,9
DA:167,9
DA:168,9
DA:169,9
DA:170,9
DA:171,9
DA:172,13
DA:173,13
DA:174,4
DA:175,4
DA:176,9
DA:179,9
DA:180,6
DA:181,6
DA:182,6
DA:183,6
DA:184,3
DA:185,3
DA:186,3
DA:187,3
DA:188,17
DA:192,17
DA:193,17
DA:196,17
DA:197,35
DA:198,35
DA:199,35
DA:200,35
DA:201,17
DA:203,35
DA:205,93
DA:206,93
DA:207,18
DA:208,18
DA:209,18
DA:210,18
DA:211,75
DA:213,35
DA:215,12
DA:216,12
DA:217,12
DA:219,6
DA:220,6
DA:221,6
DA:223,26
DA:224,26
DA:225,26
DA:227,61
DA:228,61
DA:229,61
DA:230,61
DA:231,61
DA:232,61
DA:234,61
DA:235,61
DA:236,61
DA:238,14
DA:239,14
DA:242,19
DA:243,19
DA:244,19
DA:246,19
DA:247,10
DA:251,9
DA:254,10
DA:258,5
DA:259,5
DA:267,14
DA:268,14
DA:269,14
DA:270,14
DA:271,14
DA:272,14
DA:274,19
DA:275,10
DA:276,10
DA:277,10
DA:280,5
DA:281,5
DA:282,5
DA:283,5
DA:284,5
DA:286,14
DA:288,25
DA:289,25
DA:290,25
DA:291,25
DA:293,46
DA:294,27
DA:295,17
DA:296,17
DA:297,17
DA:298,17
DA:299,17
DA:301,19
DA:302,6
DA:307,25
DA:308,25
DA:310,2
DA:311,2
DA:312,2
DA:313,2
DA:318,8
DA:319,8
DA:320,8
DA:321,8
DA:322,15
DA:323,15
DA:324,14
DA:325,14
DA:326,14
DA:327,14
DA:328,14
DA:329,14
DA:330,14
DA:331,14
DA:332,1
DA:333,1
DA:334,1
DA:335,1
DA:340,24
DA:341,33
DA:342,19
DA:343,15
DA:344,15
DA:345,15
DA:346,15
DA:347,15
DA:349,10
DA:352,24
DA:354,23
DA:355,23
DA:356,23
DA:357,23
DA:358,23
DA:366,1
DA:422,1
DA:474,1
DA:534,1
DA:578,1
DA:627,1
DA:684,1
DA:728,1
DA:800,1
DA:878,1
DA:960,1
DA:1015,1
DA:1117,1
DA:1316,1
DA:1366,1
DA:1423,1
DA:1487,1
DA:1556,1
LF:244
LH:244
end_of_record
