TN:
SF:hsm0-with-executor/src/lib.rs
FN:150,<hsm0_with_executor::Executor<hsm0_with_executor::test::test_sm_1s_no_enter_no_exit::StateMachine, hsm0_with_executor::test::test_sm_1s_no_enter_no_exit::NoMessages>>::build
FN:283,<hsm0_with_executor::Executor<hsm0_with_executor::test::test_sm_1s_no_enter_no_exit::StateMachine, hsm0_with_executor::test::test_sm_1s_no_enter_no_exit::NoMessages>>::get_state_process_cnt
FN:287,<hsm0_with_executor::Executor<hsm0_with_executor::test::test_sm_2s_invalid_transition::StateMachine, hsm0_with_executor::test::test_sm_2s_invalid_transition::NoMessages>>::get_state_exit_cnt
FN:1535,hsm0_with_executor::test::test_1s_cycle::{closure#0}
FN:249,<hsm0_with_executor::Executor<hsm0_with_executor::test::test_sm_1h_2s_not_handled_no_enter_no_exit::StateMachine, hsm0_with_executor::test::test_sm_1h_2s_not_handled_no_enter_no_exit::Message>>::initialize_children
FN:66,<hsm0_with_executor::StateInfo<hsm0_with_executor::test::test_sm_2s_invalid_transition::StateMachine, hsm0_with_executor::test::test_sm_2s_invalid_transition::NoMessages>>::parent_idx
FN:141,<hsm0_with_executor::Executor<hsm0_with_executor::test::test_sm_2s_invalid_transition::StateMachine, hsm0_with_executor::test::test_sm_2s_invalid_transition::NoMessages>>::state
FN:39,<hsm0_with_executor::StateInfo<hsm0_with_executor::test::test_sm_2s_no_enter_no_exit::StateMachine, hsm0_with_executor::test::test_sm_2s_no_enter_no_exit::Message>>::new
FN:283,<hsm0_with_executor::Executor<hsm0_with_executor::test::test_sm_1h_2s_not_handled_no_enter_no_exit::StateMachine, hsm0_with_executor::test::test_sm_1h_2s_not_handled_no_enter_no_exit::Message>>::get_state_process_cnt
FN:1,hsm0_with_executor::main
FN:207,<hsm0_with_executor::Executor<hsm0_with_executor::test::test_leaf_transitions_between_trees::StateMachine, hsm0_with_executor::test::test_leaf_transitions_between_trees::NoMessages>>::cycle_detector
FN:207,<hsm0_with_executor::Executor<hsm0_with_executor::test::test_3s_one_cycle::StateMachine, hsm0_with_executor::test::test_3s_one_cycle::NoMessages>>::cycle_detector
FN:150,<hsm0_with_executor::Executor<hsm0_with_executor::test::test_sm_out_of_bounds_initial_transition::StateMachine, hsm0_with_executor::test::test_sm_out_of_bounds_initial_transition::NoMessages>>::build
FN:207,<hsm0_with_executor::Executor<hsm0_with_executor::test::test_sm_out_of_bounds_invalid_transition::StateMachine, hsm0_with_executor::test::test_sm_out_of_bounds_invalid_transition::NoMessages>>::cycle_detector
FN:1183,<hsm0_with_executor::test::test_leaf_transitions_in_a_tree::NoMessages as core::fmt::Debug>::fmt
FN:249,<hsm0_with_executor::Executor<hsm0_with_executor::test::test_sm_1s_enter_no_exit::StateMachine, hsm0_with_executor::test::test_sm_1s_enter_no_exit::Messages>>::initialize_children
FN:207,<hsm0_with_executor::Executor<hsm0_with_executor::test::test_2s_cycle::StateMachine, hsm0_with_executor::test::test_2s_cycle::NoMessages>>::cycle_detector
FN:249,<hsm0_with_executor::Executor<hsm0_with_executor::test::test_sm_out_of_bounds_invalid_transition::StateMachine, hsm0_with_executor::test::test_sm_out_of_bounds_invalid_transition::NoMessages>>::initialize_children
FN:150,<hsm0_with_executor::Executor<hsm0_with_executor::test::test_sm_2s_invalid_transition::StateMachine, hsm0_with_executor::test::test_sm_2s_invalid_transition::NoMessages>>::build
FN:280,<hsm0_with_executor::Executor<hsm0_with_executor::test::test_sm_1s_enter_no_exit::StateMachine, hsm0_with_executor::test::test_sm_1s_enter_no_exit::Messages>>::get_state_enter_cnt
FN:256,<hsm0_with_executor::Executor<hsm0_with_executor::test::test_2s_cycle::StateMachine, hsm0_with_executor::test::test_2s_cycle::NoMessages>>::initialize_states_children
FN:1179,<hsm0_with_executor::test::test_leaf_transitions_in_a_tree::StateMachine as core::fmt::Debug>::fmt
FN:1597,<hsm0_with_executor::test::test_2s_one_self_cycle::StateMachine as core::fmt::Debug>::fmt
FN:416,<hsm0_with_executor::Executor<hsm0_with_executor::test::test_sm_out_of_bounds_invalid_transition::StateMachine, hsm0_with_executor::test::test_sm_out_of_bounds_invalid_transition::NoMessages>>::dispatch
FN:249,<hsm0_with_executor::Executor<hsm0_with_executor::test::test_2s_one_self_cycle::StateMachine, hsm0_with_executor::test::test_2s_one_self_cycle::NoMessages>>::initialize_children
FN:39,<hsm0_with_executor::StateInfo<hsm0_with_executor::test::test_leaf_transitions_in_a_tree::StateMachine, hsm0_with_executor::test::test_leaf_transitions_in_a_tree::NoMessages>>::new
FN:283,<hsm0_with_executor::Executor<hsm0_with_executor::test::test_sm_out_of_bounds_invalid_transition::StateMachine, hsm0_with_executor::test::test_sm_out_of_bounds_invalid_transition::NoMessages>>::get_state_process_cnt
FN:66,<hsm0_with_executor::StateInfo<hsm0_with_executor::test::test_3s_one_cycle::StateMachine, hsm0_with_executor::test::test_3s_one_cycle::NoMessages>>::parent_idx
FN:280,<hsm0_with_executor::Executor<hsm0_with_executor::test::test_sm_2s_no_enter_no_exit::StateMachine, hsm0_with_executor::test::test_sm_2s_no_enter_no_exit::Message>>::get_state_enter_cnt
FN:714,<hsm0_with_executor::test::test_sm_out_of_bounds_initial_transition::NoMessages as core::fmt::Debug>::fmt
FN:116,<hsm0_with_executor::Executor<hsm0_with_executor::test::test_sm_1s_get_names::StateMachine, hsm0_with_executor::test::test_sm_1s_get_names::NoMessages>>::new
FN:341,<hsm0_with_executor::Executor<hsm0_with_executor::test::test_sm_1s_get_names::StateMachine, hsm0_with_executor::test::test_sm_1s_get_names::NoMessages>>::dispatch_idx
FN:416,<hsm0_with_executor::Executor<hsm0_with_executor::test::test_sm_1h_2s_not_handled_no_enter_no_exit::StateMachine, hsm0_with_executor::test::test_sm_1h_2s_not_handled_no_enter_no_exit::Message>>::dispatch
FN:39,<hsm0_with_executor::StateInfo<hsm0_with_executor::test::test_sm_1h_2s_not_handled_no_enter_no_exit::StateMachine, hsm0_with_executor::test::test_sm_1h_2s_not_handled_no_enter_no_exit::Message>>::new
FN:66,<hsm0_with_executor::StateInfo<hsm0_with_executor::test::test_sm_invalid_initial_state::StateMachine, hsm0_with_executor::test::test_sm_invalid_initial_state::NoMessages>>::parent_idx
FN:636,<hsm0_with_executor::test::test_sm_2s_get_names::StateMachine as core::fmt::Debug>::fmt
FN:1337,<hsm0_with_executor::test::test_leaf_transitions_between_trees::StateMachine as core::fmt::Debug>::fmt
FN:141,<hsm0_with_executor::Executor<hsm0_with_executor::test::test_3s_one_cycle::StateMachine, hsm0_with_executor::test::test_3s_one_cycle::NoMessages>>::state
FN:150,<hsm0_with_executor::Executor<hsm0_with_executor::test::test_leaf_transitions_between_trees::StateMachine, hsm0_with_executor::test::test_leaf_transitions_between_trees::NoMessages>>::build
FN:291,<hsm0_with_executor::Executor<hsm0_with_executor::test::test_sm_2s_invalid_transition::StateMachine, hsm0_with_executor::test::test_sm_2s_invalid_transition::NoMessages>>::setup_exit_enter_fns_idxs
FN:150,<hsm0_with_executor::Executor<hsm0_with_executor::test::test_sm_1s_get_names::StateMachine, hsm0_with_executor::test::test_sm_1s_get_names::NoMessages>>::build
FN:150,<hsm0_with_executor::Executor<hsm0_with_executor::test::test_2s_cycle::StateMachine, hsm0_with_executor::test::test_2s_cycle::NoMessages>>::build
FN:256,<hsm0_with_executor::Executor<hsm0_with_executor::test::test_sm_1s_get_names::StateMachine, hsm0_with_executor::test::test_sm_1s_get_names::NoMessages>>::initialize_states_children
FN:1086,hsm0_with_executor::test::test_sm_1h_2s_not_handled_no_enter_no_exit::{closure#0}
FN:150,<hsm0_with_executor::Executor<hsm0_with_executor::test::test_sm_out_of_bounds_invalid_transition::StateMachine, hsm0_with_executor::test::test_sm_out_of_bounds_invalid_transition::NoMessages>>::build
FN:256,<hsm0_with_executor::Executor<hsm0_with_executor::test::test_sm_2s_invalid_transition::StateMachine, hsm0_with_executor::test::test_sm_2s_invalid_transition::NoMessages>>::initialize_states_children
FN:39,<hsm0_with_executor::StateInfo<hsm0_with_executor::test::test_sm_1s_no_enter_no_exit::StateMachine, hsm0_with_executor::test::test_sm_1s_no_enter_no_exit::NoMessages>>::new
FN:341,<hsm0_with_executor::Executor<hsm0_with_executor::test::test_sm_out_of_bounds_invalid_transition::StateMachine, hsm0_with_executor::test::test_sm_out_of_bounds_invalid_transition::NoMessages>>::dispatch_idx
FN:207,<hsm0_with_executor::Executor<hsm0_with_executor::test::test_5s_long_cycle::StateMachine, hsm0_with_executor::test::test_5s_long_cycle::NoMessages>>::cycle_detector
FN:116,<hsm0_with_executor::Executor<hsm0_with_executor::test::test_3s_one_cycle::StateMachine, hsm0_with_executor::test::test_3s_one_cycle::NoMessages>>::new
FN:207,<hsm0_with_executor::Executor<hsm0_with_executor::test::test_sm_2s_invalid_transition::StateMachine, hsm0_with_executor::test::test_sm_2s_invalid_transition::NoMessages>>::cycle_detector
FN:141,<hsm0_with_executor::Executor<hsm0_with_executor::test::test_sm_2s_no_enter_no_exit::StateMachine, hsm0_with_executor::test::test_sm_2s_no_enter_no_exit::Message>>::state
FN:276,<hsm0_with_executor::Executor<hsm0_with_executor::test::test_sm_2s_invalid_transition::StateMachine, hsm0_with_executor::test::test_sm_2s_invalid_transition::NoMessages>>::get_sm
FN:1003,hsm0_with_executor::test::test_sm_2s_no_enter_no_exit::{closure#0}
FN:1726,<hsm0_with_executor::test::test_3s_one_cycle::NoMessages as core::fmt::Debug>::fmt
FN:879,hsm0_with_executor::test::test_sm_out_of_bounds_invalid_transition::{closure#0}
FN:759,hsm0_with_executor::test::test_sm_invalid_initial_state::{closure#0}
FN:575,<hsm0_with_executor::test::test_sm_1s_get_names::StateMachine as core::fmt::Debug>::fmt
FN:141,<hsm0_with_executor::Executor<hsm0_with_executor::test::test_leaf_transitions_in_a_tree::StateMachine, hsm0_with_executor::test::test_leaf_transitions_in_a_tree::NoMessages>>::state
FN:291,<hsm0_with_executor::Executor<hsm0_with_executor::test::test_sm_2s_get_names::StateMachine, hsm0_with_executor::test::test_sm_2s_get_names::NoMessages>>::setup_exit_enter_fns_idxs
FN:54,<hsm0_with_executor::StateInfo<hsm0_with_executor::test::test_leaf_transitions_between_trees::StateMachine, hsm0_with_executor::test::test_leaf_transitions_between_trees::NoMessages>>::enter_fn
FN:60,<hsm0_with_executor::StateInfo<hsm0_with_executor::test::test_leaf_transitions_between_trees::StateMachine, hsm0_with_executor::test::test_leaf_transitions_between_trees::NoMessages>>::exit_fn
FN:416,<hsm0_with_executor::Executor<hsm0_with_executor::test::test_sm_2s_get_names::StateMachine, hsm0_with_executor::test::test_sm_2s_get_names::NoMessages>>::dispatch
FN:116,<hsm0_with_executor::Executor<hsm0_with_executor::test::test_leaf_transitions_between_trees::StateMachine, hsm0_with_executor::test::test_leaf_transitions_between_trees::NoMessages>>::new
FN:256,<hsm0_with_executor::Executor<hsm0_with_executor::test::test_sm_1s_enter_no_exit::StateMachine, hsm0_with_executor::test::test_sm_1s_enter_no_exit::Messages>>::initialize_states_children
FN:291,<hsm0_with_executor::Executor<hsm0_with_executor::test::test_sm_out_of_bounds_initial_transition::StateMachine, hsm0_with_executor::test::test_sm_out_of_bounds_initial_transition::NoMessages>>::setup_exit_enter_fns_idxs
FN:291,<hsm0_with_executor::Executor<hsm0_with_executor::test::test_sm_1s_no_enter_no_exit::StateMachine, hsm0_with_executor::test::test_sm_1s_no_enter_no_exit::NoMessages>>::setup_exit_enter_fns_idxs
FN:249,<hsm0_with_executor::Executor<hsm0_with_executor::test::test_sm_1s_no_enter_no_exit::StateMachine, hsm0_with_executor::test::test_sm_1s_no_enter_no_exit::NoMessages>>::initialize_children
FN:508,hsm0_with_executor::test::test_sm_1s_no_enter_no_exit::{closure#0}
FN:256,<hsm0_with_executor::Executor<hsm0_with_executor::test::test_2s_one_self_cycle::StateMachine, hsm0_with_executor::test::test_2s_one_self_cycle::NoMessages>>::initialize_states_children
FN:249,<hsm0_with_executor::Executor<hsm0_with_executor::test::test_leaf_transitions_in_a_tree::StateMachine, hsm0_with_executor::test::test_leaf_transitions_in_a_tree::NoMessages>>::initialize_children
FN:39,<hsm0_with_executor::StateInfo<hsm0_with_executor::test::test_sm_2s_invalid_transition::StateMachine, hsm0_with_executor::test::test_sm_2s_invalid_transition::NoMessages>>::new
FN:490,<hsm0_with_executor::Executor<hsm0_with_executor::test::test_sm_1s_no_enter_no_exit::StateMachine, hsm0_with_executor::test::test_sm_1s_no_enter_no_exit::NoMessages>>::next_defer
FN:207,<hsm0_with_executor::Executor<hsm0_with_executor::test::test_sm_1h_2s_not_handled_no_enter_no_exit::StateMachine, hsm0_with_executor::test::test_sm_1h_2s_not_handled_no_enter_no_exit::Message>>::cycle_detector
FN:116,<hsm0_with_executor::Executor<hsm0_with_executor::test::test_sm_2s_no_enter_no_exit::StateMachine, hsm0_with_executor::test::test_sm_2s_no_enter_no_exit::Message>>::new
FN:287,<hsm0_with_executor::Executor<hsm0_with_executor::test::test_sm_1s_no_enter_no_exit::StateMachine, hsm0_with_executor::test::test_sm_1s_no_enter_no_exit::NoMessages>>::get_state_exit_cnt
FN:341,<hsm0_with_executor::Executor<hsm0_with_executor::test::test_sm_1h_2s_not_handled_no_enter_no_exit::StateMachine, hsm0_with_executor::test::test_sm_1h_2s_not_handled_no_enter_no_exit::Message>>::dispatch_idx
FN:1601,<hsm0_with_executor::test::test_2s_one_self_cycle::NoMessages as core::fmt::Debug>::fmt
FN:256,<hsm0_with_executor::Executor<hsm0_with_executor::test::test_sm_2s_no_enter_no_exit::StateMachine, hsm0_with_executor::test::test_sm_2s_no_enter_no_exit::Message>>::initialize_states_children
FN:767,<hsm0_with_executor::test::test_sm_invalid_initial_state::NoMessages as core::fmt::Debug>::fmt
FN:1215,<hsm0_with_executor::test::test_leaf_transitions_in_a_tree::StateMachine>::base_enter
FN:39,<hsm0_with_executor::StateInfo<hsm0_with_executor::test::test_leaf_transitions_between_trees::StateMachine, hsm0_with_executor::test::test_leaf_transitions_between_trees::NoMessages>>::new
FN:141,<hsm0_with_executor::Executor<hsm0_with_executor::test::test_sm_out_of_bounds_invalid_transition::StateMachine, hsm0_with_executor::test::test_sm_out_of_bounds_invalid_transition::NoMessages>>::state
FN:287,<hsm0_with_executor::Executor<hsm0_with_executor::test::test_sm_out_of_bounds_invalid_transition::StateMachine, hsm0_with_executor::test::test_sm_out_of_bounds_invalid_transition::NoMessages>>::get_state_exit_cnt
FN:883,<hsm0_with_executor::test::test_sm_out_of_bounds_invalid_transition::StateMachine as core::fmt::Debug>::fmt
FN:116,<hsm0_with_executor::Executor<hsm0_with_executor::test::test_5s_long_cycle::StateMachine, hsm0_with_executor::test::test_5s_long_cycle::NoMessages>>::new
FN:39,<hsm0_with_executor::StateInfo<hsm0_with_executor::test::test_5s_long_cycle::StateMachine, hsm0_with_executor::test::test_5s_long_cycle::NoMessages>>::new
FN:256,<hsm0_with_executor::Executor<hsm0_with_executor::test::test_sm_2s_get_names::StateMachine, hsm0_with_executor::test::test_sm_2s_get_names::NoMessages>>::initialize_states_children
FN:116,<hsm0_with_executor::Executor<hsm0_with_executor::test::test_sm_1h_2s_not_handled_no_enter_no_exit::StateMachine, hsm0_with_executor::test::test_sm_1h_2s_not_handled_no_enter_no_exit::Message>>::new
FN:54,<hsm0_with_executor::StateInfo<hsm0_with_executor::test::test_sm_1s_enter_no_exit::StateMachine, hsm0_with_executor::test::test_sm_1s_enter_no_exit::Messages>>::enter_fn
FN:116,<hsm0_with_executor::Executor<hsm0_with_executor::test::test_sm_1s_no_enter_no_exit::StateMachine, hsm0_with_executor::test::test_sm_1s_no_enter_no_exit::NoMessages>>::new
FN:291,<hsm0_with_executor::Executor<hsm0_with_executor::test::test_sm_2s_no_enter_no_exit::StateMachine, hsm0_with_executor::test::test_sm_2s_no_enter_no_exit::Message>>::setup_exit_enter_fns_idxs
FN:416,<hsm0_with_executor::Executor<hsm0_with_executor::test::test_sm_2s_invalid_transition::StateMachine, hsm0_with_executor::test::test_sm_2s_invalid_transition::NoMessages>>::dispatch
FN:39,<hsm0_with_executor::StateInfo<hsm0_with_executor::test::test_2s_cycle::StateMachine, hsm0_with_executor::test::test_2s_cycle::NoMessages>>::new
FN:280,<hsm0_with_executor::Executor<hsm0_with_executor::test::test_leaf_transitions_in_a_tree::StateMachine, hsm0_with_executor::test::test_leaf_transitions_in_a_tree::NoMessages>>::get_state_enter_cnt
FN:482,<hsm0_with_executor::Executor<hsm0_with_executor::test::test_sm_1s_no_enter_no_exit::StateMachine, hsm0_with_executor::test::test_sm_1s_no_enter_no_exit::NoMessages>>::defer_try_recv
FN:280,<hsm0_with_executor::Executor<hsm0_with_executor::test::test_sm_out_of_bounds_invalid_transition::StateMachine, hsm0_with_executor::test::test_sm_out_of_bounds_invalid_transition::NoMessages>>::get_state_enter_cnt
FN:141,<hsm0_with_executor::Executor<hsm0_with_executor::test::test_sm_out_of_bounds_initial_transition::StateMachine, hsm0_with_executor::test::test_sm_out_of_bounds_initial_transition::NoMessages>>::state
FN:276,<hsm0_with_executor::Executor<hsm0_with_executor::test::test_leaf_transitions_between_trees::StateMachine, hsm0_with_executor::test::test_leaf_transitions_between_trees::NoMessages>>::get_sm
FN:341,<hsm0_with_executor::Executor<hsm0_with_executor::test::test_sm_2s_invalid_transition::StateMachine, hsm0_with_executor::test::test_sm_2s_invalid_transition::NoMessages>>::dispatch_idx
FN:1801,<hsm0_with_executor::test::test_5s_long_cycle::StateMachine as core::fmt::Debug>::fmt
FN:66,<hsm0_with_executor::StateInfo<hsm0_with_executor::test::test_leaf_transitions_between_trees::StateMachine, hsm0_with_executor::test::test_leaf_transitions_between_trees::NoMessages>>::parent_idx
FN:935,<hsm0_with_executor::test::test_sm_1s_enter_no_exit::StateMachine as core::fmt::Debug>::fmt
FN:276,<hsm0_with_executor::Executor<hsm0_with_executor::test::test_sm_out_of_bounds_invalid_transition::StateMachine, hsm0_with_executor::test::test_sm_out_of_bounds_invalid_transition::NoMessages>>::get_sm
FN:932,hsm0_with_executor::test::test_sm_1s_enter_no_exit::{closure#0}
FN:116,<hsm0_with_executor::Executor<hsm0_with_executor::test::test_sm_1s_enter_no_exit::StateMachine, hsm0_with_executor::test::test_sm_1s_enter_no_exit::Messages>>::new
FN:249,<hsm0_with_executor::Executor<hsm0_with_executor::test::test_sm_2s_no_enter_no_exit::StateMachine, hsm0_with_executor::test::test_sm_2s_no_enter_no_exit::Message>>::initialize_children
FN:249,<hsm0_with_executor::Executor<hsm0_with_executor::test::test_sm_out_of_bounds_initial_transition::StateMachine, hsm0_with_executor::test::test_sm_out_of_bounds_initial_transition::NoMessages>>::initialize_children
FN:341,<hsm0_with_executor::Executor<hsm0_with_executor::test::test_leaf_transitions_between_trees::StateMachine, hsm0_with_executor::test::test_leaf_transitions_between_trees::NoMessages>>::dispatch_idx
FN:39,<hsm0_with_executor::StateInfo<hsm0_with_executor::test::test_sm_1s_enter_no_exit::StateMachine, hsm0_with_executor::test::test_sm_1s_enter_no_exit::Messages>>::new
FN:1012,<hsm0_with_executor::test::test_sm_2s_no_enter_no_exit::Message as core::fmt::Debug>::fmt
FN:150,<hsm0_with_executor::Executor<hsm0_with_executor::test::test_sm_2s_get_names::StateMachine, hsm0_with_executor::test::test_sm_2s_get_names::NoMessages>>::build
FN:256,<hsm0_with_executor::Executor<hsm0_with_executor::test::test_sm_1s_no_enter_no_exit::StateMachine, hsm0_with_executor::test::test_sm_1s_no_enter_no_exit::NoMessages>>::initialize_states_children
FN:291,<hsm0_with_executor::Executor<hsm0_with_executor::test::test_sm_1s_enter_no_exit::StateMachine, hsm0_with_executor::test::test_sm_1s_enter_no_exit::Messages>>::setup_exit_enter_fns_idxs
FN:141,<hsm0_with_executor::Executor<hsm0_with_executor::test::test_sm_1h_2s_not_handled_no_enter_no_exit::StateMachine, hsm0_with_executor::test::test_sm_1h_2s_not_handled_no_enter_no_exit::Message>>::state
FN:291,<hsm0_with_executor::Executor<hsm0_with_executor::test::test_sm_out_of_bounds_invalid_transition::StateMachine, hsm0_with_executor::test::test_sm_out_of_bounds_invalid_transition::NoMessages>>::setup_exit_enter_fns_idxs
FN:141,<hsm0_with_executor::Executor<hsm0_with_executor::test::test_sm_1s_get_names::StateMachine, hsm0_with_executor::test::test_sm_1s_get_names::NoMessages>>::state
FN:280,<hsm0_with_executor::Executor<hsm0_with_executor::test::test_sm_1h_2s_not_handled_no_enter_no_exit::StateMachine, hsm0_with_executor::test::test_sm_1h_2s_not_handled_no_enter_no_exit::Message>>::get_state_enter_cnt
FN:256,<hsm0_with_executor::Executor<hsm0_with_executor::test::test_leaf_transitions_in_a_tree::StateMachine, hsm0_with_executor::test::test_leaf_transitions_in_a_tree::NoMessages>>::initialize_states_children
FN:207,<hsm0_with_executor::Executor<hsm0_with_executor::test::test_sm_out_of_bounds_initial_transition::StateMachine, hsm0_with_executor::test::test_sm_out_of_bounds_initial_transition::NoMessages>>::cycle_detector
FN:517,<hsm0_with_executor::test::test_sm_1s_no_enter_no_exit::NoMessages as core::fmt::Debug>::fmt
FN:1805,<hsm0_with_executor::test::test_5s_long_cycle::NoMessages as core::fmt::Debug>::fmt
FN:416,<hsm0_with_executor::Executor<hsm0_with_executor::test::test_leaf_transitions_between_trees::StateMachine, hsm0_with_executor::test::test_leaf_transitions_between_trees::NoMessages>>::dispatch
FN:141,<hsm0_with_executor::Executor<hsm0_with_executor::test::test_sm_2s_get_names::StateMachine, hsm0_with_executor::test::test_sm_2s_get_names::NoMessages>>::state
FN:249,<hsm0_with_executor::Executor<hsm0_with_executor::test::test_leaf_transitions_between_trees::StateMachine, hsm0_with_executor::test::test_leaf_transitions_between_trees::NoMessages>>::initialize_children
FN:276,<hsm0_with_executor::Executor<hsm0_with_executor::test::test_sm_1s_no_enter_no_exit::StateMachine, hsm0_with_executor::test::test_sm_1s_no_enter_no_exit::NoMessages>>::get_sm
FN:1711,hsm0_with_executor::test::test_3s_one_cycle::{closure#0}
FN:341,<hsm0_with_executor::Executor<hsm0_with_executor::test::test_sm_out_of_bounds_initial_transition::StateMachine, hsm0_with_executor::test::test_sm_out_of_bounds_initial_transition::NoMessages>>::dispatch_idx
FN:116,<hsm0_with_executor::Executor<hsm0_with_executor::test::test_sm_out_of_bounds_invalid_transition::StateMachine, hsm0_with_executor::test::test_sm_out_of_bounds_invalid_transition::NoMessages>>::new
FN:150,<hsm0_with_executor::Executor<hsm0_with_executor::test::test_3s_one_cycle::StateMachine, hsm0_with_executor::test::test_3s_one_cycle::NoMessages>>::build
FN:1167,hsm0_with_executor::test::test_leaf_transitions_in_a_tree::{closure#0}
FN:141,<hsm0_with_executor::Executor<hsm0_with_executor::test::test_2s_cycle::StateMachine, hsm0_with_executor::test::test_2s_cycle::NoMessages>>::state
FN:116,<hsm0_with_executor::Executor<hsm0_with_executor::test::test_sm_out_of_bounds_initial_transition::StateMachine, hsm0_with_executor::test::test_sm_out_of_bounds_initial_transition::NoMessages>>::new
FN:416,<hsm0_with_executor::Executor<hsm0_with_executor::test::test_sm_out_of_bounds_initial_transition::StateMachine, hsm0_with_executor::test::test_sm_out_of_bounds_initial_transition::NoMessages>>::dispatch
FN:256,<hsm0_with_executor::Executor<hsm0_with_executor::test::test_sm_1h_2s_not_handled_no_enter_no_exit::StateMachine, hsm0_with_executor::test::test_sm_1h_2s_not_handled_no_enter_no_exit::Message>>::initialize_states_children
FN:256,<hsm0_with_executor::Executor<hsm0_with_executor::test::test_sm_out_of_bounds_invalid_transition::StateMachine, hsm0_with_executor::test::test_sm_out_of_bounds_invalid_transition::NoMessages>>::initialize_states_children
FN:1095,<hsm0_with_executor::test::test_sm_1h_2s_not_handled_no_enter_no_exit::Message as core::fmt::Debug>::fmt
FN:287,<hsm0_with_executor::Executor<hsm0_with_executor::test::test_sm_1h_2s_not_handled_no_enter_no_exit::StateMachine, hsm0_with_executor::test::test_sm_1h_2s_not_handled_no_enter_no_exit::Message>>::get_state_exit_cnt
FN:341,<hsm0_with_executor::Executor<hsm0_with_executor::test::test_sm_1s_enter_no_exit::StateMachine, hsm0_with_executor::test::test_sm_1s_enter_no_exit::Messages>>::dispatch_idx
FN:494,<hsm0_with_executor::Executor<_, _>>::current_defer
FN:150,<hsm0_with_executor::Executor<hsm0_with_executor::test::test_sm_1s_enter_no_exit::StateMachine, hsm0_with_executor::test::test_sm_1s_enter_no_exit::Messages>>::build
FN:572,hsm0_with_executor::test::test_sm_1s_get_names::{closure#0}
FN:141,<hsm0_with_executor::Executor<hsm0_with_executor::test::test_5s_long_cycle::StateMachine, hsm0_with_executor::test::test_5s_long_cycle::NoMessages>>::state
FN:116,<hsm0_with_executor::Executor<hsm0_with_executor::test::test_2s_cycle::StateMachine, hsm0_with_executor::test::test_2s_cycle::NoMessages>>::new
FN:416,<hsm0_with_executor::Executor<hsm0_with_executor::test::test_sm_1s_no_enter_no_exit::StateMachine, hsm0_with_executor::test::test_sm_1s_no_enter_no_exit::NoMessages>>::dispatch
FN:256,<hsm0_with_executor::Executor<hsm0_with_executor::test::test_1s_cycle::StateMachine, hsm0_with_executor::test::test_1s_cycle::NoMessages>>::initialize_states_children
FN:815,hsm0_with_executor::test::test_sm_2s_invalid_transition::{closure#0}
FN:287,<hsm0_with_executor::Executor<hsm0_with_executor::test::test_sm_1s_enter_no_exit::StateMachine, hsm0_with_executor::test::test_sm_1s_enter_no_exit::Messages>>::get_state_exit_cnt
FN:287,<hsm0_with_executor::Executor<hsm0_with_executor::test::test_sm_2s_no_enter_no_exit::StateMachine, hsm0_with_executor::test::test_sm_2s_no_enter_no_exit::Message>>::get_state_exit_cnt
FN:256,<hsm0_with_executor::Executor<hsm0_with_executor::test::test_3s_one_cycle::StateMachine, hsm0_with_executor::test::test_3s_one_cycle::NoMessages>>::initialize_states_children
FN:416,<hsm0_with_executor::Executor<hsm0_with_executor::test::test_sm_1s_enter_no_exit::StateMachine, hsm0_with_executor::test::test_sm_1s_enter_no_exit::Messages>>::dispatch
FN:283,<hsm0_with_executor::Executor<hsm0_with_executor::test::test_sm_2s_no_enter_no_exit::StateMachine, hsm0_with_executor::test::test_sm_2s_no_enter_no_exit::Message>>::get_state_process_cnt
FN:276,<hsm0_with_executor::Executor<hsm0_with_executor::test::test_leaf_transitions_in_a_tree::StateMachine, hsm0_with_executor::test::test_leaf_transitions_in_a_tree::NoMessages>>::get_sm
FN:474,<hsm0_with_executor::Executor<_, _>>::send
FN:116,<hsm0_with_executor::Executor<hsm0_with_executor::test::test_sm_2s_invalid_transition::StateMachine, hsm0_with_executor::test::test_sm_2s_invalid_transition::NoMessages>>::new
FN:511,<hsm0_with_executor::test::test_sm_1s_no_enter_no_exit::StateMachine as core::fmt::Debug>::fmt
FN:470,<hsm0_with_executor::Executor<_, _>>::try_recv
FN:287,<hsm0_with_executor::Executor<hsm0_with_executor::test::test_sm_out_of_bounds_initial_transition::StateMachine, hsm0_with_executor::test::test_sm_out_of_bounds_initial_transition::NoMessages>>::get_state_exit_cnt
FN:763,<hsm0_with_executor::test::test_sm_invalid_initial_state::StateMachine as core::fmt::Debug>::fmt
FN:249,<hsm0_with_executor::Executor<hsm0_with_executor::test::test_3s_one_cycle::StateMachine, hsm0_with_executor::test::test_3s_one_cycle::NoMessages>>::initialize_children
FN:116,<hsm0_with_executor::Executor<hsm0_with_executor::test::test_leaf_transitions_in_a_tree::StateMachine, hsm0_with_executor::test::test_leaf_transitions_in_a_tree::NoMessages>>::new
FN:291,<hsm0_with_executor::Executor<hsm0_with_executor::test::test_sm_1s_get_names::StateMachine, hsm0_with_executor::test::test_sm_1s_get_names::NoMessages>>::setup_exit_enter_fns_idxs
FN:280,<hsm0_with_executor::Executor<hsm0_with_executor::test::test_sm_2s_invalid_transition::StateMachine, hsm0_with_executor::test::test_sm_2s_invalid_transition::NoMessages>>::get_state_enter_cnt
FN:280,<hsm0_with_executor::Executor<hsm0_with_executor::test::test_leaf_transitions_between_trees::StateMachine, hsm0_with_executor::test::test_leaf_transitions_between_trees::NoMessages>>::get_state_enter_cnt
FN:256,<hsm0_with_executor::Executor<hsm0_with_executor::test::test_sm_invalid_initial_state::StateMachine, hsm0_with_executor::test::test_sm_invalid_initial_state::NoMessages>>::initialize_states_children
FN:268,<hsm0_with_executor::Executor<hsm0_with_executor::test::test_sm_1s_no_enter_no_exit::StateMachine, hsm0_with_executor::test::test_sm_1s_no_enter_no_exit::NoMessages>>::get_state_name
FN:642,<hsm0_with_executor::test::test_sm_2s_get_names::NoMessages as core::fmt::Debug>::fmt
FN:283,<hsm0_with_executor::Executor<hsm0_with_executor::test::test_sm_2s_invalid_transition::StateMachine, hsm0_with_executor::test::test_sm_2s_invalid_transition::NoMessages>>::get_state_process_cnt
FN:1783,hsm0_with_executor::test::test_5s_long_cycle::{closure#0}
FN:823,<hsm0_with_executor::test::test_sm_2s_invalid_transition::NoMessages as core::fmt::Debug>::fmt
FN:249,<hsm0_with_executor::Executor<hsm0_with_executor::test::test_sm_1s_get_names::StateMachine, hsm0_with_executor::test::test_sm_1s_get_names::NoMessages>>::initialize_children
FN:141,<hsm0_with_executor::Executor<hsm0_with_executor::test::test_sm_1s_enter_no_exit::StateMachine, hsm0_with_executor::test::test_sm_1s_enter_no_exit::Messages>>::state
FN:268,<hsm0_with_executor::Executor<hsm0_with_executor::test::test_sm_1s_get_names::StateMachine, hsm0_with_executor::test::test_sm_1s_get_names::NoMessages>>::get_state_name
FN:291,<hsm0_with_executor::Executor<hsm0_with_executor::test::test_leaf_transitions_between_trees::StateMachine, hsm0_with_executor::test::test_leaf_transitions_between_trees::NoMessages>>::setup_exit_enter_fns_idxs
FN:150,<hsm0_with_executor::Executor<hsm0_with_executor::test::test_leaf_transitions_in_a_tree::StateMachine, hsm0_with_executor::test::test_leaf_transitions_in_a_tree::NoMessages>>::build
FN:39,<hsm0_with_executor::StateInfo<hsm0_with_executor::test::test_1s_cycle::StateMachine, hsm0_with_executor::test::test_1s_cycle::NoMessages>>::new
FN:633,hsm0_with_executor::test::test_sm_2s_get_names::{closure#0}
FN:207,<hsm0_with_executor::Executor<hsm0_with_executor::test::test_sm_1s_get_names::StateMachine, hsm0_with_executor::test::test_sm_1s_get_names::NoMessages>>::cycle_detector
FN:341,<hsm0_with_executor::Executor<hsm0_with_executor::test::test_sm_1s_no_enter_no_exit::StateMachine, hsm0_with_executor::test::test_sm_1s_no_enter_no_exit::NoMessages>>::dispatch_idx
FN:283,<hsm0_with_executor::Executor<hsm0_with_executor::test::test_sm_out_of_bounds_initial_transition::StateMachine, hsm0_with_executor::test::test_sm_out_of_bounds_initial_transition::NoMessages>>::get_state_process_cnt
FN:283,<hsm0_with_executor::Executor<hsm0_with_executor::test::test_leaf_transitions_between_trees::StateMachine, hsm0_with_executor::test::test_leaf_transitions_between_trees::NoMessages>>::get_state_process_cnt
FN:249,<hsm0_with_executor::Executor<hsm0_with_executor::test::test_sm_invalid_initial_state::StateMachine, hsm0_with_executor::test::test_sm_invalid_initial_state::NoMessages>>::initialize_children
FN:66,<hsm0_with_executor::StateInfo<hsm0_with_executor::test::test_5s_long_cycle::StateMachine, hsm0_with_executor::test::test_5s_long_cycle::NoMessages>>::parent_idx
FN:39,<hsm0_with_executor::StateInfo<hsm0_with_executor::test::test_3s_one_cycle::StateMachine, hsm0_with_executor::test::test_3s_one_cycle::NoMessages>>::new
FN:1341,<hsm0_with_executor::test::test_leaf_transitions_between_trees::NoMessages as core::fmt::Debug>::fmt
FN:116,<hsm0_with_executor::Executor<hsm0_with_executor::test::test_sm_2s_get_names::StateMachine, hsm0_with_executor::test::test_sm_2s_get_names::NoMessages>>::new
FN:1722,<hsm0_with_executor::test::test_3s_one_cycle::StateMachine as core::fmt::Debug>::fmt
FN:150,<hsm0_with_executor::Executor<hsm0_with_executor::test::test_sm_1h_2s_not_handled_no_enter_no_exit::StateMachine, hsm0_with_executor::test::test_sm_1h_2s_not_handled_no_enter_no_exit::Message>>::build
FN:272,<hsm0_with_executor::Executor<hsm0_with_executor::test::test_sm_2s_get_names::StateMachine, hsm0_with_executor::test::test_sm_2s_get_names::NoMessages>>::get_current_state_name
FN:207,<hsm0_with_executor::Executor<hsm0_with_executor::test::test_leaf_transitions_in_a_tree::StateMachine, hsm0_with_executor::test::test_leaf_transitions_in_a_tree::NoMessages>>::cycle_detector
FN:341,<hsm0_with_executor::Executor<hsm0_with_executor::test::test_sm_2s_no_enter_no_exit::StateMachine, hsm0_with_executor::test::test_sm_2s_no_enter_no_exit::Message>>::dispatch_idx
FN:66,<hsm0_with_executor::StateInfo<hsm0_with_executor::test::test_2s_one_self_cycle::StateMachine, hsm0_with_executor::test::test_2s_one_self_cycle::NoMessages>>::parent_idx
FN:66,<hsm0_with_executor::StateInfo<hsm0_with_executor::test::test_sm_1h_2s_not_handled_no_enter_no_exit::StateMachine, hsm0_with_executor::test::test_sm_1h_2s_not_handled_no_enter_no_exit::Message>>::parent_idx
FN:1550,<hsm0_with_executor::test::test_1s_cycle::NoMessages as core::fmt::Debug>::fmt
FN:1648,hsm0_with_executor::test::test_2s_cycle::{closure#0}
FN:887,<hsm0_with_executor::test::test_sm_out_of_bounds_invalid_transition::NoMessages as core::fmt::Debug>::fmt
FN:141,<hsm0_with_executor::Executor<hsm0_with_executor::test::test_sm_invalid_initial_state::StateMachine, hsm0_with_executor::test::test_sm_invalid_initial_state::NoMessages>>::state
FN:416,<hsm0_with_executor::Executor<hsm0_with_executor::test::test_sm_1s_get_names::StateMachine, hsm0_with_executor::test::test_sm_1s_get_names::NoMessages>>::dispatch
FN:287,<hsm0_with_executor::Executor<hsm0_with_executor::test::test_leaf_transitions_in_a_tree::StateMachine, hsm0_with_executor::test::test_leaf_transitions_in_a_tree::NoMessages>>::get_state_exit_cnt
FN:272,<hsm0_with_executor::Executor<hsm0_with_executor::test::test_sm_1s_get_names::StateMachine, hsm0_with_executor::test::test_sm_1s_get_names::NoMessages>>::get_current_state_name
FN:276,<hsm0_with_executor::Executor<hsm0_with_executor::test::test_sm_1h_2s_not_handled_no_enter_no_exit::StateMachine, hsm0_with_executor::test::test_sm_1h_2s_not_handled_no_enter_no_exit::Message>>::get_sm
FN:207,<hsm0_with_executor::Executor<hsm0_with_executor::test::test_sm_2s_no_enter_no_exit::StateMachine, hsm0_with_executor::test::test_sm_2s_no_enter_no_exit::Message>>::cycle_detector
FN:486,<hsm0_with_executor::Executor<_, _>>::defer_send
FN:39,<hsm0_with_executor::StateInfo<hsm0_with_executor::test::test_sm_1s_get_names::StateMachine, hsm0_with_executor::test::test_sm_1s_get_names::NoMessages>>::new
FN:276,<hsm0_with_executor::Executor<hsm0_with_executor::test::test_sm_2s_get_names::StateMachine, hsm0_with_executor::test::test_sm_2s_get_names::NoMessages>>::get_sm
FN:141,<hsm0_with_executor::Executor<hsm0_with_executor::test::test_2s_one_self_cycle::StateMachine, hsm0_with_executor::test::test_2s_one_self_cycle::NoMessages>>::state
FN:249,<hsm0_with_executor::Executor<hsm0_with_executor::test::test_sm_2s_get_names::StateMachine, hsm0_with_executor::test::test_sm_2s_get_names::NoMessages>>::initialize_children
FN:249,<hsm0_with_executor::Executor<hsm0_with_executor::test::test_5s_long_cycle::StateMachine, hsm0_with_executor::test::test_5s_long_cycle::NoMessages>>::initialize_children
FN:39,<hsm0_with_executor::StateInfo<hsm0_with_executor::test::test_sm_out_of_bounds_initial_transition::StateMachine, hsm0_with_executor::test::test_sm_out_of_bounds_initial_transition::NoMessages>>::new
FN:207,<hsm0_with_executor::Executor<hsm0_with_executor::test::test_sm_1s_enter_no_exit::StateMachine, hsm0_with_executor::test::test_sm_1s_enter_no_exit::Messages>>::cycle_detector
FN:60,<hsm0_with_executor::StateInfo<hsm0_with_executor::test::test_leaf_transitions_in_a_tree::StateMachine, hsm0_with_executor::test::test_leaf_transitions_in_a_tree::NoMessages>>::exit_fn
FN:207,<hsm0_with_executor::Executor<hsm0_with_executor::test::test_1s_cycle::StateMachine, hsm0_with_executor::test::test_1s_cycle::NoMessages>>::cycle_detector
FN:941,<hsm0_with_executor::test::test_sm_1s_enter_no_exit::Messages as core::fmt::Debug>::fmt
FN:427,<hsm0_with_executor::Executor<hsm0_with_executor::test::test_sm_1s_no_enter_no_exit::StateMachine, hsm0_with_executor::test::test_sm_1s_no_enter_no_exit::NoMessages>>::dispatcher
FN:207,<hsm0_with_executor::Executor<hsm0_with_executor::test::test_2s_one_self_cycle::StateMachine, hsm0_with_executor::test::test_2s_one_self_cycle::NoMessages>>::cycle_detector
FN:39,<hsm0_with_executor::StateInfo<hsm0_with_executor::test::test_sm_invalid_initial_state::StateMachine, hsm0_with_executor::test::test_sm_invalid_initial_state::NoMessages>>::new
FN:280,<hsm0_with_executor::Executor<hsm0_with_executor::test::test_sm_1s_no_enter_no_exit::StateMachine, hsm0_with_executor::test::test_sm_1s_no_enter_no_exit::NoMessages>>::get_state_enter_cnt
FN:341,<hsm0_with_executor::Executor<hsm0_with_executor::test::test_leaf_transitions_in_a_tree::StateMachine, hsm0_with_executor::test::test_leaf_transitions_in_a_tree::NoMessages>>::dispatch_idx
FN:66,<hsm0_with_executor::StateInfo<hsm0_with_executor::test::test_1s_cycle::StateMachine, hsm0_with_executor::test::test_1s_cycle::NoMessages>>::parent_idx
FN:466,<hsm0_with_executor::Executor<_, _>>::recv
FN:1663,<hsm0_with_executor::test::test_2s_cycle::NoMessages as core::fmt::Debug>::fmt
FN:1546,<hsm0_with_executor::test::test_1s_cycle::StateMachine as core::fmt::Debug>::fmt
FN:116,<hsm0_with_executor::Executor<hsm0_with_executor::test::test_sm_invalid_initial_state::StateMachine, hsm0_with_executor::test::test_sm_invalid_initial_state::NoMessages>>::new
FN:39,<hsm0_with_executor::StateInfo<hsm0_with_executor::test::test_sm_2s_get_names::StateMachine, hsm0_with_executor::test::test_sm_2s_get_names::NoMessages>>::new
FN:150,<hsm0_with_executor::Executor<hsm0_with_executor::test::test_sm_2s_no_enter_no_exit::StateMachine, hsm0_with_executor::test::test_sm_2s_no_enter_no_exit::Message>>::build
FN:276,<hsm0_with_executor::Executor<hsm0_with_executor::test::test_sm_out_of_bounds_initial_transition::StateMachine, hsm0_with_executor::test::test_sm_out_of_bounds_initial_transition::NoMessages>>::get_sm
FN:283,<hsm0_with_executor::Executor<hsm0_with_executor::test::test_leaf_transitions_in_a_tree::StateMachine, hsm0_with_executor::test::test_leaf_transitions_in_a_tree::NoMessages>>::get_state_process_cnt
FN:39,<hsm0_with_executor::StateInfo<hsm0_with_executor::test::test_2s_one_self_cycle::StateMachine, hsm0_with_executor::test::test_2s_one_self_cycle::NoMessages>>::new
FN:1089,<hsm0_with_executor::test::test_sm_1h_2s_not_handled_no_enter_no_exit::StateMachine as core::fmt::Debug>::fmt
FN:116,<hsm0_with_executor::Executor<hsm0_with_executor::test::test_2s_one_self_cycle::StateMachine, hsm0_with_executor::test::test_2s_one_self_cycle::NoMessages>>::new
FN:141,<hsm0_with_executor::Executor<hsm0_with_executor::test::test_leaf_transitions_between_trees::StateMachine, hsm0_with_executor::test::test_leaf_transitions_between_trees::NoMessages>>::state
FN:276,<hsm0_with_executor::Executor<hsm0_with_executor::test::test_sm_1s_get_names::StateMachine, hsm0_with_executor::test::test_sm_1s_get_names::NoMessages>>::get_sm
FN:249,<hsm0_with_executor::Executor<hsm0_with_executor::test::test_sm_2s_invalid_transition::StateMachine, hsm0_with_executor::test::test_sm_2s_invalid_transition::NoMessages>>::initialize_children
FN:141,<hsm0_with_executor::Executor<hsm0_with_executor::test::test_1s_cycle::StateMachine, hsm0_with_executor::test::test_1s_cycle::NoMessages>>::state
FN:249,<hsm0_with_executor::Executor<hsm0_with_executor::test::test_2s_cycle::StateMachine, hsm0_with_executor::test::test_2s_cycle::NoMessages>>::initialize_children
FN:1006,<hsm0_with_executor::test::test_sm_2s_no_enter_no_exit::StateMachine as core::fmt::Debug>::fmt
FN:1659,<hsm0_with_executor::test::test_2s_cycle::StateMachine as core::fmt::Debug>::fmt
FN:287,<hsm0_with_executor::Executor<hsm0_with_executor::test::test_leaf_transitions_between_trees::StateMachine, hsm0_with_executor::test::test_leaf_transitions_between_trees::NoMessages>>::get_state_exit_cnt
FN:256,<hsm0_with_executor::Executor<hsm0_with_executor::test::test_leaf_transitions_between_trees::StateMachine, hsm0_with_executor::test::test_leaf_transitions_between_trees::NoMessages>>::initialize_states_children
FN:581,<hsm0_with_executor::test::test_sm_1s_get_names::NoMessages as core::fmt::Debug>::fmt
FN:116,<hsm0_with_executor::Executor<hsm0_with_executor::test::test_1s_cycle::StateMachine, hsm0_with_executor::test::test_1s_cycle::NoMessages>>::new
FN:207,<hsm0_with_executor::Executor<hsm0_with_executor::test::test_sm_1s_no_enter_no_exit::StateMachine, hsm0_with_executor::test::test_sm_1s_no_enter_no_exit::NoMessages>>::cycle_detector
FN:416,<hsm0_with_executor::Executor<hsm0_with_executor::test::test_leaf_transitions_in_a_tree::StateMachine, hsm0_with_executor::test::test_leaf_transitions_in_a_tree::NoMessages>>::dispatch
FN:207,<hsm0_with_executor::Executor<hsm0_with_executor::test::test_sm_2s_get_names::StateMachine, hsm0_with_executor::test::test_sm_2s_get_names::NoMessages>>::cycle_detector
FN:283,<hsm0_with_executor::Executor<hsm0_with_executor::test::test_sm_1s_enter_no_exit::StateMachine, hsm0_with_executor::test::test_sm_1s_enter_no_exit::Messages>>::get_state_process_cnt
FN:1586,hsm0_with_executor::test::test_2s_one_self_cycle::{closure#0}
FN:291,<hsm0_with_executor::Executor<hsm0_with_executor::test::test_sm_1h_2s_not_handled_no_enter_no_exit::StateMachine, hsm0_with_executor::test::test_sm_1h_2s_not_handled_no_enter_no_exit::Message>>::setup_exit_enter_fns_idxs
FN:256,<hsm0_with_executor::Executor<hsm0_with_executor::test::test_5s_long_cycle::StateMachine, hsm0_with_executor::test::test_5s_long_cycle::NoMessages>>::initialize_states_children
FN:280,<hsm0_with_executor::Executor<hsm0_with_executor::test::test_sm_out_of_bounds_initial_transition::StateMachine, hsm0_with_executor::test::test_sm_out_of_bounds_initial_transition::NoMessages>>::get_state_enter_cnt
FN:66,<hsm0_with_executor::StateInfo<hsm0_with_executor::test::test_leaf_transitions_in_a_tree::StateMachine, hsm0_with_executor::test::test_leaf_transitions_in_a_tree::NoMessages>>::parent_idx
FN:54,<hsm0_with_executor::StateInfo<hsm0_with_executor::test::test_leaf_transitions_in_a_tree::StateMachine, hsm0_with_executor::test::test_leaf_transitions_in_a_tree::NoMessages>>::enter_fn
FN:291,<hsm0_with_executor::Executor<hsm0_with_executor::test::test_leaf_transitions_in_a_tree::StateMachine, hsm0_with_executor::test::test_leaf_transitions_in_a_tree::NoMessages>>::setup_exit_enter_fns_idxs
FN:150,<hsm0_with_executor::Executor<hsm0_with_executor::test::test_5s_long_cycle::StateMachine, hsm0_with_executor::test::test_5s_long_cycle::NoMessages>>::build
FN:66,<hsm0_with_executor::StateInfo<hsm0_with_executor::test::test_2s_cycle::StateMachine, hsm0_with_executor::test::test_2s_cycle::NoMessages>>::parent_idx
FN:268,<hsm0_with_executor::Executor<hsm0_with_executor::test::test_sm_2s_get_names::StateMachine, hsm0_with_executor::test::test_sm_2s_get_names::NoMessages>>::get_state_name
FN:498,<hsm0_with_executor::Executor<hsm0_with_executor::test::test_sm_1s_no_enter_no_exit::StateMachine, hsm0_with_executor::test::test_sm_1s_no_enter_no_exit::NoMessages>>::other_defer
FN:256,<hsm0_with_executor::Executor<hsm0_with_executor::test::test_sm_out_of_bounds_initial_transition::StateMachine, hsm0_with_executor::test::test_sm_out_of_bounds_initial_transition::NoMessages>>::initialize_states_children
FN:276,<hsm0_with_executor::Executor<hsm0_with_executor::test::test_sm_2s_no_enter_no_exit::StateMachine, hsm0_with_executor::test::test_sm_2s_no_enter_no_exit::Message>>::get_sm
FN:249,<hsm0_with_executor::Executor<hsm0_with_executor::test::test_1s_cycle::StateMachine, hsm0_with_executor::test::test_1s_cycle::NoMessages>>::initialize_children
FN:341,<hsm0_with_executor::Executor<hsm0_with_executor::test::test_sm_2s_get_names::StateMachine, hsm0_with_executor::test::test_sm_2s_get_names::NoMessages>>::dispatch_idx
FN:710,<hsm0_with_executor::test::test_sm_out_of_bounds_initial_transition::StateMachine as core::fmt::Debug>::fmt
FN:1325,hsm0_with_executor::test::test_leaf_transitions_between_trees::{closure#0}
FN:150,<hsm0_with_executor::Executor<hsm0_with_executor::test::test_sm_invalid_initial_state::StateMachine, hsm0_with_executor::test::test_sm_invalid_initial_state::NoMessages>>::build
FN:150,<hsm0_with_executor::Executor<hsm0_with_executor::test::test_2s_one_self_cycle::StateMachine, hsm0_with_executor::test::test_2s_one_self_cycle::NoMessages>>::build
FN:416,<hsm0_with_executor::Executor<hsm0_with_executor::test::test_sm_2s_no_enter_no_exit::StateMachine, hsm0_with_executor::test::test_sm_2s_no_enter_no_exit::Message>>::dispatch
FN:150,<hsm0_with_executor::Executor<hsm0_with_executor::test::test_1s_cycle::StateMachine, hsm0_with_executor::test::test_1s_cycle::NoMessages>>::build
FN:39,<hsm0_with_executor::StateInfo<hsm0_with_executor::test::test_sm_out_of_bounds_invalid_transition::StateMachine, hsm0_with_executor::test::test_sm_out_of_bounds_invalid_transition::NoMessages>>::new
FN:819,<hsm0_with_executor::test::test_sm_2s_invalid_transition::StateMachine as core::fmt::Debug>::fmt
FN:276,<hsm0_with_executor::Executor<hsm0_with_executor::test::test_sm_1s_enter_no_exit::StateMachine, hsm0_with_executor::test::test_sm_1s_enter_no_exit::Messages>>::get_sm
FN:141,<hsm0_with_executor::Executor<hsm0_with_executor::test::test_sm_1s_no_enter_no_exit::StateMachine, hsm0_with_executor::test::test_sm_1s_no_enter_no_exit::NoMessages>>::state
FN:207,<hsm0_with_executor::Executor<hsm0_with_executor::test::test_sm_invalid_initial_state::StateMachine, hsm0_with_executor::test::test_sm_invalid_initial_state::NoMessages>>::cycle_detector
FN:706,hsm0_with_executor::test::test_sm_out_of_bounds_initial_transition::{closure#0}
FNDA:1,<hsm0_with_executor::Executor<hsm0_with_executor::test::test_sm_1s_no_enter_no_exit::StateMachine, hsm0_with_executor::test::test_sm_1s_no_enter_no_exit::NoMessages>>::build
FNDA:1,<hsm0_with_executor::Executor<hsm0_with_executor::test::test_sm_1s_no_enter_no_exit::StateMachine, hsm0_with_executor::test::test_sm_1s_no_enter_no_exit::NoMessages>>::get_state_process_cnt
FNDA:0,<hsm0_with_executor::Executor<hsm0_with_executor::test::test_sm_2s_invalid_transition::StateMachine, hsm0_with_executor::test::test_sm_2s_invalid_transition::NoMessages>>::get_state_exit_cnt
FNDA:1,hsm0_with_executor::test::test_1s_cycle::{closure#0}
FNDA:1,<hsm0_with_executor::Executor<hsm0_with_executor::test::test_sm_1h_2s_not_handled_no_enter_no_exit::StateMachine, hsm0_with_executor::test::test_sm_1h_2s_not_handled_no_enter_no_exit::Message>>::initialize_children
FNDA:1,<hsm0_with_executor::StateInfo<hsm0_with_executor::test::test_sm_2s_invalid_transition::StateMachine, hsm0_with_executor::test::test_sm_2s_invalid_transition::NoMessages>>::parent_idx
FNDA:1,<hsm0_with_executor::Executor<hsm0_with_executor::test::test_sm_2s_invalid_transition::StateMachine, hsm0_with_executor::test::test_sm_2s_invalid_transition::NoMessages>>::state
FNDA:1,<hsm0_with_executor::StateInfo<hsm0_with_executor::test::test_sm_2s_no_enter_no_exit::StateMachine, hsm0_with_executor::test::test_sm_2s_no_enter_no_exit::Message>>::new
FNDA:1,<hsm0_with_executor::Executor<hsm0_with_executor::test::test_sm_1h_2s_not_handled_no_enter_no_exit::StateMachine, hsm0_with_executor::test::test_sm_1h_2s_not_handled_no_enter_no_exit::Message>>::get_state_process_cnt
FNDA:1,hsm0_with_executor::main
FNDA:1,<hsm0_with_executor::Executor<hsm0_with_executor::test::test_leaf_transitions_between_trees::StateMachine, hsm0_with_executor::test::test_leaf_transitions_between_trees::NoMessages>>::cycle_detector
FNDA:1,<hsm0_with_executor::Executor<hsm0_with_executor::test::test_3s_one_cycle::StateMachine, hsm0_with_executor::test::test_3s_one_cycle::NoMessages>>::cycle_detector
FNDA:1,<hsm0_with_executor::Executor<hsm0_with_executor::test::test_sm_out_of_bounds_initial_transition::StateMachine, hsm0_with_executor::test::test_sm_out_of_bounds_initial_transition::NoMessages>>::build
FNDA:1,<hsm0_with_executor::Executor<hsm0_with_executor::test::test_sm_out_of_bounds_invalid_transition::StateMachine, hsm0_with_executor::test::test_sm_out_of_bounds_invalid_transition::NoMessages>>::cycle_detector
FNDA:1,<hsm0_with_executor::test::test_leaf_transitions_in_a_tree::NoMessages as core::fmt::Debug>::fmt
FNDA:1,<hsm0_with_executor::Executor<hsm0_with_executor::test::test_sm_1s_enter_no_exit::StateMachine, hsm0_with_executor::test::test_sm_1s_enter_no_exit::Messages>>::initialize_children
FNDA:1,<hsm0_with_executor::Executor<hsm0_with_executor::test::test_2s_cycle::StateMachine, hsm0_with_executor::test::test_2s_cycle::NoMessages>>::cycle_detector
FNDA:1,<hsm0_with_executor::Executor<hsm0_with_executor::test::test_sm_out_of_bounds_invalid_transition::StateMachine, hsm0_with_executor::test::test_sm_out_of_bounds_invalid_transition::NoMessages>>::initialize_children
FNDA:1,<hsm0_with_executor::Executor<hsm0_with_executor::test::test_sm_2s_invalid_transition::StateMachine, hsm0_with_executor::test::test_sm_2s_invalid_transition::NoMessages>>::build
FNDA:1,<hsm0_with_executor::Executor<hsm0_with_executor::test::test_sm_1s_enter_no_exit::StateMachine, hsm0_with_executor::test::test_sm_1s_enter_no_exit::Messages>>::get_state_enter_cnt
FNDA:1,<hsm0_with_executor::Executor<hsm0_with_executor::test::test_2s_cycle::StateMachine, hsm0_with_executor::test::test_2s_cycle::NoMessages>>::initialize_states_children
FNDA:1,<hsm0_with_executor::test::test_leaf_transitions_in_a_tree::StateMachine as core::fmt::Debug>::fmt
FNDA:1,<hsm0_with_executor::test::test_2s_one_self_cycle::StateMachine as core::fmt::Debug>::fmt
FNDA:0,<hsm0_with_executor::Executor<hsm0_with_executor::test::test_sm_out_of_bounds_invalid_transition::StateMachine, hsm0_with_executor::test::test_sm_out_of_bounds_invalid_transition::NoMessages>>::dispatch
FNDA:1,<hsm0_with_executor::Executor<hsm0_with_executor::test::test_2s_one_self_cycle::StateMachine, hsm0_with_executor::test::test_2s_one_self_cycle::NoMessages>>::initialize_children
FNDA:1,<hsm0_with_executor::StateInfo<hsm0_with_executor::test::test_leaf_transitions_in_a_tree::StateMachine, hsm0_with_executor::test::test_leaf_transitions_in_a_tree::NoMessages>>::new
FNDA:0,<hsm0_with_executor::Executor<hsm0_with_executor::test::test_sm_out_of_bounds_invalid_transition::StateMachine, hsm0_with_executor::test::test_sm_out_of_bounds_invalid_transition::NoMessages>>::get_state_process_cnt
FNDA:1,<hsm0_with_executor::StateInfo<hsm0_with_executor::test::test_3s_one_cycle::StateMachine, hsm0_with_executor::test::test_3s_one_cycle::NoMessages>>::parent_idx
FNDA:1,<hsm0_with_executor::Executor<hsm0_with_executor::test::test_sm_2s_no_enter_no_exit::StateMachine, hsm0_with_executor::test::test_sm_2s_no_enter_no_exit::Message>>::get_state_enter_cnt
FNDA:1,<hsm0_with_executor::test::test_sm_out_of_bounds_initial_transition::NoMessages as core::fmt::Debug>::fmt
FNDA:1,<hsm0_with_executor::Executor<hsm0_with_executor::test::test_sm_1s_get_names::StateMachine, hsm0_with_executor::test::test_sm_1s_get_names::NoMessages>>::new
FNDA:1,<hsm0_with_executor::Executor<hsm0_with_executor::test::test_sm_1s_get_names::StateMachine, hsm0_with_executor::test::test_sm_1s_get_names::NoMessages>>::dispatch_idx
FNDA:1,<hsm0_with_executor::Executor<hsm0_with_executor::test::test_sm_1h_2s_not_handled_no_enter_no_exit::StateMachine, hsm0_with_executor::test::test_sm_1h_2s_not_handled_no_enter_no_exit::Message>>::dispatch
FNDA:1,<hsm0_with_executor::StateInfo<hsm0_with_executor::test::test_sm_1h_2s_not_handled_no_enter_no_exit::StateMachine, hsm0_with_executor::test::test_sm_1h_2s_not_handled_no_enter_no_exit::Message>>::new
FNDA:1,<hsm0_with_executor::StateInfo<hsm0_with_executor::test::test_sm_invalid_initial_state::StateMachine, hsm0_with_executor::test::test_sm_invalid_initial_state::NoMessages>>::parent_idx
FNDA:1,<hsm0_with_executor::test::test_sm_2s_get_names::StateMachine as core::fmt::Debug>::fmt
FNDA:1,<hsm0_with_executor::test::test_leaf_transitions_between_trees::StateMachine as core::fmt::Debug>::fmt
FNDA:1,<hsm0_with_executor::Executor<hsm0_with_executor::test::test_3s_one_cycle::StateMachine, hsm0_with_executor::test::test_3s_one_cycle::NoMessages>>::state
FNDA:1,<hsm0_with_executor::Executor<hsm0_with_executor::test::test_leaf_transitions_between_trees::StateMachine, hsm0_with_executor::test::test_leaf_transitions_between_trees::NoMessages>>::build
FNDA:0,<hsm0_with_executor::Executor<hsm0_with_executor::test::test_sm_2s_invalid_transition::StateMachine, hsm0_with_executor::test::test_sm_2s_invalid_transition::NoMessages>>::setup_exit_enter_fns_idxs
FNDA:1,<hsm0_with_executor::Executor<hsm0_with_executor::test::test_sm_1s_get_names::StateMachine, hsm0_with_executor::test::test_sm_1s_get_names::NoMessages>>::build
FNDA:1,<hsm0_with_executor::Executor<hsm0_with_executor::test::test_2s_cycle::StateMachine, hsm0_with_executor::test::test_2s_cycle::NoMessages>>::build
FNDA:1,<hsm0_with_executor::Executor<hsm0_with_executor::test::test_sm_1s_get_names::StateMachine, hsm0_with_executor::test::test_sm_1s_get_names::NoMessages>>::initialize_states_children
FNDA:1,hsm0_with_executor::test::test_sm_1h_2s_not_handled_no_enter_no_exit::{closure#0}
FNDA:1,<hsm0_with_executor::Executor<hsm0_with_executor::test::test_sm_out_of_bounds_invalid_transition::StateMachine, hsm0_with_executor::test::test_sm_out_of_bounds_invalid_transition::NoMessages>>::build
FNDA:1,<hsm0_with_executor::Executor<hsm0_with_executor::test::test_sm_2s_invalid_transition::StateMachine, hsm0_with_executor::test::test_sm_2s_invalid_transition::NoMessages>>::initialize_states_children
FNDA:1,<hsm0_with_executor::StateInfo<hsm0_with_executor::test::test_sm_1s_no_enter_no_exit::StateMachine, hsm0_with_executor::test::test_sm_1s_no_enter_no_exit::NoMessages>>::new
FNDA:0,<hsm0_with_executor::Executor<hsm0_with_executor::test::test_sm_out_of_bounds_invalid_transition::StateMachine, hsm0_with_executor::test::test_sm_out_of_bounds_invalid_transition::NoMessages>>::dispatch_idx
FNDA:1,<hsm0_with_executor::Executor<hsm0_with_executor::test::test_5s_long_cycle::StateMachine, hsm0_with_executor::test::test_5s_long_cycle::NoMessages>>::cycle_detector
FNDA:1,<hsm0_with_executor::Executor<hsm0_with_executor::test::test_3s_one_cycle::StateMachine, hsm0_with_executor::test::test_3s_one_cycle::NoMessages>>::new
FNDA:1,<hsm0_with_executor::Executor<hsm0_with_executor::test::test_sm_2s_invalid_transition::StateMachine, hsm0_with_executor::test::test_sm_2s_invalid_transition::NoMessages>>::cycle_detector
FNDA:1,<hsm0_with_executor::Executor<hsm0_with_executor::test::test_sm_2s_no_enter_no_exit::StateMachine, hsm0_with_executor::test::test_sm_2s_no_enter_no_exit::Message>>::state
FNDA:1,<hsm0_with_executor::Executor<hsm0_with_executor::test::test_sm_2s_invalid_transition::StateMachine, hsm0_with_executor::test::test_sm_2s_invalid_transition::NoMessages>>::get_sm
FNDA:1,hsm0_with_executor::test::test_sm_2s_no_enter_no_exit::{closure#0}
FNDA:1,<hsm0_with_executor::test::test_3s_one_cycle::NoMessages as core::fmt::Debug>::fmt
FNDA:1,hsm0_with_executor::test::test_sm_out_of_bounds_invalid_transition::{closure#0}
FNDA:1,hsm0_with_executor::test::test_sm_invalid_initial_state::{closure#0}
FNDA:1,<hsm0_with_executor::test::test_sm_1s_get_names::StateMachine as core::fmt::Debug>::fmt
FNDA:1,<hsm0_with_executor::Executor<hsm0_with_executor::test::test_leaf_transitions_in_a_tree::StateMachine, hsm0_with_executor::test::test_leaf_transitions_in_a_tree::NoMessages>>::state
FNDA:1,<hsm0_with_executor::Executor<hsm0_with_executor::test::test_sm_2s_get_names::StateMachine, hsm0_with_executor::test::test_sm_2s_get_names::NoMessages>>::setup_exit_enter_fns_idxs
FNDA:1,<hsm0_with_executor::StateInfo<hsm0_with_executor::test::test_leaf_transitions_between_trees::StateMachine, hsm0_with_executor::test::test_leaf_transitions_between_trees::NoMessages>>::enter_fn
FNDA:1,<hsm0_with_executor::StateInfo<hsm0_with_executor::test::test_leaf_transitions_between_trees::StateMachine, hsm0_with_executor::test::test_leaf_transitions_between_trees::NoMessages>>::exit_fn
FNDA:1,<hsm0_with_executor::Executor<hsm0_with_executor::test::test_sm_2s_get_names::StateMachine, hsm0_with_executor::test::test_sm_2s_get_names::NoMessages>>::dispatch
FNDA:1,<hsm0_with_executor::Executor<hsm0_with_executor::test::test_leaf_transitions_between_trees::StateMachine, hsm0_with_executor::test::test_leaf_transitions_between_trees::NoMessages>>::new
FNDA:1,<hsm0_with_executor::Executor<hsm0_with_executor::test::test_sm_1s_enter_no_exit::StateMachine, hsm0_with_executor::test::test_sm_1s_enter_no_exit::Messages>>::initialize_states_children
FNDA:0,<hsm0_with_executor::Executor<hsm0_with_executor::test::test_sm_out_of_bounds_initial_transition::StateMachine, hsm0_with_executor::test::test_sm_out_of_bounds_initial_transition::NoMessages>>::setup_exit_enter_fns_idxs
FNDA:0,<hsm0_with_executor::Executor<hsm0_with_executor::test::test_sm_1s_no_enter_no_exit::StateMachine, hsm0_with_executor::test::test_sm_1s_no_enter_no_exit::NoMessages>>::setup_exit_enter_fns_idxs
FNDA:1,<hsm0_with_executor::Executor<hsm0_with_executor::test::test_sm_1s_no_enter_no_exit::StateMachine, hsm0_with_executor::test::test_sm_1s_no_enter_no_exit::NoMessages>>::initialize_children
FNDA:1,hsm0_with_executor::test::test_sm_1s_no_enter_no_exit::{closure#0}
FNDA:1,<hsm0_with_executor::Executor<hsm0_with_executor::test::test_2s_one_self_cycle::StateMachine, hsm0_with_executor::test::test_2s_one_self_cycle::NoMessages>>::initialize_states_children
FNDA:1,<hsm0_with_executor::Executor<hsm0_with_executor::test::test_leaf_transitions_in_a_tree::StateMachine, hsm0_with_executor::test::test_leaf_transitions_in_a_tree::NoMessages>>::initialize_children
FNDA:1,<hsm0_with_executor::StateInfo<hsm0_with_executor::test::test_sm_2s_invalid_transition::StateMachine, hsm0_with_executor::test::test_sm_2s_invalid_transition::NoMessages>>::new
FNDA:0,<hsm0_with_executor::Executor<hsm0_with_executor::test::test_sm_1s_no_enter_no_exit::StateMachine, hsm0_with_executor::test::test_sm_1s_no_enter_no_exit::NoMessages>>::next_defer
FNDA:1,<hsm0_with_executor::Executor<hsm0_with_executor::test::test_sm_1h_2s_not_handled_no_enter_no_exit::StateMachine, hsm0_with_executor::test::test_sm_1h_2s_not_handled_no_enter_no_exit::Message>>::cycle_detector
FNDA:1,<hsm0_with_executor::Executor<hsm0_with_executor::test::test_sm_2s_no_enter_no_exit::StateMachine, hsm0_with_executor::test::test_sm_2s_no_enter_no_exit::Message>>::new
FNDA:1,<hsm0_with_executor::Executor<hsm0_with_executor::test::test_sm_1s_no_enter_no_exit::StateMachine, hsm0_with_executor::test::test_sm_1s_no_enter_no_exit::NoMessages>>::get_state_exit_cnt
FNDA:1,<hsm0_with_executor::Executor<hsm0_with_executor::test::test_sm_1h_2s_not_handled_no_enter_no_exit::StateMachine, hsm0_with_executor::test::test_sm_1h_2s_not_handled_no_enter_no_exit::Message>>::dispatch_idx
FNDA:1,<hsm0_with_executor::test::test_2s_one_self_cycle::NoMessages as core::fmt::Debug>::fmt
FNDA:1,<hsm0_with_executor::Executor<hsm0_with_executor::test::test_sm_2s_no_enter_no_exit::StateMachine, hsm0_with_executor::test::test_sm_2s_no_enter_no_exit::Message>>::initialize_states_children
FNDA:1,<hsm0_with_executor::test::test_sm_invalid_initial_state::NoMessages as core::fmt::Debug>::fmt
FNDA:1,<hsm0_with_executor::test::test_leaf_transitions_in_a_tree::StateMachine>::base_enter
FNDA:1,<hsm0_with_executor::StateInfo<hsm0_with_executor::test::test_leaf_transitions_between_trees::StateMachine, hsm0_with_executor::test::test_leaf_transitions_between_trees::NoMessages>>::new
FNDA:1,<hsm0_with_executor::Executor<hsm0_with_executor::test::test_sm_out_of_bounds_invalid_transition::StateMachine, hsm0_with_executor::test::test_sm_out_of_bounds_invalid_transition::NoMessages>>::state
FNDA:0,<hsm0_with_executor::Executor<hsm0_with_executor::test::test_sm_out_of_bounds_invalid_transition::StateMachine, hsm0_with_executor::test::test_sm_out_of_bounds_invalid_transition::NoMessages>>::get_state_exit_cnt
FNDA:1,<hsm0_with_executor::test::test_sm_out_of_bounds_invalid_transition::StateMachine as core::fmt::Debug>::fmt
FNDA:1,<hsm0_with_executor::Executor<hsm0_with_executor::test::test_5s_long_cycle::StateMachine, hsm0_with_executor::test::test_5s_long_cycle::NoMessages>>::new
FNDA:1,<hsm0_with_executor::StateInfo<hsm0_with_executor::test::test_5s_long_cycle::StateMachine, hsm0_with_executor::test::test_5s_long_cycle::NoMessages>>::new
FNDA:1,<hsm0_with_executor::Executor<hsm0_with_executor::test::test_sm_2s_get_names::StateMachine, hsm0_with_executor::test::test_sm_2s_get_names::NoMessages>>::initialize_states_children
FNDA:1,<hsm0_with_executor::Executor<hsm0_with_executor::test::test_sm_1h_2s_not_handled_no_enter_no_exit::StateMachine, hsm0_with_executor::test::test_sm_1h_2s_not_handled_no_enter_no_exit::Message>>::new
FNDA:1,<hsm0_with_executor::StateInfo<hsm0_with_executor::test::test_sm_1s_enter_no_exit::StateMachine, hsm0_with_executor::test::test_sm_1s_enter_no_exit::Messages>>::enter_fn
FNDA:1,<hsm0_with_executor::Executor<hsm0_with_executor::test::test_sm_1s_no_enter_no_exit::StateMachine, hsm0_with_executor::test::test_sm_1s_no_enter_no_exit::NoMessages>>::new
FNDA:1,<hsm0_with_executor::Executor<hsm0_with_executor::test::test_sm_2s_no_enter_no_exit::StateMachine, hsm0_with_executor::test::test_sm_2s_no_enter_no_exit::Message>>::setup_exit_enter_fns_idxs
FNDA:0,<hsm0_with_executor::Executor<hsm0_with_executor::test::test_sm_2s_invalid_transition::StateMachine, hsm0_with_executor::test::test_sm_2s_invalid_transition::NoMessages>>::dispatch
FNDA:1,<hsm0_with_executor::StateInfo<hsm0_with_executor::test::test_2s_cycle::StateMachine, hsm0_with_executor::test::test_2s_cycle::NoMessages>>::new
FNDA:1,<hsm0_with_executor::Executor<hsm0_with_executor::test::test_leaf_transitions_in_a_tree::StateMachine, hsm0_with_executor::test::test_leaf_transitions_in_a_tree::NoMessages>>::get_state_enter_cnt
FNDA:0,<hsm0_with_executor::Executor<hsm0_with_executor::test::test_sm_1s_no_enter_no_exit::StateMachine, hsm0_with_executor::test::test_sm_1s_no_enter_no_exit::NoMessages>>::defer_try_recv
FNDA:0,<hsm0_with_executor::Executor<hsm0_with_executor::test::test_sm_out_of_bounds_invalid_transition::StateMachine, hsm0_with_executor::test::test_sm_out_of_bounds_invalid_transition::NoMessages>>::get_state_enter_cnt
FNDA:1,<hsm0_with_executor::Executor<hsm0_with_executor::test::test_sm_out_of_bounds_initial_transition::StateMachine, hsm0_with_executor::test::test_sm_out_of_bounds_initial_transition::NoMessages>>::state
FNDA:1,<hsm0_with_executor::Executor<hsm0_with_executor::test::test_leaf_transitions_between_trees::StateMachine, hsm0_with_executor::test::test_leaf_transitions_between_trees::NoMessages>>::get_sm
FNDA:0,<hsm0_with_executor::Executor<hsm0_with_executor::test::test_sm_2s_invalid_transition::StateMachine, hsm0_with_executor::test::test_sm_2s_invalid_transition::NoMessages>>::dispatch_idx
FNDA:1,<hsm0_with_executor::test::test_5s_long_cycle::StateMachine as core::fmt::Debug>::fmt
FNDA:1,<hsm0_with_executor::StateInfo<hsm0_with_executor::test::test_leaf_transitions_between_trees::StateMachine, hsm0_with_executor::test::test_leaf_transitions_between_trees::NoMessages>>::parent_idx
FNDA:1,<hsm0_with_executor::test::test_sm_1s_enter_no_exit::StateMachine as core::fmt::Debug>::fmt
FNDA:1,<hsm0_with_executor::Executor<hsm0_with_executor::test::test_sm_out_of_bounds_invalid_transition::StateMachine, hsm0_with_executor::test::test_sm_out_of_bounds_invalid_transition::NoMessages>>::get_sm
FNDA:1,hsm0_with_executor::test::test_sm_1s_enter_no_exit::{closure#0}
FNDA:1,<hsm0_with_executor::Executor<hsm0_with_executor::test::test_sm_1s_enter_no_exit::StateMachine, hsm0_with_executor::test::test_sm_1s_enter_no_exit::Messages>>::new
FNDA:1,<hsm0_with_executor::Executor<hsm0_with_executor::test::test_sm_2s_no_enter_no_exit::StateMachine, hsm0_with_executor::test::test_sm_2s_no_enter_no_exit::Message>>::initialize_children
FNDA:1,<hsm0_with_executor::Executor<hsm0_with_executor::test::test_sm_out_of_bounds_initial_transition::StateMachine, hsm0_with_executor::test::test_sm_out_of_bounds_initial_transition::NoMessages>>::initialize_children
FNDA:1,<hsm0_with_executor::Executor<hsm0_with_executor::test::test_leaf_transitions_between_trees::StateMachine, hsm0_with_executor::test::test_leaf_transitions_between_trees::NoMessages>>::dispatch_idx
FNDA:1,<hsm0_with_executor::StateInfo<hsm0_with_executor::test::test_sm_1s_enter_no_exit::StateMachine, hsm0_with_executor::test::test_sm_1s_enter_no_exit::Messages>>::new
FNDA:1,<hsm0_with_executor::test::test_sm_2s_no_enter_no_exit::Message as core::fmt::Debug>::fmt
FNDA:1,<hsm0_with_executor::Executor<hsm0_with_executor::test::test_sm_2s_get_names::StateMachine, hsm0_with_executor::test::test_sm_2s_get_names::NoMessages>>::build
FNDA:1,<hsm0_with_executor::Executor<hsm0_with_executor::test::test_sm_1s_no_enter_no_exit::StateMachine, hsm0_with_executor::test::test_sm_1s_no_enter_no_exit::NoMessages>>::initialize_states_children
FNDA:0,<hsm0_with_executor::Executor<hsm0_with_executor::test::test_sm_1s_enter_no_exit::StateMachine, hsm0_with_executor::test::test_sm_1s_enter_no_exit::Messages>>::setup_exit_enter_fns_idxs
FNDA:1,<hsm0_with_executor::Executor<hsm0_with_executor::test::test_sm_1h_2s_not_handled_no_enter_no_exit::StateMachine, hsm0_with_executor::test::test_sm_1h_2s_not_handled_no_enter_no_exit::Message>>::state
FNDA:0,<hsm0_with_executor::Executor<hsm0_with_executor::test::test_sm_out_of_bounds_invalid_transition::StateMachine, hsm0_with_executor::test::test_sm_out_of_bounds_invalid_transition::NoMessages>>::setup_exit_enter_fns_idxs
FNDA:1,<hsm0_with_executor::Executor<hsm0_with_executor::test::test_sm_1s_get_names::StateMachine, hsm0_with_executor::test::test_sm_1s_get_names::NoMessages>>::state
FNDA:1,<hsm0_with_executor::Executor<hsm0_with_executor::test::test_sm_1h_2s_not_handled_no_enter_no_exit::StateMachine, hsm0_with_executor::test::test_sm_1h_2s_not_handled_no_enter_no_exit::Message>>::get_state_enter_cnt
FNDA:1,<hsm0_with_executor::Executor<hsm0_with_executor::test::test_leaf_transitions_in_a_tree::StateMachine, hsm0_with_executor::test::test_leaf_transitions_in_a_tree::NoMessages>>::initialize_states_children
FNDA:1,<hsm0_with_executor::Executor<hsm0_with_executor::test::test_sm_out_of_bounds_initial_transition::StateMachine, hsm0_with_executor::test::test_sm_out_of_bounds_initial_transition::NoMessages>>::cycle_detector
FNDA:1,<hsm0_with_executor::test::test_sm_1s_no_enter_no_exit::NoMessages as core::fmt::Debug>::fmt
FNDA:1,<hsm0_with_executor::test::test_5s_long_cycle::NoMessages as core::fmt::Debug>::fmt
FNDA:1,<hsm0_with_executor::Executor<hsm0_with_executor::test::test_leaf_transitions_between_trees::StateMachine, hsm0_with_executor::test::test_leaf_transitions_between_trees::NoMessages>>::dispatch
FNDA:1,<hsm0_with_executor::Executor<hsm0_with_executor::test::test_sm_2s_get_names::StateMachine, hsm0_with_executor::test::test_sm_2s_get_names::NoMessages>>::state
FNDA:1,<hsm0_with_executor::Executor<hsm0_with_executor::test::test_leaf_transitions_between_trees::StateMachine, hsm0_with_executor::test::test_leaf_transitions_between_trees::NoMessages>>::initialize_children
FNDA:1,<hsm0_with_executor::Executor<hsm0_with_executor::test::test_sm_1s_no_enter_no_exit::StateMachine, hsm0_with_executor::test::test_sm_1s_no_enter_no_exit::NoMessages>>::get_sm
FNDA:1,hsm0_with_executor::test::test_3s_one_cycle::{closure#0}
FNDA:0,<hsm0_with_executor::Executor<hsm0_with_executor::test::test_sm_out_of_bounds_initial_transition::StateMachine, hsm0_with_executor::test::test_sm_out_of_bounds_initial_transition::NoMessages>>::dispatch_idx
FNDA:1,<hsm0_with_executor::Executor<hsm0_with_executor::test::test_sm_out_of_bounds_invalid_transition::StateMachine, hsm0_with_executor::test::test_sm_out_of_bounds_invalid_transition::NoMessages>>::new
FNDA:1,<hsm0_with_executor::Executor<hsm0_with_executor::test::test_3s_one_cycle::StateMachine, hsm0_with_executor::test::test_3s_one_cycle::NoMessages>>::build
FNDA:1,hsm0_with_executor::test::test_leaf_transitions_in_a_tree::{closure#0}
FNDA:1,<hsm0_with_executor::Executor<hsm0_with_executor::test::test_2s_cycle::StateMachine, hsm0_with_executor::test::test_2s_cycle::NoMessages>>::state
FNDA:1,<hsm0_with_executor::Executor<hsm0_with_executor::test::test_sm_out_of_bounds_initial_transition::StateMachine, hsm0_with_executor::test::test_sm_out_of_bounds_initial_transition::NoMessages>>::new
FNDA:0,<hsm0_with_executor::Executor<hsm0_with_executor::test::test_sm_out_of_bounds_initial_transition::StateMachine, hsm0_with_executor::test::test_sm_out_of_bounds_initial_transition::NoMessages>>::dispatch
FNDA:1,<hsm0_with_executor::Executor<hsm0_with_executor::test::test_sm_1h_2s_not_handled_no_enter_no_exit::StateMachine, hsm0_with_executor::test::test_sm_1h_2s_not_handled_no_enter_no_exit::Message>>::initialize_states_children
FNDA:1,<hsm0_with_executor::Executor<hsm0_with_executor::test::test_sm_out_of_bounds_invalid_transition::StateMachine, hsm0_with_executor::test::test_sm_out_of_bounds_invalid_transition::NoMessages>>::initialize_states_children
FNDA:1,<hsm0_with_executor::test::test_sm_1h_2s_not_handled_no_enter_no_exit::Message as core::fmt::Debug>::fmt
FNDA:1,<hsm0_with_executor::Executor<hsm0_with_executor::test::test_sm_1h_2s_not_handled_no_enter_no_exit::StateMachine, hsm0_with_executor::test::test_sm_1h_2s_not_handled_no_enter_no_exit::Message>>::get_state_exit_cnt
FNDA:1,<hsm0_with_executor::Executor<hsm0_with_executor::test::test_sm_1s_enter_no_exit::StateMachine, hsm0_with_executor::test::test_sm_1s_enter_no_exit::Messages>>::dispatch_idx
FNDA:0,<hsm0_with_executor::Executor<_, _>>::current_defer
FNDA:1,<hsm0_with_executor::Executor<hsm0_with_executor::test::test_sm_1s_enter_no_exit::StateMachine, hsm0_with_executor::test::test_sm_1s_enter_no_exit::Messages>>::build
FNDA:1,hsm0_with_executor::test::test_sm_1s_get_names::{closure#0}
FNDA:1,<hsm0_with_executor::Executor<hsm0_with_executor::test::test_5s_long_cycle::StateMachine, hsm0_with_executor::test::test_5s_long_cycle::NoMessages>>::state
FNDA:1,<hsm0_with_executor::Executor<hsm0_with_executor::test::test_2s_cycle::StateMachine, hsm0_with_executor::test::test_2s_cycle::NoMessages>>::new
FNDA:1,<hsm0_with_executor::Executor<hsm0_with_executor::test::test_sm_1s_no_enter_no_exit::StateMachine, hsm0_with_executor::test::test_sm_1s_no_enter_no_exit::NoMessages>>::dispatch
FNDA:1,<hsm0_with_executor::Executor<hsm0_with_executor::test::test_1s_cycle::StateMachine, hsm0_with_executor::test::test_1s_cycle::NoMessages>>::initialize_states_children
FNDA:1,hsm0_with_executor::test::test_sm_2s_invalid_transition::{closure#0}
FNDA:1,<hsm0_with_executor::Executor<hsm0_with_executor::test::test_sm_1s_enter_no_exit::StateMachine, hsm0_with_executor::test::test_sm_1s_enter_no_exit::Messages>>::get_state_exit_cnt
FNDA:1,<hsm0_with_executor::Executor<hsm0_with_executor::test::test_sm_2s_no_enter_no_exit::StateMachine, hsm0_with_executor::test::test_sm_2s_no_enter_no_exit::Message>>::get_state_exit_cnt
FNDA:1,<hsm0_with_executor::Executor<hsm0_with_executor::test::test_3s_one_cycle::StateMachine, hsm0_with_executor::test::test_3s_one_cycle::NoMessages>>::initialize_states_children
FNDA:1,<hsm0_with_executor::Executor<hsm0_with_executor::test::test_sm_1s_enter_no_exit::StateMachine, hsm0_with_executor::test::test_sm_1s_enter_no_exit::Messages>>::dispatch
FNDA:1,<hsm0_with_executor::Executor<hsm0_with_executor::test::test_sm_2s_no_enter_no_exit::StateMachine, hsm0_with_executor::test::test_sm_2s_no_enter_no_exit::Message>>::get_state_process_cnt
FNDA:1,<hsm0_with_executor::Executor<hsm0_with_executor::test::test_leaf_transitions_in_a_tree::StateMachine, hsm0_with_executor::test::test_leaf_transitions_in_a_tree::NoMessages>>::get_sm
FNDA:0,<hsm0_with_executor::Executor<_, _>>::send
FNDA:1,<hsm0_with_executor::Executor<hsm0_with_executor::test::test_sm_2s_invalid_transition::StateMachine, hsm0_with_executor::test::test_sm_2s_invalid_transition::NoMessages>>::new
FNDA:1,<hsm0_with_executor::test::test_sm_1s_no_enter_no_exit::StateMachine as core::fmt::Debug>::fmt
FNDA:0,<hsm0_with_executor::Executor<_, _>>::try_recv
FNDA:0,<hsm0_with_executor::Executor<hsm0_with_executor::test::test_sm_out_of_bounds_initial_transition::StateMachine, hsm0_with_executor::test::test_sm_out_of_bounds_initial_transition::NoMessages>>::get_state_exit_cnt
FNDA:1,<hsm0_with_executor::test::test_sm_invalid_initial_state::StateMachine as core::fmt::Debug>::fmt
FNDA:1,<hsm0_with_executor::Executor<hsm0_with_executor::test::test_3s_one_cycle::StateMachine, hsm0_with_executor::test::test_3s_one_cycle::NoMessages>>::initialize_children
FNDA:1,<hsm0_with_executor::Executor<hsm0_with_executor::test::test_leaf_transitions_in_a_tree::StateMachine, hsm0_with_executor::test::test_leaf_transitions_in_a_tree::NoMessages>>::new
FNDA:0,<hsm0_with_executor::Executor<hsm0_with_executor::test::test_sm_1s_get_names::StateMachine, hsm0_with_executor::test::test_sm_1s_get_names::NoMessages>>::setup_exit_enter_fns_idxs
FNDA:0,<hsm0_with_executor::Executor<hsm0_with_executor::test::test_sm_2s_invalid_transition::StateMachine, hsm0_with_executor::test::test_sm_2s_invalid_transition::NoMessages>>::get_state_enter_cnt
FNDA:1,<hsm0_with_executor::Executor<hsm0_with_executor::test::test_leaf_transitions_between_trees::StateMachine, hsm0_with_executor::test::test_leaf_transitions_between_trees::NoMessages>>::get_state_enter_cnt
FNDA:1,<hsm0_with_executor::Executor<hsm0_with_executor::test::test_sm_invalid_initial_state::StateMachine, hsm0_with_executor::test::test_sm_invalid_initial_state::NoMessages>>::initialize_states_children
FNDA:1,<hsm0_with_executor::Executor<hsm0_with_executor::test::test_sm_1s_no_enter_no_exit::StateMachine, hsm0_with_executor::test::test_sm_1s_no_enter_no_exit::NoMessages>>::get_state_name
FNDA:1,<hsm0_with_executor::test::test_sm_2s_get_names::NoMessages as core::fmt::Debug>::fmt
FNDA:0,<hsm0_with_executor::Executor<hsm0_with_executor::test::test_sm_2s_invalid_transition::StateMachine, hsm0_with_executor::test::test_sm_2s_invalid_transition::NoMessages>>::get_state_process_cnt
FNDA:1,hsm0_with_executor::test::test_5s_long_cycle::{closure#0}
FNDA:1,<hsm0_with_executor::test::test_sm_2s_invalid_transition::NoMessages as core::fmt::Debug>::fmt
FNDA:1,<hsm0_with_executor::Executor<hsm0_with_executor::test::test_sm_1s_get_names::StateMachine, hsm0_with_executor::test::test_sm_1s_get_names::NoMessages>>::initialize_children
FNDA:1,<hsm0_with_executor::Executor<hsm0_with_executor::test::test_sm_1s_enter_no_exit::StateMachine, hsm0_with_executor::test::test_sm_1s_enter_no_exit::Messages>>::state
FNDA:1,<hsm0_with_executor::Executor<hsm0_with_executor::test::test_sm_1s_get_names::StateMachine, hsm0_with_executor::test::test_sm_1s_get_names::NoMessages>>::get_state_name
FNDA:1,<hsm0_with_executor::Executor<hsm0_with_executor::test::test_leaf_transitions_between_trees::StateMachine, hsm0_with_executor::test::test_leaf_transitions_between_trees::NoMessages>>::setup_exit_enter_fns_idxs
FNDA:1,<hsm0_with_executor::Executor<hsm0_with_executor::test::test_leaf_transitions_in_a_tree::StateMachine, hsm0_with_executor::test::test_leaf_transitions_in_a_tree::NoMessages>>::build
FNDA:1,<hsm0_with_executor::StateInfo<hsm0_with_executor::test::test_1s_cycle::StateMachine, hsm0_with_executor::test::test_1s_cycle::NoMessages>>::new
FNDA:1,hsm0_with_executor::test::test_sm_2s_get_names::{closure#0}
FNDA:1,<hsm0_with_executor::Executor<hsm0_with_executor::test::test_sm_1s_get_names::StateMachine, hsm0_with_executor::test::test_sm_1s_get_names::NoMessages>>::cycle_detector
FNDA:1,<hsm0_with_executor::Executor<hsm0_with_executor::test::test_sm_1s_no_enter_no_exit::StateMachine, hsm0_with_executor::test::test_sm_1s_no_enter_no_exit::NoMessages>>::dispatch_idx
FNDA:0,<hsm0_with_executor::Executor<hsm0_with_executor::test::test_sm_out_of_bounds_initial_transition::StateMachine, hsm0_with_executor::test::test_sm_out_of_bounds_initial_transition::NoMessages>>::get_state_process_cnt
FNDA:1,<hsm0_with_executor::Executor<hsm0_with_executor::test::test_leaf_transitions_between_trees::StateMachine, hsm0_with_executor::test::test_leaf_transitions_between_trees::NoMessages>>::get_state_process_cnt
FNDA:1,<hsm0_with_executor::Executor<hsm0_with_executor::test::test_sm_invalid_initial_state::StateMachine, hsm0_with_executor::test::test_sm_invalid_initial_state::NoMessages>>::initialize_children
FNDA:1,<hsm0_with_executor::StateInfo<hsm0_with_executor::test::test_5s_long_cycle::StateMachine, hsm0_with_executor::test::test_5s_long_cycle::NoMessages>>::parent_idx
FNDA:1,<hsm0_with_executor::StateInfo<hsm0_with_executor::test::test_3s_one_cycle::StateMachine, hsm0_with_executor::test::test_3s_one_cycle::NoMessages>>::new
FNDA:1,<hsm0_with_executor::test::test_leaf_transitions_between_trees::NoMessages as core::fmt::Debug>::fmt
FNDA:1,<hsm0_with_executor::Executor<hsm0_with_executor::test::test_sm_2s_get_names::StateMachine, hsm0_with_executor::test::test_sm_2s_get_names::NoMessages>>::new
FNDA:1,<hsm0_with_executor::test::test_3s_one_cycle::StateMachine as core::fmt::Debug>::fmt
FNDA:1,<hsm0_with_executor::Executor<hsm0_with_executor::test::test_sm_1h_2s_not_handled_no_enter_no_exit::StateMachine, hsm0_with_executor::test::test_sm_1h_2s_not_handled_no_enter_no_exit::Message>>::build
FNDA:1,<hsm0_with_executor::Executor<hsm0_with_executor::test::test_sm_2s_get_names::StateMachine, hsm0_with_executor::test::test_sm_2s_get_names::NoMessages>>::get_current_state_name
FNDA:1,<hsm0_with_executor::Executor<hsm0_with_executor::test::test_leaf_transitions_in_a_tree::StateMachine, hsm0_with_executor::test::test_leaf_transitions_in_a_tree::NoMessages>>::cycle_detector
FNDA:1,<hsm0_with_executor::Executor<hsm0_with_executor::test::test_sm_2s_no_enter_no_exit::StateMachine, hsm0_with_executor::test::test_sm_2s_no_enter_no_exit::Message>>::dispatch_idx
FNDA:1,<hsm0_with_executor::StateInfo<hsm0_with_executor::test::test_2s_one_self_cycle::StateMachine, hsm0_with_executor::test::test_2s_one_self_cycle::NoMessages>>::parent_idx
FNDA:1,<hsm0_with_executor::StateInfo<hsm0_with_executor::test::test_sm_1h_2s_not_handled_no_enter_no_exit::StateMachine, hsm0_with_executor::test::test_sm_1h_2s_not_handled_no_enter_no_exit::Message>>::parent_idx
FNDA:1,<hsm0_with_executor::test::test_1s_cycle::NoMessages as core::fmt::Debug>::fmt
FNDA:1,hsm0_with_executor::test::test_2s_cycle::{closure#0}
FNDA:1,<hsm0_with_executor::test::test_sm_out_of_bounds_invalid_transition::NoMessages as core::fmt::Debug>::fmt
FNDA:1,<hsm0_with_executor::Executor<hsm0_with_executor::test::test_sm_invalid_initial_state::StateMachine, hsm0_with_executor::test::test_sm_invalid_initial_state::NoMessages>>::state
FNDA:1,<hsm0_with_executor::Executor<hsm0_with_executor::test::test_sm_1s_get_names::StateMachine, hsm0_with_executor::test::test_sm_1s_get_names::NoMessages>>::dispatch
FNDA:1,<hsm0_with_executor::Executor<hsm0_with_executor::test::test_leaf_transitions_in_a_tree::StateMachine, hsm0_with_executor::test::test_leaf_transitions_in_a_tree::NoMessages>>::get_state_exit_cnt
FNDA:1,<hsm0_with_executor::Executor<hsm0_with_executor::test::test_sm_1s_get_names::StateMachine, hsm0_with_executor::test::test_sm_1s_get_names::NoMessages>>::get_current_state_name
FNDA:1,<hsm0_with_executor::Executor<hsm0_with_executor::test::test_sm_1h_2s_not_handled_no_enter_no_exit::StateMachine, hsm0_with_executor::test::test_sm_1h_2s_not_handled_no_enter_no_exit::Message>>::get_sm
FNDA:1,<hsm0_with_executor::Executor<hsm0_with_executor::test::test_sm_2s_no_enter_no_exit::StateMachine, hsm0_with_executor::test::test_sm_2s_no_enter_no_exit::Message>>::cycle_detector
FNDA:0,<hsm0_with_executor::Executor<_, _>>::defer_send
FNDA:1,<hsm0_with_executor::StateInfo<hsm0_with_executor::test::test_sm_1s_get_names::StateMachine, hsm0_with_executor::test::test_sm_1s_get_names::NoMessages>>::new
FNDA:1,<hsm0_with_executor::Executor<hsm0_with_executor::test::test_sm_2s_get_names::StateMachine, hsm0_with_executor::test::test_sm_2s_get_names::NoMessages>>::get_sm
FNDA:1,<hsm0_with_executor::Executor<hsm0_with_executor::test::test_2s_one_self_cycle::StateMachine, hsm0_with_executor::test::test_2s_one_self_cycle::NoMessages>>::state
FNDA:1,<hsm0_with_executor::Executor<hsm0_with_executor::test::test_sm_2s_get_names::StateMachine, hsm0_with_executor::test::test_sm_2s_get_names::NoMessages>>::initialize_children
FNDA:1,<hsm0_with_executor::Executor<hsm0_with_executor::test::test_5s_long_cycle::StateMachine, hsm0_with_executor::test::test_5s_long_cycle::NoMessages>>::initialize_children
FNDA:1,<hsm0_with_executor::StateInfo<hsm0_with_executor::test::test_sm_out_of_bounds_initial_transition::StateMachine, hsm0_with_executor::test::test_sm_out_of_bounds_initial_transition::NoMessages>>::new
FNDA:1,<hsm0_with_executor::Executor<hsm0_with_executor::test::test_sm_1s_enter_no_exit::StateMachine, hsm0_with_executor::test::test_sm_1s_enter_no_exit::Messages>>::cycle_detector
FNDA:1,<hsm0_with_executor::StateInfo<hsm0_with_executor::test::test_leaf_transitions_in_a_tree::StateMachine, hsm0_with_executor::test::test_leaf_transitions_in_a_tree::NoMessages>>::exit_fn
FNDA:1,<hsm0_with_executor::Executor<hsm0_with_executor::test::test_1s_cycle::StateMachine, hsm0_with_executor::test::test_1s_cycle::NoMessages>>::cycle_detector
FNDA:1,<hsm0_with_executor::test::test_sm_1s_enter_no_exit::Messages as core::fmt::Debug>::fmt
FNDA:1,<hsm0_with_executor::Executor<hsm0_with_executor::test::test_sm_1s_no_enter_no_exit::StateMachine, hsm0_with_executor::test::test_sm_1s_no_enter_no_exit::NoMessages>>::dispatcher
FNDA:1,<hsm0_with_executor::Executor<hsm0_with_executor::test::test_2s_one_self_cycle::StateMachine, hsm0_with_executor::test::test_2s_one_self_cycle::NoMessages>>::cycle_detector
FNDA:1,<hsm0_with_executor::StateInfo<hsm0_with_executor::test::test_sm_invalid_initial_state::StateMachine, hsm0_with_executor::test::test_sm_invalid_initial_state::NoMessages>>::new
FNDA:1,<hsm0_with_executor::Executor<hsm0_with_executor::test::test_sm_1s_no_enter_no_exit::StateMachine, hsm0_with_executor::test::test_sm_1s_no_enter_no_exit::NoMessages>>::get_state_enter_cnt
FNDA:1,<hsm0_with_executor::Executor<hsm0_with_executor::test::test_leaf_transitions_in_a_tree::StateMachine, hsm0_with_executor::test::test_leaf_transitions_in_a_tree::NoMessages>>::dispatch_idx
FNDA:1,<hsm0_with_executor::StateInfo<hsm0_with_executor::test::test_1s_cycle::StateMachine, hsm0_with_executor::test::test_1s_cycle::NoMessages>>::parent_idx
FNDA:0,<hsm0_with_executor::Executor<_, _>>::recv
FNDA:1,<hsm0_with_executor::test::test_2s_cycle::NoMessages as core::fmt::Debug>::fmt
FNDA:1,<hsm0_with_executor::test::test_1s_cycle::StateMachine as core::fmt::Debug>::fmt
FNDA:1,<hsm0_with_executor::Executor<hsm0_with_executor::test::test_sm_invalid_initial_state::StateMachine, hsm0_with_executor::test::test_sm_invalid_initial_state::NoMessages>>::new
FNDA:1,<hsm0_with_executor::StateInfo<hsm0_with_executor::test::test_sm_2s_get_names::StateMachine, hsm0_with_executor::test::test_sm_2s_get_names::NoMessages>>::new
FNDA:1,<hsm0_with_executor::Executor<hsm0_with_executor::test::test_sm_2s_no_enter_no_exit::StateMachine, hsm0_with_executor::test::test_sm_2s_no_enter_no_exit::Message>>::build
FNDA:0,<hsm0_with_executor::Executor<hsm0_with_executor::test::test_sm_out_of_bounds_initial_transition::StateMachine, hsm0_with_executor::test::test_sm_out_of_bounds_initial_transition::NoMessages>>::get_sm
FNDA:1,<hsm0_with_executor::Executor<hsm0_with_executor::test::test_leaf_transitions_in_a_tree::StateMachine, hsm0_with_executor::test::test_leaf_transitions_in_a_tree::NoMessages>>::get_state_process_cnt
FNDA:1,<hsm0_with_executor::StateInfo<hsm0_with_executor::test::test_2s_one_self_cycle::StateMachine, hsm0_with_executor::test::test_2s_one_self_cycle::NoMessages>>::new
FNDA:1,<hsm0_with_executor::test::test_sm_1h_2s_not_handled_no_enter_no_exit::StateMachine as core::fmt::Debug>::fmt
FNDA:1,<hsm0_with_executor::Executor<hsm0_with_executor::test::test_2s_one_self_cycle::StateMachine, hsm0_with_executor::test::test_2s_one_self_cycle::NoMessages>>::new
FNDA:1,<hsm0_with_executor::Executor<hsm0_with_executor::test::test_leaf_transitions_between_trees::StateMachine, hsm0_with_executor::test::test_leaf_transitions_between_trees::NoMessages>>::state
FNDA:1,<hsm0_with_executor::Executor<hsm0_with_executor::test::test_sm_1s_get_names::StateMachine, hsm0_with_executor::test::test_sm_1s_get_names::NoMessages>>::get_sm
FNDA:1,<hsm0_with_executor::Executor<hsm0_with_executor::test::test_sm_2s_invalid_transition::StateMachine, hsm0_with_executor::test::test_sm_2s_invalid_transition::NoMessages>>::initialize_children
FNDA:1,<hsm0_with_executor::Executor<hsm0_with_executor::test::test_1s_cycle::StateMachine, hsm0_with_executor::test::test_1s_cycle::NoMessages>>::state
FNDA:1,<hsm0_with_executor::Executor<hsm0_with_executor::test::test_2s_cycle::StateMachine, hsm0_with_executor::test::test_2s_cycle::NoMessages>>::initialize_children
FNDA:1,<hsm0_with_executor::test::test_sm_2s_no_enter_no_exit::StateMachine as core::fmt::Debug>::fmt
FNDA:1,<hsm0_with_executor::test::test_2s_cycle::StateMachine as core::fmt::Debug>::fmt
FNDA:1,<hsm0_with_executor::Executor<hsm0_with_executor::test::test_leaf_transitions_between_trees::StateMachine, hsm0_with_executor::test::test_leaf_transitions_between_trees::NoMessages>>::get_state_exit_cnt
FNDA:1,<hsm0_with_executor::Executor<hsm0_with_executor::test::test_leaf_transitions_between_trees::StateMachine, hsm0_with_executor::test::test_leaf_transitions_between_trees::NoMessages>>::initialize_states_children
FNDA:1,<hsm0_with_executor::test::test_sm_1s_get_names::NoMessages as core::fmt::Debug>::fmt
FNDA:1,<hsm0_with_executor::Executor<hsm0_with_executor::test::test_1s_cycle::StateMachine, hsm0_with_executor::test::test_1s_cycle::NoMessages>>::new
FNDA:1,<hsm0_with_executor::Executor<hsm0_with_executor::test::test_sm_1s_no_enter_no_exit::StateMachine, hsm0_with_executor::test::test_sm_1s_no_enter_no_exit::NoMessages>>::cycle_detector
FNDA:1,<hsm0_with_executor::Executor<hsm0_with_executor::test::test_leaf_transitions_in_a_tree::StateMachine, hsm0_with_executor::test::test_leaf_transitions_in_a_tree::NoMessages>>::dispatch
FNDA:1,<hsm0_with_executor::Executor<hsm0_with_executor::test::test_sm_2s_get_names::StateMachine, hsm0_with_executor::test::test_sm_2s_get_names::NoMessages>>::cycle_detector
FNDA:1,<hsm0_with_executor::Executor<hsm0_with_executor::test::test_sm_1s_enter_no_exit::StateMachine, hsm0_with_executor::test::test_sm_1s_enter_no_exit::Messages>>::get_state_process_cnt
FNDA:1,hsm0_with_executor::test::test_2s_one_self_cycle::{closure#0}
FNDA:0,<hsm0_with_executor::Executor<hsm0_with_executor::test::test_sm_1h_2s_not_handled_no_enter_no_exit::StateMachine, hsm0_with_executor::test::test_sm_1h_2s_not_handled_no_enter_no_exit::Message>>::setup_exit_enter_fns_idxs
FNDA:1,<hsm0_with_executor::Executor<hsm0_with_executor::test::test_5s_long_cycle::StateMachine, hsm0_with_executor::test::test_5s_long_cycle::NoMessages>>::initialize_states_children
FNDA:0,<hsm0_with_executor::Executor<hsm0_with_executor::test::test_sm_out_of_bounds_initial_transition::StateMachine, hsm0_with_executor::test::test_sm_out_of_bounds_initial_transition::NoMessages>>::get_state_enter_cnt
FNDA:1,<hsm0_with_executor::StateInfo<hsm0_with_executor::test::test_leaf_transitions_in_a_tree::StateMachine, hsm0_with_executor::test::test_leaf_transitions_in_a_tree::NoMessages>>::parent_idx
FNDA:1,<hsm0_with_executor::StateInfo<hsm0_with_executor::test::test_leaf_transitions_in_a_tree::StateMachine, hsm0_with_executor::test::test_leaf_transitions_in_a_tree::NoMessages>>::enter_fn
FNDA:1,<hsm0_with_executor::Executor<hsm0_with_executor::test::test_leaf_transitions_in_a_tree::StateMachine, hsm0_with_executor::test::test_leaf_transitions_in_a_tree::NoMessages>>::setup_exit_enter_fns_idxs
FNDA:1,<hsm0_with_executor::Executor<hsm0_with_executor::test::test_5s_long_cycle::StateMachine, hsm0_with_executor::test::test_5s_long_cycle::NoMessages>>::build
FNDA:1,<hsm0_with_executor::StateInfo<hsm0_with_executor::test::test_2s_cycle::StateMachine, hsm0_with_executor::test::test_2s_cycle::NoMessages>>::parent_idx
FNDA:1,<hsm0_with_executor::Executor<hsm0_with_executor::test::test_sm_2s_get_names::StateMachine, hsm0_with_executor::test::test_sm_2s_get_names::NoMessages>>::get_state_name
FNDA:0,<hsm0_with_executor::Executor<hsm0_with_executor::test::test_sm_1s_no_enter_no_exit::StateMachine, hsm0_with_executor::test::test_sm_1s_no_enter_no_exit::NoMessages>>::other_defer
FNDA:1,<hsm0_with_executor::Executor<hsm0_with_executor::test::test_sm_out_of_bounds_initial_transition::StateMachine, hsm0_with_executor::test::test_sm_out_of_bounds_initial_transition::NoMessages>>::initialize_states_children
FNDA:1,<hsm0_with_executor::Executor<hsm0_with_executor::test::test_sm_2s_no_enter_no_exit::StateMachine, hsm0_with_executor::test::test_sm_2s_no_enter_no_exit::Message>>::get_sm
FNDA:1,<hsm0_with_executor::Executor<hsm0_with_executor::test::test_1s_cycle::StateMachine, hsm0_with_executor::test::test_1s_cycle::NoMessages>>::initialize_children
FNDA:1,<hsm0_with_executor::Executor<hsm0_with_executor::test::test_sm_2s_get_names::StateMachine, hsm0_with_executor::test::test_sm_2s_get_names::NoMessages>>::dispatch_idx
FNDA:1,<hsm0_with_executor::test::test_sm_out_of_bounds_initial_transition::StateMachine as core::fmt::Debug>::fmt
FNDA:1,hsm0_with_executor::test::test_leaf_transitions_between_trees::{closure#0}
FNDA:1,<hsm0_with_executor::Executor<hsm0_with_executor::test::test_sm_invalid_initial_state::StateMachine, hsm0_with_executor::test::test_sm_invalid_initial_state::NoMessages>>::build
FNDA:1,<hsm0_with_executor::Executor<hsm0_with_executor::test::test_2s_one_self_cycle::StateMachine, hsm0_with_executor::test::test_2s_one_self_cycle::NoMessages>>::build
FNDA:1,<hsm0_with_executor::Executor<hsm0_with_executor::test::test_sm_2s_no_enter_no_exit::StateMachine, hsm0_with_executor::test::test_sm_2s_no_enter_no_exit::Message>>::dispatch
FNDA:1,<hsm0_with_executor::Executor<hsm0_with_executor::test::test_1s_cycle::StateMachine, hsm0_with_executor::test::test_1s_cycle::NoMessages>>::build
FNDA:1,<hsm0_with_executor::StateInfo<hsm0_with_executor::test::test_sm_out_of_bounds_invalid_transition::StateMachine, hsm0_with_executor::test::test_sm_out_of_bounds_invalid_transition::NoMessages>>::new
FNDA:1,<hsm0_with_executor::test::test_sm_2s_invalid_transition::StateMachine as core::fmt::Debug>::fmt
FNDA:1,<hsm0_with_executor::Executor<hsm0_with_executor::test::test_sm_1s_enter_no_exit::StateMachine, hsm0_with_executor::test::test_sm_1s_enter_no_exit::Messages>>::get_sm
FNDA:1,<hsm0_with_executor::Executor<hsm0_with_executor::test::test_sm_1s_no_enter_no_exit::StateMachine, hsm0_with_executor::test::test_sm_1s_no_enter_no_exit::NoMessages>>::state
FNDA:1,<hsm0_with_executor::Executor<hsm0_with_executor::test::test_sm_invalid_initial_state::StateMachine, hsm0_with_executor::test::test_sm_invalid_initial_state::NoMessages>>::cycle_detector
FNDA:1,hsm0_with_executor::test::test_sm_out_of_bounds_initial_transition::{closure#0}
FNF:272
FNH:241
BRF:0
BRH:0
DA:1,18
DA:39,35
DA:40,35
DA:41,35
DA:42,35
DA:43,35
DA:44,35
DA:45,35
DA:46,35
DA:47,35
DA:48,35
DA:49,35
DA:50,35
DA:51,35
DA:52,35
DA:54,8
DA:55,8
DA:56,8
DA:57,8
DA:58,8
DA:60,6
DA:61,6
DA:62,6
DA:63,6
DA:64,6
DA:66,19
DA:67,19
DA:68,19
DA:69,19
DA:70,19
DA:116,17
DA:117,17
DA:118,17
DA:119,17
DA:120,17
DA:121,17
DA:122,17
DA:123,17
DA:124,17
DA:125,17
DA:126,17
DA:127,17
DA:128,17
DA:129,17
DA:130,17
DA:131,17
DA:132,17
DA:133,17
DA:134,17
DA:135,17
DA:136,17
DA:137,17
DA:138,17
DA:141,35
DA:142,35
DA:143,35
DA:144,35
DA:145,35
DA:150,17
DA:151,17
DA:152,17
DA:153,17
DA:154,17
DA:155,35
DA:156,35
DA:157,35
DA:160,35
DA:161,35
DA:162,35
DA:163,35
DA:164,20
DA:165,20
DA:166,20
DA:171,17
DA:172,6
DA:173,11
DA:174,11
DA:175,11
DA:176,11
DA:178,1
DA:179,1
DA:180,1
DA:181,1
DA:182,10
DA:183,10
DA:184,10
DA:185,10
DA:186,10
DA:187,10
DA:188,10
DA:189,10
DA:190,10
DA:191,10
DA:192,10
DA:195,14
DA:196,4
DA:197,4
DA:198,4
DA:199,4
DA:200,4
DA:202,10
DA:203,16
DA:207,17
DA:208,17
DA:209,17
DA:210,17
DA:211,17
DA:212,42
DA:213,25
DA:217,25
DA:219,9
DA:220,9
DA:221,9
DA:222,9
DA:223,9
DA:224,9
DA:225,14
DA:226,14
DA:227,5
DA:228,5
DA:229,9
DA:232,9
DA:233,5
DA:234,5
DA:235,5
DA:236,5
DA:237,4
DA:238,4
DA:239,4
DA:240,4
DA:241,16
DA:245,17
DA:246,17
DA:249,17
DA:250,35
DA:251,35
DA:252,35
DA:253,35
DA:254,17
DA:256,35
DA:258,93
DA:259,93
DA:260,19
DA:261,19
DA:262,19
DA:263,19
DA:264,74
DA:266,35
DA:268,16
DA:269,16
DA:270,16
DA:272,6
DA:273,6
DA:274,6
DA:276,32
DA:277,32
DA:278,32
DA:280,60
DA:281,60
DA:282,60
DA:283,60
DA:284,60
DA:285,60
DA:287,60
DA:288,60
DA:289,60
DA:291,14
DA:292,14
DA:295,19
DA:296,19
DA:297,19
DA:299,19
DA:300,10
DA:304,9
DA:307,10
DA:311,5
DA:312,5
DA:320,14
DA:321,14
DA:322,14
DA:323,14
DA:324,14
DA:325,14
DA:327,19
DA:328,10
DA:329,10
DA:330,10
DA:333,5
DA:334,5
DA:335,5
DA:336,5
DA:337,5
DA:339,14
DA:341,24
DA:342,24
DA:343,24
DA:344,24
DA:346,43
DA:347,25
DA:348,17
DA:349,17
DA:350,17
DA:351,17
DA:352,17
DA:354,18
DA:355,6
DA:360,24
DA:361,24
DA:362,24
DA:363,24
DA:364,14
DA:365,14
DA:366,14
DA:367,14
DA:368,10
DA:369,24
DA:371,2
DA:372,2
DA:373,2
DA:374,2
DA:379,22
DA:380,22
DA:381,22
DA:382,22
DA:385,24
DA:386,14
DA:387,14
DA:388,14
DA:389,14
DA:390,14
DA:391,14
DA:392,14
DA:393,14
DA:394,14
DA:395,0
DA:396,0
DA:397,0
DA:398,0
DA:400,10
DA:402,24
DA:403,33
DA:404,19
DA:405,15
DA:406,15
DA:407,15
DA:408,15
DA:409,15
DA:411,10
DA:414,24
DA:416,22
DA:417,22
DA:418,22
DA:419,22
DA:420,22
DA:421,22
DA:422,22
DA:427,2
DA:428,2
DA:429,2
DA:434,2
DA:436,0
DA:437,0
DA:438,0
DA:439,0
DA:447,0
DA:448,0
DA:449,0
DA:450,0
DA:451,0
DA:463,2
DA:466,0
DA:467,0
DA:468,0
DA:470,0
DA:471,0
DA:472,0
DA:474,0
DA:475,0
DA:476,0
DA:482,0
DA:483,0
DA:484,0
DA:486,0
DA:487,0
DA:488,0
DA:490,0
DA:491,0
DA:492,0
DA:494,0
DA:495,0
DA:496,0
DA:498,0
DA:499,0
DA:500,0
DA:508,1
DA:511,1
DA:517,1
DA:572,1
DA:575,1
DA:581,1
DA:633,1
DA:636,1
DA:642,1
DA:706,1
DA:710,1
DA:714,1
DA:759,1
DA:763,1
DA:767,1
DA:815,1
DA:819,1
DA:823,1
DA:879,1
DA:883,1
DA:887,1
DA:932,1
DA:935,1
DA:941,1
DA:1003,1
DA:1006,1
DA:1012,1
DA:1086,1
DA:1089,1
DA:1095,1
DA:1167,1
DA:1179,1
DA:1183,1
DA:1215,1
DA:1325,1
DA:1337,1
DA:1341,1
DA:1535,1
DA:1546,1
DA:1550,1
DA:1586,1
DA:1597,1
DA:1601,1
DA:1648,1
DA:1659,1
DA:1663,1
DA:1711,1
DA:1722,1
DA:1726,1
DA:1783,1
DA:1801,1
DA:1805,1
LF:346
LH:309
end_of_record
