TN:
SF:hsm0-executor/src/lib.rs
FN:112,<hsm0_executor::StateMachineExecutor<hsm0_executor::test::test_leaf_transitions_in_a_tree::StateMachine, hsm0_executor::test::test_leaf_transitions_in_a_tree::NoMessages>>::get_sm
FN:299,hsm0_executor::test::test_sm_1s_get_names::{closure#0}
FN:235,<hsm0_executor::StateMachineExecutor<hsm0_executor::test::test_sm_2s_no_enter_no_exit::StateMachine, hsm0_executor::test::test_sm_2s_no_enter_no_exit::Message>>::dispatch
FN:28,<hsm0_executor::StateInfo<hsm0_executor::test::test_sm_1s_no_enter_no_exit::StateMachine, hsm0_executor::test::test_sm_1s_no_enter_no_exit::NoMessages>>::new
FN:235,<hsm0_executor::StateMachineExecutor<hsm0_executor::test::test_leaf_transitions_between_trees::StateMachine, hsm0_executor::test::test_leaf_transitions_between_trees::NoMessages>>::dispatch
FN:793,<hsm0_executor::test::test_leaf_transitions_between_trees::StateMachine as core::default::Default>::default
FN:177,<hsm0_executor::StateMachineExecutor<hsm0_executor::test::test_sm_2s_no_enter_no_exit::StateMachine, hsm0_executor::test::test_sm_2s_no_enter_no_exit::Message>>::dispatch_idx
FN:28,<hsm0_executor::StateInfo<hsm0_executor::test::test_sm_2s_no_enter_no_exit::StateMachine, hsm0_executor::test::test_sm_2s_no_enter_no_exit::Message>>::new
FN:235,<hsm0_executor::StateMachineExecutor<hsm0_executor::test::test_leaf_transitions_in_a_tree::StateMachine, hsm0_executor::test::test_leaf_transitions_in_a_tree::NoMessages>>::dispatch
FN:127,<hsm0_executor::StateMachineExecutor<hsm0_executor::test::test_sm_1s_enter_no_exit::StateMachine, hsm0_executor::test::test_sm_1s_enter_no_exit::Message>>::setup_exit_enter_fns_idxs
FN:1,hsm0_executor::main
FN:851,<hsm0_executor::test::test_leaf_transitions_between_trees::StateMachine>::initial_base_exit
FN:65,<hsm0_executor::StateMachineExecutor<hsm0_executor::test::test_sm_1s_enter_no_exit::StateMachine, hsm0_executor::test::test_sm_1s_enter_no_exit::Message>>::build
FN:89,<hsm0_executor::StateMachineExecutor<hsm0_executor::test::test_sm_2s_no_enter_no_exit::StateMachine, hsm0_executor::test::test_sm_2s_no_enter_no_exit::Message>>::initialize
FN:235,<hsm0_executor::StateMachineExecutor<hsm0_executor::test::test_sm_1s_no_enter_no_exit::StateMachine, hsm0_executor::test::test_sm_1s_no_enter_no_exit::NoMessages>>::dispatch
FN:79,<hsm0_executor::StateMachineExecutor<hsm0_executor::test::test_leaf_transitions_between_trees::StateMachine, hsm0_executor::test::test_leaf_transitions_between_trees::NoMessages>>::add_state
FN:476,hsm0_executor::test::test_sm_2s_no_enter_no_exit::{closure#0}
FN:127,<hsm0_executor::StateMachineExecutor<hsm0_executor::test::test_sm_1h_2s_not_handled_no_enter_no_exit::StateMachine, hsm0_executor::test::test_sm_1h_2s_not_handled_no_enter_no_exit::Message>>::setup_exit_enter_fns_idxs
FN:65,<hsm0_executor::StateMachineExecutor<hsm0_executor::test::test_sm_1s_no_enter_no_exit::StateMachine, hsm0_executor::test::test_sm_1s_no_enter_no_exit::NoMessages>>::build
FN:116,<hsm0_executor::StateMachineExecutor<hsm0_executor::test::test_sm_2s_no_enter_no_exit::StateMachine, hsm0_executor::test::test_sm_2s_no_enter_no_exit::Message>>::get_state_enter_cnt
FN:860,<hsm0_executor::test::test_leaf_transitions_between_trees::StateMachine>::initial_exit
FN:655,<hsm0_executor::test::test_leaf_transitions_in_a_tree::StateMachine>::new
FN:270,<hsm0_executor::test::test_sm_1s_no_enter_no_exit::StateMachine>::state1
FN:323,<hsm0_executor::test::test_sm_1s_get_names::StateMachine>::state1
FN:79,<hsm0_executor::StateMachineExecutor<hsm0_executor::test::test_sm_1s_no_enter_no_exit::StateMachine, hsm0_executor::test::test_sm_1s_no_enter_no_exit::NoMessages>>::add_state
FN:112,<hsm0_executor::StateMachineExecutor<hsm0_executor::test::test_sm_1s_get_names::StateMachine, hsm0_executor::test::test_sm_1s_get_names::NoMessages>>::get_sm
FN:235,<hsm0_executor::StateMachineExecutor<hsm0_executor::test::test_sm_1s_get_names::StateMachine, hsm0_executor::test::test_sm_1s_get_names::NoMessages>>::dispatch
FN:177,<hsm0_executor::StateMachineExecutor<hsm0_executor::test::test_sm_1s_no_enter_no_exit::StateMachine, hsm0_executor::test::test_sm_1s_no_enter_no_exit::NoMessages>>::dispatch_idx
FN:260,<hsm0_executor::test::test_sm_1s_no_enter_no_exit::StateMachine>::new
FN:65,<hsm0_executor::StateMachineExecutor<hsm0_executor::test::test_sm_2s_no_enter_no_exit::StateMachine, hsm0_executor::test::test_sm_2s_no_enter_no_exit::Message>>::build
FN:119,<hsm0_executor::StateMachineExecutor<hsm0_executor::test::test_sm_1h_2s_not_handled_no_enter_no_exit::StateMachine, hsm0_executor::test::test_sm_1h_2s_not_handled_no_enter_no_exit::Message>>::get_state_process_cnt
FN:119,<hsm0_executor::StateMachineExecutor<hsm0_executor::test::test_sm_2s_no_enter_no_exit::StateMachine, hsm0_executor::test::test_sm_2s_no_enter_no_exit::Message>>::get_state_process_cnt
FN:116,<hsm0_executor::StateMachineExecutor<hsm0_executor::test::test_leaf_transitions_in_a_tree::StateMachine, hsm0_executor::test::test_leaf_transitions_in_a_tree::NoMessages>>::get_state_enter_cnt
FN:571,<hsm0_executor::test::test_sm_1h_2s_not_handled_no_enter_no_exit::StateMachine>::new
FN:28,<hsm0_executor::StateInfo<hsm0_executor::test::test_sm_1h_2s_not_handled_no_enter_no_exit::StateMachine, hsm0_executor::test::test_sm_1h_2s_not_handled_no_enter_no_exit::Message>>::new
FN:406,hsm0_executor::test::test_sm_1s_enter_no_exit::{closure#0}
FN:119,<hsm0_executor::StateMachineExecutor<hsm0_executor::test::test_leaf_transitions_in_a_tree::StateMachine, hsm0_executor::test::test_leaf_transitions_in_a_tree::NoMessages>>::get_state_process_cnt
FN:79,<hsm0_executor::StateMachineExecutor<hsm0_executor::test::test_leaf_transitions_in_a_tree::StateMachine, hsm0_executor::test::test_leaf_transitions_in_a_tree::NoMessages>>::add_state
FN:127,<hsm0_executor::StateMachineExecutor<hsm0_executor::test::test_leaf_transitions_between_trees::StateMachine, hsm0_executor::test::test_leaf_transitions_between_trees::NoMessages>>::setup_exit_enter_fns_idxs
FN:853,<hsm0_executor::test::test_leaf_transitions_between_trees::StateMachine>::initial_enter
FN:856,<hsm0_executor::test::test_leaf_transitions_between_trees::StateMachine>::initial
FN:89,<hsm0_executor::StateMachineExecutor<hsm0_executor::test::test_sm_1s_no_enter_no_exit::StateMachine, hsm0_executor::test::test_sm_1s_no_enter_no_exit::NoMessages>>::initialize
FN:104,<hsm0_executor::StateMachineExecutor<hsm0_executor::test::test_sm_1s_get_names::StateMachine, hsm0_executor::test::test_sm_1s_get_names::NoMessages>>::get_state_name
FN:123,<hsm0_executor::StateMachineExecutor<hsm0_executor::test::test_sm_1h_2s_not_handled_no_enter_no_exit::StateMachine, hsm0_executor::test::test_sm_1h_2s_not_handled_no_enter_no_exit::Message>>::get_state_exit_cnt
FN:631,hsm0_executor::test::test_leaf_transitions_in_a_tree::{closure#0}
FN:177,<hsm0_executor::StateMachineExecutor<hsm0_executor::test::test_sm_1s_get_names::StateMachine, hsm0_executor::test::test_sm_1s_get_names::NoMessages>>::dispatch_idx
FN:479,<hsm0_executor::test::test_sm_2s_no_enter_no_exit::StateMachine as core::default::Default>::default
FN:123,<hsm0_executor::StateMachineExecutor<hsm0_executor::test::test_sm_2s_no_enter_no_exit::StateMachine, hsm0_executor::test::test_sm_2s_no_enter_no_exit::Message>>::get_state_exit_cnt
FN:28,<hsm0_executor::StateInfo<hsm0_executor::test::test_sm_1s_get_names::StateMachine, hsm0_executor::test::test_sm_1s_get_names::NoMessages>>::new
FN:65,<hsm0_executor::StateMachineExecutor<hsm0_executor::test::test_leaf_transitions_between_trees::StateMachine, hsm0_executor::test::test_leaf_transitions_between_trees::NoMessages>>::build
FN:235,<hsm0_executor::StateMachineExecutor<hsm0_executor::test::test_sm_1s_enter_no_exit::StateMachine, hsm0_executor::test::test_sm_1s_enter_no_exit::Message>>::dispatch
FN:116,<hsm0_executor::StateMachineExecutor<hsm0_executor::test::test_sm_1h_2s_not_handled_no_enter_no_exit::StateMachine, hsm0_executor::test::test_sm_1h_2s_not_handled_no_enter_no_exit::Message>>::get_state_enter_cnt
FN:781,hsm0_executor::test::test_leaf_transitions_between_trees::{closure#0}
FN:177,<hsm0_executor::StateMachineExecutor<hsm0_executor::test::test_sm_1s_enter_no_exit::StateMachine, hsm0_executor::test::test_sm_1s_enter_no_exit::Message>>::dispatch_idx
FN:424,<hsm0_executor::test::test_sm_1s_enter_no_exit::StateMachine>::new
FN:28,<hsm0_executor::StateInfo<hsm0_executor::test::test_leaf_transitions_between_trees::StateMachine, hsm0_executor::test::test_leaf_transitions_between_trees::NoMessages>>::new
FN:843,<hsm0_executor::test::test_leaf_transitions_between_trees::StateMachine>::initial_base_enter
FN:65,<hsm0_executor::StateMachineExecutor<hsm0_executor::test::test_sm_1s_get_names::StateMachine, hsm0_executor::test::test_sm_1s_get_names::NoMessages>>::build
FN:89,<hsm0_executor::StateMachineExecutor<hsm0_executor::test::test_sm_1s_get_names::StateMachine, hsm0_executor::test::test_sm_1s_get_names::NoMessages>>::initialize
FN:643,<hsm0_executor::test::test_leaf_transitions_in_a_tree::StateMachine as core::default::Default>::default
FN:380,<hsm0_executor::test::test_sm_2s_get_names::StateMachine>::state2
FN:89,<hsm0_executor::StateMachineExecutor<hsm0_executor::test::test_leaf_transitions_in_a_tree::StateMachine, hsm0_executor::test::test_leaf_transitions_in_a_tree::NoMessages>>::initialize
FN:127,<hsm0_executor::StateMachineExecutor<hsm0_executor::test::test_sm_2s_get_names::StateMachine, hsm0_executor::test::test_sm_2s_get_names::NoMessages>>::setup_exit_enter_fns_idxs
FN:119,<hsm0_executor::StateMachineExecutor<hsm0_executor::test::test_sm_1s_enter_no_exit::StateMachine, hsm0_executor::test::test_sm_1s_enter_no_exit::Message>>::get_state_process_cnt
FN:123,<hsm0_executor::StateMachineExecutor<hsm0_executor::test::test_leaf_transitions_between_trees::StateMachine, hsm0_executor::test::test_leaf_transitions_between_trees::NoMessages>>::get_state_exit_cnt
FN:123,<hsm0_executor::StateMachineExecutor<hsm0_executor::test::test_sm_1s_no_enter_no_exit::StateMachine, hsm0_executor::test::test_sm_1s_no_enter_no_exit::NoMessages>>::get_state_exit_cnt
FN:123,<hsm0_executor::StateMachineExecutor<hsm0_executor::test::test_leaf_transitions_in_a_tree::StateMachine, hsm0_executor::test::test_leaf_transitions_in_a_tree::NoMessages>>::get_state_exit_cnt
FN:112,<hsm0_executor::StateMachineExecutor<hsm0_executor::test::test_sm_1h_2s_not_handled_no_enter_no_exit::StateMachine, hsm0_executor::test::test_sm_1h_2s_not_handled_no_enter_no_exit::Message>>::get_sm
FN:862,<hsm0_executor::test::test_leaf_transitions_between_trees::StateMachine>::other_base_enter
FN:693,<hsm0_executor::test::test_leaf_transitions_in_a_tree::StateMachine>::initial_enter
FN:235,<hsm0_executor::StateMachineExecutor<hsm0_executor::test::test_sm_1h_2s_not_handled_no_enter_no_exit::StateMachine, hsm0_executor::test::test_sm_1h_2s_not_handled_no_enter_no_exit::Message>>::dispatch
FN:112,<hsm0_executor::StateMachineExecutor<hsm0_executor::test::test_sm_1s_enter_no_exit::StateMachine, hsm0_executor::test::test_sm_1s_enter_no_exit::Message>>::get_sm
FN:112,<hsm0_executor::StateMachineExecutor<hsm0_executor::test::test_leaf_transitions_between_trees::StateMachine, hsm0_executor::test::test_leaf_transitions_between_trees::NoMessages>>::get_sm
FN:363,<hsm0_executor::test::test_sm_2s_get_names::StateMachine>::new
FN:440,<hsm0_executor::test::test_sm_1s_enter_no_exit::StateMachine>::state1_enter
FN:28,<hsm0_executor::StateInfo<hsm0_executor::test::test_sm_1s_enter_no_exit::StateMachine, hsm0_executor::test::test_sm_1s_enter_no_exit::Message>>::new
FN:127,<hsm0_executor::StateMachineExecutor<hsm0_executor::test::test_sm_1s_no_enter_no_exit::StateMachine, hsm0_executor::test::test_sm_1s_no_enter_no_exit::NoMessages>>::setup_exit_enter_fns_idxs
FN:119,<hsm0_executor::StateMachineExecutor<hsm0_executor::test::test_leaf_transitions_between_trees::StateMachine, hsm0_executor::test::test_leaf_transitions_between_trees::NoMessages>>::get_state_process_cnt
FN:879,<hsm0_executor::test::test_leaf_transitions_between_trees::StateMachine>::other_exit
FN:127,<hsm0_executor::StateMachineExecutor<hsm0_executor::test::test_sm_1s_get_names::StateMachine, hsm0_executor::test::test_sm_1s_get_names::NoMessages>>::setup_exit_enter_fns_idxs
FN:65,<hsm0_executor::StateMachineExecutor<hsm0_executor::test::test_sm_1h_2s_not_handled_no_enter_no_exit::StateMachine, hsm0_executor::test::test_sm_1h_2s_not_handled_no_enter_no_exit::Message>>::build
FN:177,<hsm0_executor::StateMachineExecutor<hsm0_executor::test::test_sm_1h_2s_not_handled_no_enter_no_exit::StateMachine, hsm0_executor::test::test_sm_1h_2s_not_handled_no_enter_no_exit::Message>>::dispatch_idx
FN:875,<hsm0_executor::test::test_leaf_transitions_between_trees::StateMachine>::other
FN:685,<hsm0_executor::test::test_leaf_transitions_in_a_tree::StateMachine>::base_enter
FN:112,<hsm0_executor::StateMachineExecutor<hsm0_executor::test::test_sm_2s_get_names::StateMachine, hsm0_executor::test::test_sm_2s_get_names::NoMessages>>::get_sm
FN:119,<hsm0_executor::StateMachineExecutor<hsm0_executor::test::test_sm_1s_no_enter_no_exit::StateMachine, hsm0_executor::test::test_sm_1s_no_enter_no_exit::NoMessages>>::get_state_process_cnt
FN:28,<hsm0_executor::StateInfo<hsm0_executor::test::test_leaf_transitions_in_a_tree::StateMachine, hsm0_executor::test::test_leaf_transitions_in_a_tree::NoMessages>>::new
FN:89,<hsm0_executor::StateMachineExecutor<hsm0_executor::test::test_sm_1h_2s_not_handled_no_enter_no_exit::StateMachine, hsm0_executor::test::test_sm_1h_2s_not_handled_no_enter_no_exit::Message>>::initialize
FN:65,<hsm0_executor::StateMachineExecutor<hsm0_executor::test::test_sm_2s_get_names::StateMachine, hsm0_executor::test::test_sm_2s_get_names::NoMessages>>::build
FN:702,<hsm0_executor::test::test_leaf_transitions_in_a_tree::StateMachine>::other_enter
FN:246,hsm0_executor::test::test_sm_1s_no_enter_no_exit::{closure#0}
FN:116,<hsm0_executor::StateMachineExecutor<hsm0_executor::test::test_sm_1s_enter_no_exit::StateMachine, hsm0_executor::test::test_sm_1s_enter_no_exit::Message>>::get_state_enter_cnt
FN:116,<hsm0_executor::StateMachineExecutor<hsm0_executor::test::test_leaf_transitions_between_trees::StateMachine, hsm0_executor::test::test_leaf_transitions_between_trees::NoMessages>>::get_state_enter_cnt
FN:374,<hsm0_executor::test::test_sm_2s_get_names::StateMachine>::state1
FN:112,<hsm0_executor::StateMachineExecutor<hsm0_executor::test::test_sm_1s_no_enter_no_exit::StateMachine, hsm0_executor::test::test_sm_1s_no_enter_no_exit::NoMessages>>::get_sm
FN:108,<hsm0_executor::StateMachineExecutor<hsm0_executor::test::test_sm_1s_get_names::StateMachine, hsm0_executor::test::test_sm_1s_get_names::NoMessages>>::get_current_state_name
FN:177,<hsm0_executor::StateMachineExecutor<hsm0_executor::test::test_leaf_transitions_in_a_tree::StateMachine, hsm0_executor::test::test_leaf_transitions_in_a_tree::NoMessages>>::dispatch_idx
FN:444,<hsm0_executor::test::test_sm_1s_enter_no_exit::StateMachine>::state1
FN:89,<hsm0_executor::StateMachineExecutor<hsm0_executor::test::test_sm_2s_get_names::StateMachine, hsm0_executor::test::test_sm_2s_get_names::NoMessages>>::initialize
FN:872,<hsm0_executor::test::test_leaf_transitions_between_trees::StateMachine>::other_enter
FN:79,<hsm0_executor::StateMachineExecutor<hsm0_executor::test::test_sm_1s_enter_no_exit::StateMachine, hsm0_executor::test::test_sm_1s_enter_no_exit::Message>>::add_state
FN:177,<hsm0_executor::StateMachineExecutor<hsm0_executor::test::test_leaf_transitions_between_trees::StateMachine, hsm0_executor::test::test_leaf_transitions_between_trees::NoMessages>>::dispatch_idx
FN:588,<hsm0_executor::test::test_sm_1h_2s_not_handled_no_enter_no_exit::StateMachine>::parent
FN:79,<hsm0_executor::StateMachineExecutor<hsm0_executor::test::test_sm_1s_get_names::StateMachine, hsm0_executor::test::test_sm_1s_get_names::NoMessages>>::add_state
FN:596,<hsm0_executor::test::test_sm_1h_2s_not_handled_no_enter_no_exit::StateMachine>::child
FN:700,<hsm0_executor::test::test_leaf_transitions_in_a_tree::StateMachine>::initial_exit
FN:348,hsm0_executor::test::test_sm_2s_get_names::{closure#0}
FN:89,<hsm0_executor::StateMachineExecutor<hsm0_executor::test::test_sm_1s_enter_no_exit::StateMachine, hsm0_executor::test::test_sm_1s_enter_no_exit::Message>>::initialize
FN:116,<hsm0_executor::StateMachineExecutor<hsm0_executor::test::test_sm_1s_no_enter_no_exit::StateMachine, hsm0_executor::test::test_sm_1s_no_enter_no_exit::NoMessages>>::get_state_enter_cnt
FN:409,<hsm0_executor::test::test_sm_1s_enter_no_exit::StateMachine as core::default::Default>::default
FN:79,<hsm0_executor::StateMachineExecutor<hsm0_executor::test::test_sm_2s_get_names::StateMachine, hsm0_executor::test::test_sm_2s_get_names::NoMessages>>::add_state
FN:104,<hsm0_executor::StateMachineExecutor<hsm0_executor::test::test_sm_2s_get_names::StateMachine, hsm0_executor::test::test_sm_2s_get_names::NoMessages>>::get_state_name
FN:127,<hsm0_executor::StateMachineExecutor<hsm0_executor::test::test_leaf_transitions_in_a_tree::StateMachine, hsm0_executor::test::test_leaf_transitions_in_a_tree::NoMessages>>::setup_exit_enter_fns_idxs
FN:112,<hsm0_executor::StateMachineExecutor<hsm0_executor::test::test_sm_2s_no_enter_no_exit::StateMachine, hsm0_executor::test::test_sm_2s_no_enter_no_exit::Message>>::get_sm
FN:696,<hsm0_executor::test::test_leaf_transitions_in_a_tree::StateMachine>::initial
FN:555,<hsm0_executor::test::test_sm_1h_2s_not_handled_no_enter_no_exit::StateMachine as core::default::Default>::default
FN:806,<hsm0_executor::test::test_leaf_transitions_between_trees::StateMachine>::new
FN:709,<hsm0_executor::test::test_leaf_transitions_in_a_tree::StateMachine>::other_exit
FN:552,hsm0_executor::test::test_sm_1h_2s_not_handled_no_enter_no_exit::{closure#0}
FN:505,<hsm0_executor::test::test_sm_2s_no_enter_no_exit::StateMachine>::state1
FN:705,<hsm0_executor::test::test_leaf_transitions_in_a_tree::StateMachine>::other
FN:108,<hsm0_executor::StateMachineExecutor<hsm0_executor::test::test_sm_2s_get_names::StateMachine, hsm0_executor::test::test_sm_2s_get_names::NoMessages>>::get_current_state_name
FN:235,<hsm0_executor::StateMachineExecutor<hsm0_executor::test::test_sm_2s_get_names::StateMachine, hsm0_executor::test::test_sm_2s_get_names::NoMessages>>::dispatch
FN:177,<hsm0_executor::StateMachineExecutor<hsm0_executor::test::test_sm_2s_get_names::StateMachine, hsm0_executor::test::test_sm_2s_get_names::NoMessages>>::dispatch_idx
FN:79,<hsm0_executor::StateMachineExecutor<hsm0_executor::test::test_sm_2s_no_enter_no_exit::StateMachine, hsm0_executor::test::test_sm_2s_no_enter_no_exit::Message>>::add_state
FN:870,<hsm0_executor::test::test_leaf_transitions_between_trees::StateMachine>::other_base_exit
FN:123,<hsm0_executor::StateMachineExecutor<hsm0_executor::test::test_sm_1s_enter_no_exit::StateMachine, hsm0_executor::test::test_sm_1s_enter_no_exit::Message>>::get_state_exit_cnt
FN:65,<hsm0_executor::StateMachineExecutor<hsm0_executor::test::test_leaf_transitions_in_a_tree::StateMachine, hsm0_executor::test::test_leaf_transitions_in_a_tree::NoMessages>>::build
FN:89,<hsm0_executor::StateMachineExecutor<hsm0_executor::test::test_leaf_transitions_between_trees::StateMachine, hsm0_executor::test::test_leaf_transitions_between_trees::NoMessages>>::initialize
FN:28,<hsm0_executor::StateInfo<hsm0_executor::test::test_sm_2s_get_names::StateMachine, hsm0_executor::test::test_sm_2s_get_names::NoMessages>>::new
FN:313,<hsm0_executor::test::test_sm_1s_get_names::StateMachine>::new
FN:494,<hsm0_executor::test::test_sm_2s_no_enter_no_exit::StateMachine>::new
FN:127,<hsm0_executor::StateMachineExecutor<hsm0_executor::test::test_sm_2s_no_enter_no_exit::StateMachine, hsm0_executor::test::test_sm_2s_no_enter_no_exit::Message>>::setup_exit_enter_fns_idxs
FN:512,<hsm0_executor::test::test_sm_2s_no_enter_no_exit::StateMachine>::state2
FN:79,<hsm0_executor::StateMachineExecutor<hsm0_executor::test::test_sm_1h_2s_not_handled_no_enter_no_exit::StateMachine, hsm0_executor::test::test_sm_1h_2s_not_handled_no_enter_no_exit::Message>>::add_state
FNDA:1,<hsm0_executor::StateMachineExecutor<hsm0_executor::test::test_leaf_transitions_in_a_tree::StateMachine, hsm0_executor::test::test_leaf_transitions_in_a_tree::NoMessages>>::get_sm
FNDA:1,hsm0_executor::test::test_sm_1s_get_names::{closure#0}
FNDA:1,<hsm0_executor::StateMachineExecutor<hsm0_executor::test::test_sm_2s_no_enter_no_exit::StateMachine, hsm0_executor::test::test_sm_2s_no_enter_no_exit::Message>>::dispatch
FNDA:1,<hsm0_executor::StateInfo<hsm0_executor::test::test_sm_1s_no_enter_no_exit::StateMachine, hsm0_executor::test::test_sm_1s_no_enter_no_exit::NoMessages>>::new
FNDA:1,<hsm0_executor::StateMachineExecutor<hsm0_executor::test::test_leaf_transitions_between_trees::StateMachine, hsm0_executor::test::test_leaf_transitions_between_trees::NoMessages>>::dispatch
FNDA:1,<hsm0_executor::test::test_leaf_transitions_between_trees::StateMachine as core::default::Default>::default
FNDA:1,<hsm0_executor::StateMachineExecutor<hsm0_executor::test::test_sm_2s_no_enter_no_exit::StateMachine, hsm0_executor::test::test_sm_2s_no_enter_no_exit::Message>>::dispatch_idx
FNDA:1,<hsm0_executor::StateInfo<hsm0_executor::test::test_sm_2s_no_enter_no_exit::StateMachine, hsm0_executor::test::test_sm_2s_no_enter_no_exit::Message>>::new
FNDA:1,<hsm0_executor::StateMachineExecutor<hsm0_executor::test::test_leaf_transitions_in_a_tree::StateMachine, hsm0_executor::test::test_leaf_transitions_in_a_tree::NoMessages>>::dispatch
FNDA:0,<hsm0_executor::StateMachineExecutor<hsm0_executor::test::test_sm_1s_enter_no_exit::StateMachine, hsm0_executor::test::test_sm_1s_enter_no_exit::Message>>::setup_exit_enter_fns_idxs
FNDA:1,hsm0_executor::main
FNDA:1,<hsm0_executor::test::test_leaf_transitions_between_trees::StateMachine>::initial_base_exit
FNDA:1,<hsm0_executor::StateMachineExecutor<hsm0_executor::test::test_sm_1s_enter_no_exit::StateMachine, hsm0_executor::test::test_sm_1s_enter_no_exit::Message>>::build
FNDA:1,<hsm0_executor::StateMachineExecutor<hsm0_executor::test::test_sm_2s_no_enter_no_exit::StateMachine, hsm0_executor::test::test_sm_2s_no_enter_no_exit::Message>>::initialize
FNDA:1,<hsm0_executor::StateMachineExecutor<hsm0_executor::test::test_sm_1s_no_enter_no_exit::StateMachine, hsm0_executor::test::test_sm_1s_no_enter_no_exit::NoMessages>>::dispatch
FNDA:1,<hsm0_executor::StateMachineExecutor<hsm0_executor::test::test_leaf_transitions_between_trees::StateMachine, hsm0_executor::test::test_leaf_transitions_between_trees::NoMessages>>::add_state
FNDA:1,hsm0_executor::test::test_sm_2s_no_enter_no_exit::{closure#0}
FNDA:0,<hsm0_executor::StateMachineExecutor<hsm0_executor::test::test_sm_1h_2s_not_handled_no_enter_no_exit::StateMachine, hsm0_executor::test::test_sm_1h_2s_not_handled_no_enter_no_exit::Message>>::setup_exit_enter_fns_idxs
FNDA:1,<hsm0_executor::StateMachineExecutor<hsm0_executor::test::test_sm_1s_no_enter_no_exit::StateMachine, hsm0_executor::test::test_sm_1s_no_enter_no_exit::NoMessages>>::build
FNDA:1,<hsm0_executor::StateMachineExecutor<hsm0_executor::test::test_sm_2s_no_enter_no_exit::StateMachine, hsm0_executor::test::test_sm_2s_no_enter_no_exit::Message>>::get_state_enter_cnt
FNDA:1,<hsm0_executor::test::test_leaf_transitions_between_trees::StateMachine>::initial_exit
FNDA:1,<hsm0_executor::test::test_leaf_transitions_in_a_tree::StateMachine>::new
FNDA:1,<hsm0_executor::test::test_sm_1s_no_enter_no_exit::StateMachine>::state1
FNDA:1,<hsm0_executor::test::test_sm_1s_get_names::StateMachine>::state1
FNDA:1,<hsm0_executor::StateMachineExecutor<hsm0_executor::test::test_sm_1s_no_enter_no_exit::StateMachine, hsm0_executor::test::test_sm_1s_no_enter_no_exit::NoMessages>>::add_state
FNDA:1,<hsm0_executor::StateMachineExecutor<hsm0_executor::test::test_sm_1s_get_names::StateMachine, hsm0_executor::test::test_sm_1s_get_names::NoMessages>>::get_sm
FNDA:1,<hsm0_executor::StateMachineExecutor<hsm0_executor::test::test_sm_1s_get_names::StateMachine, hsm0_executor::test::test_sm_1s_get_names::NoMessages>>::dispatch
FNDA:1,<hsm0_executor::StateMachineExecutor<hsm0_executor::test::test_sm_1s_no_enter_no_exit::StateMachine, hsm0_executor::test::test_sm_1s_no_enter_no_exit::NoMessages>>::dispatch_idx
FNDA:1,<hsm0_executor::test::test_sm_1s_no_enter_no_exit::StateMachine>::new
FNDA:1,<hsm0_executor::StateMachineExecutor<hsm0_executor::test::test_sm_2s_no_enter_no_exit::StateMachine, hsm0_executor::test::test_sm_2s_no_enter_no_exit::Message>>::build
FNDA:1,<hsm0_executor::StateMachineExecutor<hsm0_executor::test::test_sm_1h_2s_not_handled_no_enter_no_exit::StateMachine, hsm0_executor::test::test_sm_1h_2s_not_handled_no_enter_no_exit::Message>>::get_state_process_cnt
FNDA:1,<hsm0_executor::StateMachineExecutor<hsm0_executor::test::test_sm_2s_no_enter_no_exit::StateMachine, hsm0_executor::test::test_sm_2s_no_enter_no_exit::Message>>::get_state_process_cnt
FNDA:1,<hsm0_executor::StateMachineExecutor<hsm0_executor::test::test_leaf_transitions_in_a_tree::StateMachine, hsm0_executor::test::test_leaf_transitions_in_a_tree::NoMessages>>::get_state_enter_cnt
FNDA:1,<hsm0_executor::test::test_sm_1h_2s_not_handled_no_enter_no_exit::StateMachine>::new
FNDA:1,<hsm0_executor::StateInfo<hsm0_executor::test::test_sm_1h_2s_not_handled_no_enter_no_exit::StateMachine, hsm0_executor::test::test_sm_1h_2s_not_handled_no_enter_no_exit::Message>>::new
FNDA:1,hsm0_executor::test::test_sm_1s_enter_no_exit::{closure#0}
FNDA:1,<hsm0_executor::StateMachineExecutor<hsm0_executor::test::test_leaf_transitions_in_a_tree::StateMachine, hsm0_executor::test::test_leaf_transitions_in_a_tree::NoMessages>>::get_state_process_cnt
FNDA:1,<hsm0_executor::StateMachineExecutor<hsm0_executor::test::test_leaf_transitions_in_a_tree::StateMachine, hsm0_executor::test::test_leaf_transitions_in_a_tree::NoMessages>>::add_state
FNDA:1,<hsm0_executor::StateMachineExecutor<hsm0_executor::test::test_leaf_transitions_between_trees::StateMachine, hsm0_executor::test::test_leaf_transitions_between_trees::NoMessages>>::setup_exit_enter_fns_idxs
FNDA:1,<hsm0_executor::test::test_leaf_transitions_between_trees::StateMachine>::initial_enter
FNDA:1,<hsm0_executor::test::test_leaf_transitions_between_trees::StateMachine>::initial
FNDA:1,<hsm0_executor::StateMachineExecutor<hsm0_executor::test::test_sm_1s_no_enter_no_exit::StateMachine, hsm0_executor::test::test_sm_1s_no_enter_no_exit::NoMessages>>::initialize
FNDA:1,<hsm0_executor::StateMachineExecutor<hsm0_executor::test::test_sm_1s_get_names::StateMachine, hsm0_executor::test::test_sm_1s_get_names::NoMessages>>::get_state_name
FNDA:1,<hsm0_executor::StateMachineExecutor<hsm0_executor::test::test_sm_1h_2s_not_handled_no_enter_no_exit::StateMachine, hsm0_executor::test::test_sm_1h_2s_not_handled_no_enter_no_exit::Message>>::get_state_exit_cnt
FNDA:1,hsm0_executor::test::test_leaf_transitions_in_a_tree::{closure#0}
FNDA:1,<hsm0_executor::StateMachineExecutor<hsm0_executor::test::test_sm_1s_get_names::StateMachine, hsm0_executor::test::test_sm_1s_get_names::NoMessages>>::dispatch_idx
FNDA:1,<hsm0_executor::test::test_sm_2s_no_enter_no_exit::StateMachine as core::default::Default>::default
FNDA:1,<hsm0_executor::StateMachineExecutor<hsm0_executor::test::test_sm_2s_no_enter_no_exit::StateMachine, hsm0_executor::test::test_sm_2s_no_enter_no_exit::Message>>::get_state_exit_cnt
FNDA:1,<hsm0_executor::StateInfo<hsm0_executor::test::test_sm_1s_get_names::StateMachine, hsm0_executor::test::test_sm_1s_get_names::NoMessages>>::new
FNDA:1,<hsm0_executor::StateMachineExecutor<hsm0_executor::test::test_leaf_transitions_between_trees::StateMachine, hsm0_executor::test::test_leaf_transitions_between_trees::NoMessages>>::build
FNDA:1,<hsm0_executor::StateMachineExecutor<hsm0_executor::test::test_sm_1s_enter_no_exit::StateMachine, hsm0_executor::test::test_sm_1s_enter_no_exit::Message>>::dispatch
FNDA:1,<hsm0_executor::StateMachineExecutor<hsm0_executor::test::test_sm_1h_2s_not_handled_no_enter_no_exit::StateMachine, hsm0_executor::test::test_sm_1h_2s_not_handled_no_enter_no_exit::Message>>::get_state_enter_cnt
FNDA:1,hsm0_executor::test::test_leaf_transitions_between_trees::{closure#0}
FNDA:1,<hsm0_executor::StateMachineExecutor<hsm0_executor::test::test_sm_1s_enter_no_exit::StateMachine, hsm0_executor::test::test_sm_1s_enter_no_exit::Message>>::dispatch_idx
FNDA:1,<hsm0_executor::test::test_sm_1s_enter_no_exit::StateMachine>::new
FNDA:1,<hsm0_executor::StateInfo<hsm0_executor::test::test_leaf_transitions_between_trees::StateMachine, hsm0_executor::test::test_leaf_transitions_between_trees::NoMessages>>::new
FNDA:1,<hsm0_executor::test::test_leaf_transitions_between_trees::StateMachine>::initial_base_enter
FNDA:1,<hsm0_executor::StateMachineExecutor<hsm0_executor::test::test_sm_1s_get_names::StateMachine, hsm0_executor::test::test_sm_1s_get_names::NoMessages>>::build
FNDA:1,<hsm0_executor::StateMachineExecutor<hsm0_executor::test::test_sm_1s_get_names::StateMachine, hsm0_executor::test::test_sm_1s_get_names::NoMessages>>::initialize
FNDA:1,<hsm0_executor::test::test_leaf_transitions_in_a_tree::StateMachine as core::default::Default>::default
FNDA:1,<hsm0_executor::test::test_sm_2s_get_names::StateMachine>::state2
FNDA:1,<hsm0_executor::StateMachineExecutor<hsm0_executor::test::test_leaf_transitions_in_a_tree::StateMachine, hsm0_executor::test::test_leaf_transitions_in_a_tree::NoMessages>>::initialize
FNDA:1,<hsm0_executor::StateMachineExecutor<hsm0_executor::test::test_sm_2s_get_names::StateMachine, hsm0_executor::test::test_sm_2s_get_names::NoMessages>>::setup_exit_enter_fns_idxs
FNDA:1,<hsm0_executor::StateMachineExecutor<hsm0_executor::test::test_sm_1s_enter_no_exit::StateMachine, hsm0_executor::test::test_sm_1s_enter_no_exit::Message>>::get_state_process_cnt
FNDA:1,<hsm0_executor::StateMachineExecutor<hsm0_executor::test::test_leaf_transitions_between_trees::StateMachine, hsm0_executor::test::test_leaf_transitions_between_trees::NoMessages>>::get_state_exit_cnt
FNDA:1,<hsm0_executor::StateMachineExecutor<hsm0_executor::test::test_sm_1s_no_enter_no_exit::StateMachine, hsm0_executor::test::test_sm_1s_no_enter_no_exit::NoMessages>>::get_state_exit_cnt
FNDA:1,<hsm0_executor::StateMachineExecutor<hsm0_executor::test::test_leaf_transitions_in_a_tree::StateMachine, hsm0_executor::test::test_leaf_transitions_in_a_tree::NoMessages>>::get_state_exit_cnt
FNDA:1,<hsm0_executor::StateMachineExecutor<hsm0_executor::test::test_sm_1h_2s_not_handled_no_enter_no_exit::StateMachine, hsm0_executor::test::test_sm_1h_2s_not_handled_no_enter_no_exit::Message>>::get_sm
FNDA:1,<hsm0_executor::test::test_leaf_transitions_between_trees::StateMachine>::other_base_enter
FNDA:1,<hsm0_executor::test::test_leaf_transitions_in_a_tree::StateMachine>::initial_enter
FNDA:1,<hsm0_executor::StateMachineExecutor<hsm0_executor::test::test_sm_1h_2s_not_handled_no_enter_no_exit::StateMachine, hsm0_executor::test::test_sm_1h_2s_not_handled_no_enter_no_exit::Message>>::dispatch
FNDA:1,<hsm0_executor::StateMachineExecutor<hsm0_executor::test::test_sm_1s_enter_no_exit::StateMachine, hsm0_executor::test::test_sm_1s_enter_no_exit::Message>>::get_sm
FNDA:1,<hsm0_executor::StateMachineExecutor<hsm0_executor::test::test_leaf_transitions_between_trees::StateMachine, hsm0_executor::test::test_leaf_transitions_between_trees::NoMessages>>::get_sm
FNDA:1,<hsm0_executor::test::test_sm_2s_get_names::StateMachine>::new
FNDA:1,<hsm0_executor::test::test_sm_1s_enter_no_exit::StateMachine>::state1_enter
FNDA:1,<hsm0_executor::StateInfo<hsm0_executor::test::test_sm_1s_enter_no_exit::StateMachine, hsm0_executor::test::test_sm_1s_enter_no_exit::Message>>::new
FNDA:0,<hsm0_executor::StateMachineExecutor<hsm0_executor::test::test_sm_1s_no_enter_no_exit::StateMachine, hsm0_executor::test::test_sm_1s_no_enter_no_exit::NoMessages>>::setup_exit_enter_fns_idxs
FNDA:1,<hsm0_executor::StateMachineExecutor<hsm0_executor::test::test_leaf_transitions_between_trees::StateMachine, hsm0_executor::test::test_leaf_transitions_between_trees::NoMessages>>::get_state_process_cnt
FNDA:1,<hsm0_executor::test::test_leaf_transitions_between_trees::StateMachine>::other_exit
FNDA:0,<hsm0_executor::StateMachineExecutor<hsm0_executor::test::test_sm_1s_get_names::StateMachine, hsm0_executor::test::test_sm_1s_get_names::NoMessages>>::setup_exit_enter_fns_idxs
FNDA:1,<hsm0_executor::StateMachineExecutor<hsm0_executor::test::test_sm_1h_2s_not_handled_no_enter_no_exit::StateMachine, hsm0_executor::test::test_sm_1h_2s_not_handled_no_enter_no_exit::Message>>::build
FNDA:1,<hsm0_executor::StateMachineExecutor<hsm0_executor::test::test_sm_1h_2s_not_handled_no_enter_no_exit::StateMachine, hsm0_executor::test::test_sm_1h_2s_not_handled_no_enter_no_exit::Message>>::dispatch_idx
FNDA:1,<hsm0_executor::test::test_leaf_transitions_between_trees::StateMachine>::other
FNDA:1,<hsm0_executor::test::test_leaf_transitions_in_a_tree::StateMachine>::base_enter
FNDA:1,<hsm0_executor::StateMachineExecutor<hsm0_executor::test::test_sm_2s_get_names::StateMachine, hsm0_executor::test::test_sm_2s_get_names::NoMessages>>::get_sm
FNDA:1,<hsm0_executor::StateMachineExecutor<hsm0_executor::test::test_sm_1s_no_enter_no_exit::StateMachine, hsm0_executor::test::test_sm_1s_no_enter_no_exit::NoMessages>>::get_state_process_cnt
FNDA:1,<hsm0_executor::StateInfo<hsm0_executor::test::test_leaf_transitions_in_a_tree::StateMachine, hsm0_executor::test::test_leaf_transitions_in_a_tree::NoMessages>>::new
FNDA:1,<hsm0_executor::StateMachineExecutor<hsm0_executor::test::test_sm_1h_2s_not_handled_no_enter_no_exit::StateMachine, hsm0_executor::test::test_sm_1h_2s_not_handled_no_enter_no_exit::Message>>::initialize
FNDA:1,<hsm0_executor::StateMachineExecutor<hsm0_executor::test::test_sm_2s_get_names::StateMachine, hsm0_executor::test::test_sm_2s_get_names::NoMessages>>::build
FNDA:1,<hsm0_executor::test::test_leaf_transitions_in_a_tree::StateMachine>::other_enter
FNDA:1,hsm0_executor::test::test_sm_1s_no_enter_no_exit::{closure#0}
FNDA:1,<hsm0_executor::StateMachineExecutor<hsm0_executor::test::test_sm_1s_enter_no_exit::StateMachine, hsm0_executor::test::test_sm_1s_enter_no_exit::Message>>::get_state_enter_cnt
FNDA:1,<hsm0_executor::StateMachineExecutor<hsm0_executor::test::test_leaf_transitions_between_trees::StateMachine, hsm0_executor::test::test_leaf_transitions_between_trees::NoMessages>>::get_state_enter_cnt
FNDA:1,<hsm0_executor::test::test_sm_2s_get_names::StateMachine>::state1
FNDA:1,<hsm0_executor::StateMachineExecutor<hsm0_executor::test::test_sm_1s_no_enter_no_exit::StateMachine, hsm0_executor::test::test_sm_1s_no_enter_no_exit::NoMessages>>::get_sm
FNDA:1,<hsm0_executor::StateMachineExecutor<hsm0_executor::test::test_sm_1s_get_names::StateMachine, hsm0_executor::test::test_sm_1s_get_names::NoMessages>>::get_current_state_name
FNDA:1,<hsm0_executor::StateMachineExecutor<hsm0_executor::test::test_leaf_transitions_in_a_tree::StateMachine, hsm0_executor::test::test_leaf_transitions_in_a_tree::NoMessages>>::dispatch_idx
FNDA:1,<hsm0_executor::test::test_sm_1s_enter_no_exit::StateMachine>::state1
FNDA:1,<hsm0_executor::StateMachineExecutor<hsm0_executor::test::test_sm_2s_get_names::StateMachine, hsm0_executor::test::test_sm_2s_get_names::NoMessages>>::initialize
FNDA:1,<hsm0_executor::test::test_leaf_transitions_between_trees::StateMachine>::other_enter
FNDA:1,<hsm0_executor::StateMachineExecutor<hsm0_executor::test::test_sm_1s_enter_no_exit::StateMachine, hsm0_executor::test::test_sm_1s_enter_no_exit::Message>>::add_state
FNDA:1,<hsm0_executor::StateMachineExecutor<hsm0_executor::test::test_leaf_transitions_between_trees::StateMachine, hsm0_executor::test::test_leaf_transitions_between_trees::NoMessages>>::dispatch_idx
FNDA:1,<hsm0_executor::test::test_sm_1h_2s_not_handled_no_enter_no_exit::StateMachine>::parent
FNDA:1,<hsm0_executor::StateMachineExecutor<hsm0_executor::test::test_sm_1s_get_names::StateMachine, hsm0_executor::test::test_sm_1s_get_names::NoMessages>>::add_state
FNDA:1,<hsm0_executor::test::test_sm_1h_2s_not_handled_no_enter_no_exit::StateMachine>::child
FNDA:1,<hsm0_executor::test::test_leaf_transitions_in_a_tree::StateMachine>::initial_exit
FNDA:1,hsm0_executor::test::test_sm_2s_get_names::{closure#0}
FNDA:1,<hsm0_executor::StateMachineExecutor<hsm0_executor::test::test_sm_1s_enter_no_exit::StateMachine, hsm0_executor::test::test_sm_1s_enter_no_exit::Message>>::initialize
FNDA:1,<hsm0_executor::StateMachineExecutor<hsm0_executor::test::test_sm_1s_no_enter_no_exit::StateMachine, hsm0_executor::test::test_sm_1s_no_enter_no_exit::NoMessages>>::get_state_enter_cnt
FNDA:1,<hsm0_executor::test::test_sm_1s_enter_no_exit::StateMachine as core::default::Default>::default
FNDA:1,<hsm0_executor::StateMachineExecutor<hsm0_executor::test::test_sm_2s_get_names::StateMachine, hsm0_executor::test::test_sm_2s_get_names::NoMessages>>::add_state
FNDA:1,<hsm0_executor::StateMachineExecutor<hsm0_executor::test::test_sm_2s_get_names::StateMachine, hsm0_executor::test::test_sm_2s_get_names::NoMessages>>::get_state_name
FNDA:1,<hsm0_executor::StateMachineExecutor<hsm0_executor::test::test_leaf_transitions_in_a_tree::StateMachine, hsm0_executor::test::test_leaf_transitions_in_a_tree::NoMessages>>::setup_exit_enter_fns_idxs
FNDA:1,<hsm0_executor::StateMachineExecutor<hsm0_executor::test::test_sm_2s_no_enter_no_exit::StateMachine, hsm0_executor::test::test_sm_2s_no_enter_no_exit::Message>>::get_sm
FNDA:1,<hsm0_executor::test::test_leaf_transitions_in_a_tree::StateMachine>::initial
FNDA:1,<hsm0_executor::test::test_sm_1h_2s_not_handled_no_enter_no_exit::StateMachine as core::default::Default>::default
FNDA:1,<hsm0_executor::test::test_leaf_transitions_between_trees::StateMachine>::new
FNDA:1,<hsm0_executor::test::test_leaf_transitions_in_a_tree::StateMachine>::other_exit
FNDA:1,hsm0_executor::test::test_sm_1h_2s_not_handled_no_enter_no_exit::{closure#0}
FNDA:1,<hsm0_executor::test::test_sm_2s_no_enter_no_exit::StateMachine>::state1
FNDA:1,<hsm0_executor::test::test_leaf_transitions_in_a_tree::StateMachine>::other
FNDA:1,<hsm0_executor::StateMachineExecutor<hsm0_executor::test::test_sm_2s_get_names::StateMachine, hsm0_executor::test::test_sm_2s_get_names::NoMessages>>::get_current_state_name
FNDA:1,<hsm0_executor::StateMachineExecutor<hsm0_executor::test::test_sm_2s_get_names::StateMachine, hsm0_executor::test::test_sm_2s_get_names::NoMessages>>::dispatch
FNDA:1,<hsm0_executor::StateMachineExecutor<hsm0_executor::test::test_sm_2s_get_names::StateMachine, hsm0_executor::test::test_sm_2s_get_names::NoMessages>>::dispatch_idx
FNDA:1,<hsm0_executor::StateMachineExecutor<hsm0_executor::test::test_sm_2s_no_enter_no_exit::StateMachine, hsm0_executor::test::test_sm_2s_no_enter_no_exit::Message>>::add_state
FNDA:1,<hsm0_executor::test::test_leaf_transitions_between_trees::StateMachine>::other_base_exit
FNDA:1,<hsm0_executor::StateMachineExecutor<hsm0_executor::test::test_sm_1s_enter_no_exit::StateMachine, hsm0_executor::test::test_sm_1s_enter_no_exit::Message>>::get_state_exit_cnt
FNDA:1,<hsm0_executor::StateMachineExecutor<hsm0_executor::test::test_leaf_transitions_in_a_tree::StateMachine, hsm0_executor::test::test_leaf_transitions_in_a_tree::NoMessages>>::build
FNDA:1,<hsm0_executor::StateMachineExecutor<hsm0_executor::test::test_leaf_transitions_between_trees::StateMachine, hsm0_executor::test::test_leaf_transitions_between_trees::NoMessages>>::initialize
FNDA:1,<hsm0_executor::StateInfo<hsm0_executor::test::test_sm_2s_get_names::StateMachine, hsm0_executor::test::test_sm_2s_get_names::NoMessages>>::new
FNDA:1,<hsm0_executor::test::test_sm_1s_get_names::StateMachine>::new
FNDA:1,<hsm0_executor::test::test_sm_2s_no_enter_no_exit::StateMachine>::new
FNDA:1,<hsm0_executor::StateMachineExecutor<hsm0_executor::test::test_sm_2s_no_enter_no_exit::StateMachine, hsm0_executor::test::test_sm_2s_no_enter_no_exit::Message>>::setup_exit_enter_fns_idxs
FNDA:1,<hsm0_executor::test::test_sm_2s_no_enter_no_exit::StateMachine>::state2
FNDA:1,<hsm0_executor::StateMachineExecutor<hsm0_executor::test::test_sm_1h_2s_not_handled_no_enter_no_exit::StateMachine, hsm0_executor::test::test_sm_1h_2s_not_handled_no_enter_no_exit::Message>>::add_state
FNF:135
FNH:131
BRF:0
BRH:0
DA:1,1
DA:28,16
DA:29,16
DA:30,16
DA:31,16
DA:32,16
DA:33,16
DA:34,16
DA:35,16
DA:36,16
DA:37,16
DA:38,16
DA:39,16
DA:40,16
DA:41,16
DA:42,16
DA:43,16
DA:44,16
DA:45,16
DA:46,16
DA:65,8
DA:66,8
DA:67,8
DA:68,8
DA:69,8
DA:70,8
DA:71,8
DA:72,8
DA:73,8
DA:74,8
DA:75,8
DA:76,8
DA:79,16
DA:80,16
DA:81,16
DA:82,16
DA:83,16
DA:89,8
DA:90,8
DA:91,8
DA:92,8
DA:93,8
DA:96,11
DA:97,3
DA:98,3
DA:99,3
DA:100,3
DA:101,3
DA:102,8
DA:104,12
DA:105,12
DA:106,12
DA:108,6
DA:109,6
DA:110,6
DA:112,24
DA:113,24
DA:114,24
DA:116,60
DA:117,60
DA:118,60
DA:119,60
DA:120,60
DA:121,60
DA:123,60
DA:124,60
DA:125,60
DA:127,14
DA:128,14
DA:131,19
DA:132,19
DA:133,19
DA:135,19
DA:136,10
DA:140,9
DA:143,10
DA:147,5
DA:148,5
DA:156,14
DA:157,14
DA:158,14
DA:159,14
DA:160,14
DA:161,14
DA:163,19
DA:164,10
DA:165,10
DA:166,10
DA:169,5
DA:170,5
DA:171,5
DA:172,5
DA:173,5
DA:175,14
DA:177,24
DA:178,24
DA:179,24
DA:180,24
DA:182,43
DA:183,25
DA:184,17
DA:185,17
DA:186,17
DA:187,17
DA:188,17
DA:190,18
DA:191,6
DA:196,24
DA:197,24
DA:199,2
DA:200,2
DA:201,2
DA:202,2
DA:207,8
DA:208,8
DA:209,8
DA:210,8
DA:211,14
DA:212,14
DA:213,14
DA:214,14
DA:215,14
DA:216,14
DA:217,14
DA:218,14
DA:221,24
DA:222,33
DA:223,19
DA:224,15
DA:225,15
DA:226,15
DA:227,15
DA:228,15
DA:230,10
DA:233,24
DA:235,22
DA:236,22
DA:237,22
DA:238,22
DA:239,22
DA:246,1
DA:260,1
DA:261,1
DA:262,1
DA:263,1
DA:264,1
DA:265,1
DA:266,1
DA:267,1
DA:268,1
DA:270,2
DA:271,2
DA:272,2
DA:273,2
DA:274,2
DA:299,1
DA:313,1
DA:314,1
DA:315,1
DA:316,1
DA:317,1
DA:318,1
DA:319,1
DA:320,1
DA:321,1
DA:323,2
DA:324,2
DA:325,2
DA:326,2
DA:327,2
DA:348,1
DA:363,1
DA:364,1
DA:365,1
DA:366,1
DA:367,1
DA:368,1
DA:369,1
DA:370,1
DA:371,1
DA:372,1
DA:374,1
DA:375,1
DA:376,1
DA:377,1
DA:378,1
DA:380,1
DA:381,1
DA:382,1
DA:383,1
DA:384,1
DA:406,1
DA:409,1
DA:424,1
DA:425,1
DA:426,1
DA:427,1
DA:428,1
DA:429,1
DA:430,1
DA:431,1
DA:432,1
DA:433,1
DA:434,1
DA:435,1
DA:436,1
DA:437,1
DA:438,1
DA:440,1
DA:441,1
DA:442,1
DA:444,2
DA:445,2
DA:446,1
DA:447,1
DA:449,2
DA:450,2
DA:476,1
DA:479,1
DA:494,1
DA:495,1
DA:496,1
DA:497,1
DA:498,1
DA:499,1
DA:500,1
DA:501,1
DA:502,1
DA:503,1
DA:505,1
DA:506,1
DA:507,1
DA:508,1
DA:509,1
DA:510,1
DA:512,1
DA:513,1
DA:514,1
DA:515,1
DA:516,1
DA:517,1
DA:552,1
DA:555,1
DA:571,1
DA:572,1
DA:573,1
DA:574,1
DA:575,1
DA:576,1
DA:577,1
DA:578,1
DA:579,1
DA:580,1
DA:581,1
DA:582,1
DA:583,1
DA:584,1
DA:585,1
DA:586,1
DA:588,2
DA:589,2
DA:590,1
DA:591,1
DA:593,2
DA:594,2
DA:596,2
DA:597,2
DA:598,2
DA:631,1
DA:643,1
DA:655,1
DA:656,1
DA:657,1
DA:658,1
DA:659,1
DA:660,1
DA:661,1
DA:662,1
DA:663,1
DA:664,1
DA:665,1
DA:666,1
DA:667,1
DA:668,1
DA:669,1
DA:670,1
DA:671,1
DA:672,1
DA:673,1
DA:674,1
DA:675,1
DA:676,1
DA:677,1
DA:678,1
DA:679,1
DA:680,1
DA:681,1
DA:682,1
DA:683,1
DA:685,1
DA:693,3
DA:696,3
DA:697,3
DA:698,3
DA:700,3
DA:702,2
DA:705,2
DA:706,2
DA:707,2
DA:709,2
DA:781,1
DA:793,1
DA:806,1
DA:807,1
DA:808,1
DA:809,1
DA:810,1
DA:811,1
DA:812,1
DA:813,1
DA:814,1
DA:815,1
DA:816,1
DA:817,1
DA:818,1
DA:819,1
DA:820,1
DA:821,1
DA:822,1
DA:823,1
DA:824,1
DA:825,1
DA:826,1
DA:827,1
DA:828,1
DA:829,1
DA:830,1
DA:831,1
DA:832,1
DA:833,1
DA:834,1
DA:835,1
DA:836,1
DA:837,1
DA:838,1
DA:839,1
DA:840,1
DA:841,1
DA:843,3
DA:851,3
DA:853,3
DA:856,3
DA:857,3
DA:858,3
DA:860,3
DA:862,2
DA:870,2
DA:872,2
DA:875,2
DA:876,2
DA:877,2
DA:879,2
LF:362
LH:362
end_of_record
